-rw-r--r-- 1 jo jo 6046 Nov 19  2020 TN/Copied/LaoTzuQuotes.md
-rw-r--r-- 1 jo jo 29645 Dec  7  2020 TN/Copied/LaoTzuQuotes.pdf
-rw-r--r-- 1 jo jo 18477 Nov 19  2020 TN/Copied/Riddles.md
-rw-r--r-- 1 jo jo 45277 Dec  7  2020 TN/Copied/Riddles.pdf
-rw-r--r-- 1 jo jo 78196 Feb 11 10:30 TN/JH-Contacts/Contacts.md
-rw-r--r-- 1 jo jo 208551 Feb  6 23:33 TN/JH-Contacts/Contacts.pdf
Pandoc'd TN/JH-Contacts/Contacts.md
-rw-r--r-- 1 jo jo 12377 Jan 27 14:46 TN/JH-Contacts/France/France.md
-rw-r--r-- 1 jo jo 61188 Jan 29 14:23 TN/JH-Contacts/France/France.pdf
-rw-r--r-- 1 jo jo 3404 Jan 29 16:19 TN/JH-Contacts/France/IdF/23rueErmitage-residents.md
-rw-r--r-- 1 jo jo 43162 Jan 30 08:58 TN/JH-Contacts/France/IdF/23rueErmitage-residents.pdf
-rw-r--r-- 1 jo jo 21744 Feb 13 20:55 TN/JH-Contacts/France/IdF/IdF.md
-rw-r--r-- 1 jo jo 85633 Feb  6 23:33 TN/JH-Contacts/France/IdF/IdF.pdf
Pandoc'd TN/JH-Contacts/France/IdF/IdF.md
-rw-r--r-- 1 jo jo 6996 Jan 17 14:08 TN/JH-Contacts/nonUKFriends.md
-rw-r--r-- 1 jo jo 47016 Jan 18 09:47 TN/JH-Contacts/nonUKFriends.pdf
-rw-r--r-- 1 jo jo 9718 Apr 16  2021 TN/JH-Contacts/UKWork.md
-rw-r--r-- 1 jo jo 53968 Apr 16  2021 TN/JH-Contacts/UKWork.pdf
-rw-r--r-- 1 jo jo 23504 Nov 19  2020 TN/JH-DailyLife/Agenda/b-f.md
-rw-r--r-- 1 jo jo 93694 Dec  7  2020 TN/JH-DailyLife/Agenda/b-f.pdf
-rw-r--r-- 1 jo jo 27476 Feb 10 08:47 TN/JH-DailyLife/Agenda/gcq-.md
-rw-r--r-- 1 jo jo 102769 Feb  6 23:14 TN/JH-DailyLife/Agenda/gcq-.pdf
Pandoc'd TN/JH-DailyLife/Agenda/gcq-.md
-rw-r--r-- 1 jo jo 9478 Nov 19  2020 TN/JH-DailyLife/Agenda/g.md
-rw-r--r-- 1 jo jo 54362 Dec  7  2020 TN/JH-DailyLife/Agenda/g.pdf
-rw-r--r-- 1 jo jo 14654 Nov 19  2020 TN/JH-DailyLife/Agenda/i.md
-rw-r--r-- 1 jo jo 72842 Dec  7  2020 TN/JH-DailyLife/Agenda/i.pdf
-rw-r--r-- 1 jo jo 195363 Feb  9 22:54 TN/JH-DailyLife/DailyLife.md
-rw-r--r-- 1 jo jo 307005 Feb 10 00:05 TN/JH-DailyLife/DailyLife.pdf
-rw-r--r-- 1 jo jo 6260 Nov 19  2020 TN/JH-DailyLife/DeauramTeeth.md
-rw-r--r-- 1 jo jo 36950 Dec  7  2020 TN/JH-DailyLife/DeauramTeeth.pdf
-rw-r--r-- 1 jo jo 17469 May 15  2021 TN/JH-DailyLife/Europe/Belgium/Belgium.md
-rw-r--r-- 1 jo jo 63839 May 18  2021 TN/JH-DailyLife/Europe/Belgium/Belgium.pdf
-rw-r--r-- 1 jo jo 5815 Jan 25  2021 TN/JH-DailyLife/Europe/Belgium/Wallonne.md
-rw-r--r-- 1 jo jo 40322 Jan 25  2021 TN/JH-DailyLife/Europe/Belgium/Wallonne.pdf
-rw-r--r-- 1 jo jo 20734 Jan 17 11:53 TN/JH-DailyLife/Europe/DutchProvinces.md
-rw-r--r-- 1 jo jo 69504 Jan 18 09:31 TN/JH-DailyLife/Europe/DutchProvinces.pdf
-rw-r--r-- 1 jo jo 79994 Feb  4 07:29 TN/JH-DailyLife/Europe/Europe.md
-rw-r--r-- 1 jo jo 170819 Feb  6 23:21 TN/JH-DailyLife/Europe/Europe.pdf
-rw-r--r-- 1 jo jo 18964 Jan 31 12:36 TN/JH-DailyLife/Europe/France/Assurance/ameli.md
-rw-r--r-- 1 jo jo 67542 Feb  6 23:25 TN/JH-DailyLife/Europe/France/Assurance/ameli.pdf
-rw-r--r-- 1 jo jo 30039 Jan 31 12:52 TN/JH-DailyLife/Europe/France/Assurance/AssurancePersonnes.md
-rw-r--r-- 1 jo jo 88825 Feb  8 22:54 TN/JH-DailyLife/Europe/France/Assurance/AssurancePersonnes.pdf
-rw-r--r-- 1 jo jo 11423 Jan 15 11:15 TN/JH-DailyLife/Europe/France/Assurance/MAAF.md
-rw-r--r-- 1 jo jo 56161 Jan 18 09:34 TN/JH-DailyLife/Europe/France/Assurance/MAAF.pdf
-rw-r--r-- 1 jo jo 11147 Nov 19  2020 TN/JH-DailyLife/Europe/France/Education/Educadroit/Educadroit.md
-rw-r--r-- 1 jo jo 58299 Dec  7  2020 TN/JH-DailyLife/Europe/France/Education/Educadroit/Educadroit.pdf
-rw-r--r-- 1 jo jo 10778 Nov 19  2020 TN/JH-DailyLife/Europe/France/Education/Educadroit/Film.md
-rw-r--r-- 1 jo jo 51350 Dec  7  2020 TN/JH-DailyLife/Europe/France/Education/Educadroit/Film.pdf
-rw-r--r-- 1 jo jo 113079 Jan 11 13:35 TN/JH-DailyLife/Europe/France/Education/Education.md
-rw-r--r-- 1 jo jo 200047 Jan 11 14:12 TN/JH-DailyLife/Europe/France/Education/Education.pdf
-rw-r--r-- 1 jo jo 10970 Sep 29 11:44 TN/JH-DailyLife/Europe/France/Education/learnFrench.md
-rw-r--r-- 1 jo jo 43653 Oct  2 06:53 TN/JH-DailyLife/Europe/France/Education/learnFrench.pdf
-rw-r--r-- 1 jo jo 29794 Jul 25  2021 TN/JH-DailyLife/Europe/France/Education/Public.md
-rw-r--r-- 1 jo jo 79477 Aug  3  2021 TN/JH-DailyLife/Europe/France/Education/Public.pdf
-rw-r--r-- 1 jo jo 137454 Feb  4 09:05 TN/JH-DailyLife/Europe/France/France.md
-rw-r--r-- 1 jo jo 260474 Feb  6 23:24 TN/JH-DailyLife/Europe/France/France.pdf
-rw-r--r-- 1 jo jo 15764 Nov 19  2020 TN/JH-DailyLife/Europe/France/housing.md
-rw-r--r-- 1 jo jo 57327 Dec  7  2020 TN/JH-DailyLife/Europe/France/housing.pdf
-rw-r--r-- 1 jo jo 5800 Feb  1 13:28 TN/JH-DailyLife/Europe/France/Mail.md
-rw-r--r-- 1 jo jo 40606 Feb  6 23:25 TN/JH-DailyLife/Europe/France/Mail.pdf
-rw-r--r-- 1 jo jo 26223 Nov 25 13:15 TN/JH-DailyLife/Europe/France/Places/ARA/ARA.md
-rw-r--r-- 1 jo jo 89372 Nov 30 16:16 TN/JH-DailyLife/Europe/France/Places/ARA/ARA.pdf
-rw-r--r-- 1 jo jo 3488 Oct 29 10:32 TN/JH-DailyLife/Europe/France/Places/ARA/Drome.md
-rw-r--r-- 1 jo jo 40214 Oct 29 22:38 TN/JH-DailyLife/Europe/France/Places/ARA/Drome.pdf
-rw-r--r-- 1 jo jo 2613 Nov 19  2020 TN/JH-DailyLife/Europe/France/Places/ARA/Isere.md
-rw-r--r-- 1 jo jo 41166 Dec  7  2020 TN/JH-DailyLife/Europe/France/Places/ARA/Isere.pdf
-rw-r--r-- 1 jo jo 17575 Feb 11 19:53 TN/JH-DailyLife/Europe/France/Places/ARA/MetropoleLyon.md
-rw-r--r-- 1 jo jo 69605 Jan 18 09:32 TN/JH-DailyLife/Europe/France/Places/ARA/MetropoleLyon.pdf
Pandoc'd TN/JH-DailyLife/Europe/France/Places/ARA/MetropoleLyon.md
-rw-r--r-- 1 jo jo 4069 Jan 11  2021 TN/JH-DailyLife/Europe/France/Places/ARA/Savoie.md
-rw-r--r-- 1 jo jo 28574 Jan 12  2021 TN/JH-DailyLife/Europe/France/Places/ARA/Savoie.pdf
-rw-r--r-- 1 jo jo 10248 Jan 12 08:26 TN/JH-DailyLife/Europe/France/Places/BourgogneFrancheComte.md
-rw-r--r-- 1 jo jo 52498 Jan 18 09:32 TN/JH-DailyLife/Europe/France/Places/BourgogneFrancheComte.pdf
-rw-r--r-- 1 jo jo 11328 Jan 11 14:23 TN/JH-DailyLife/Europe/France/Places/Bretagne/Finistere/Finistere.md
-rw-r--r-- 1 jo jo 52107 Jan 18 09:31 TN/JH-DailyLife/Europe/France/Places/Bretagne/Finistere/Finistere.pdf
-rw-r--r-- 1 jo jo 3178 Sep 18 10:37 TN/JH-DailyLife/Europe/France/Places/Bretagne/Finistere/Quimper-Pluguffan-Krampouz-crepieres.md
-rw-r--r-- 1 jo jo 40097 Oct  4 12:45 TN/JH-DailyLife/Europe/France/Places/Bretagne/Finistere/Quimper-Pluguffan-Krampouz-crepieres.pdf
-rw-r--r-- 1 jo jo 6507 Nov 19  2020 TN/JH-DailyLife/Europe/France/Places/Bretagne/IlleVilaine.md
-rw-r--r-- 1 jo jo 41076 Dec  7  2020 TN/JH-DailyLife/Europe/France/Places/Bretagne/IlleVilaine.pdf
-rw-r--r-- 1 jo jo 12429 Jun 22  2021 TN/JH-DailyLife/Europe/France/Places/CentreValLoire/CentreValLoire.md
-rw-r--r-- 1 jo jo 60955 Aug 13  2021 TN/JH-DailyLife/Europe/France/Places/CentreValLoire/CentreValLoire.pdf
-rw-r--r-- 1 jo jo 2433 Nov 19  2020 TN/JH-DailyLife/Europe/France/Places/GrandEst/BasRhin.md
-rw-r--r-- 1 jo jo 33545 Dec  7  2020 TN/JH-DailyLife/Europe/France/Places/GrandEst/BasRhin.pdf
-rw-r--r-- 1 jo jo 13237 Oct 30 11:39 TN/JH-DailyLife/Europe/France/Places/GrandEst/GrandEst.md
-rw-r--r-- 1 jo jo 94735 Nov  1 11:19 TN/JH-DailyLife/Europe/France/Places/GrandEst/GrandEst.pdf
-rw-r--r-- 1 jo jo 1675 Nov 26  2020 TN/JH-DailyLife/Europe/France/Places/GrandEst/Mulhouse-BrunstattDidenheim.md
-rw-r--r-- 1 jo jo 27763 Dec  7  2020 TN/JH-DailyLife/Europe/France/Places/GrandEst/Mulhouse-BrunstattDidenheim.pdf
-rw-r--r-- 1 jo jo 2413 Nov 18 20:16 TN/JH-DailyLife/Europe/France/Places/GrandEst/SaintDieVosges.md
-rw-r--r-- 1 jo jo 25709 Nov 18 21:30 TN/JH-DailyLife/Europe/France/Places/GrandEst/SaintDieVosges.pdf
-rw-r--r-- 1 jo jo 18253 Feb  1 10:49 TN/JH-DailyLife/Europe/France/Places/HautsFrance/HautsFrance.md
-rw-r--r-- 1 jo jo 72399 Feb  6 23:21 TN/JH-DailyLife/Europe/France/Places/HautsFrance/HautsFrance.pdf
-rw-r--r-- 1 jo jo 39048 Feb 11 19:54 TN/JH-DailyLife/Europe/France/Places/HautsFrance/Nord/Lille-Ronchin-Adeo-LM.md
Pandoc'd TN/JH-DailyLife/Europe/France/Places/HautsFrance/Nord/Lille-Ronchin-Adeo-LM.md
-rw-r--r-- 1 jo jo 10580 Feb 11 13:04 TN/JH-DailyLife/Europe/France/Places/HautsFrance/Nord/Nord.md
-rw-r--r-- 1 jo jo 52085 Feb  6 23:21 TN/JH-DailyLife/Europe/France/Places/HautsFrance/Nord/Nord.pdf
Pandoc'd TN/JH-DailyLife/Europe/France/Places/HautsFrance/Nord/Nord.md
-rw-r--r-- 1 jo jo 7414 Nov 19  2020 TN/JH-DailyLife/Europe/France/Places/HautsFrance/PasCalais.md
-rw-r--r-- 1 jo jo 47705 Dec  7  2020 TN/JH-DailyLife/Europe/France/Places/HautsFrance/PasCalais.pdf
-rw-r--r-- 1 jo jo 36335 Oct 31 17:05 TN/JH-DailyLife/Europe/France/Places/IdF/gettingAround/gettingAround.md
-rw-r--r-- 1 jo jo 141074 Nov  1 11:22 TN/JH-DailyLife/Europe/France/Places/IdF/gettingAround/gettingAround.pdf
-rw-r--r-- 1 jo jo 64285 Sep 25 09:46 TN/JH-DailyLife/Europe/France/Places/IdF/gettingAround/VelibMetropole.md
-rw-r--r-- 1 jo jo 112544 Sep 25 09:47 TN/JH-DailyLife/Europe/France/Places/IdF/gettingAround/VelibMetropole.pdf
-rw-r--r-- 1 jo jo 8470 Jan 27 15:30 TN/JH-DailyLife/Europe/France/Places/IdF/HautsSeine/ArrondAntony.md
-rw-r--r-- 1 jo jo 55722 Jan 29 14:14 TN/JH-DailyLife/Europe/France/Places/IdF/HautsSeine/ArrondAntony.pdf
-rw-r--r-- 1 jo jo 28771 Feb 11 12:41 TN/JH-DailyLife/Europe/France/Places/IdF/HautsSeine/ArrondNanterre.md
-rw-r--r-- 1 jo jo 88296 Feb  9 20:49 TN/JH-DailyLife/Europe/France/Places/IdF/HautsSeine/ArrondNanterre.pdf
Pandoc'd TN/JH-DailyLife/Europe/France/Places/IdF/HautsSeine/ArrondNanterre.md
-rw-r--r-- 1 jo jo 31495 Jan 31 21:02 TN/JH-DailyLife/Europe/France/Places/IdF/HautsSeine/BoulogneBillancourt/BoulogneBillancourt.md
-rw-r--r-- 1 jo jo 101547 Feb  6 23:23 TN/JH-DailyLife/Europe/France/Places/IdF/HautsSeine/BoulogneBillancourt/BoulogneBillancourt.pdf
-rw-r--r-- 1 jo jo 3484 Nov 19  2020 TN/JH-DailyLife/Europe/France/Places/IdF/HautsSeine/BoulogneBillancourt/CIEP-DELF-DALF.md
-rw-r--r-- 1 jo jo 34442 Dec  7  2020 TN/JH-DailyLife/Europe/France/Places/IdF/HautsSeine/BoulogneBillancourt/CIEP-DELF-DALF.pdf
-rw-r--r-- 1 jo jo 13933 Feb  4 16:23 TN/JH-DailyLife/Europe/France/Places/IdF/HautsSeine.md
-rw-r--r-- 1 jo jo 53018 Feb  6 23:23 TN/JH-DailyLife/Europe/France/Places/IdF/HautsSeine.pdf
-rw-r--r-- 1 jo jo 97460 Jan 27 17:01 TN/JH-DailyLife/Europe/France/Places/IdF/IdF.md
-rw-r--r-- 1 jo jo 221237 Jan 29 14:13 TN/JH-DailyLife/Europe/France/Places/IdF/IdF.pdf
-rw-r--r-- 1 jo jo 31421 Jan  4 22:54 TN/JH-DailyLife/Europe/France/Places/IdF/Paris/Divisions/10e.md
-rw-r--r-- 1 jo jo 97462 Jan  5 21:11 TN/JH-DailyLife/Europe/France/Places/IdF/Paris/Divisions/10e.pdf
-rw-r--r-- 1 jo jo 3363 Sep 26 19:06 TN/JH-DailyLife/Europe/France/Places/IdF/Paris/Divisions/12e-QuartierPicpus.md
-rw-r--r-- 1 jo jo 40794 Sep 29 10:16 TN/JH-DailyLife/Europe/France/Places/IdF/Paris/Divisions/12e-QuartierPicpus.pdf
-rw-r--r-- 1 jo jo 19509 Sep 29 18:03 TN/JH-DailyLife/Europe/France/Places/IdF/Paris/Divisions/17e.md
-rw-r--r-- 1 jo jo 68483 Oct  2 06:52 TN/JH-DailyLife/Europe/France/Places/IdF/Paris/Divisions/17e.pdf
-rw-r--r-- 1 jo jo 123526 Feb  8 08:54 TN/JH-DailyLife/Europe/France/Places/IdF/Paris/Divisions/19e.md
-rw-r--r-- 1 jo jo 260289 Feb  8 22:54 TN/JH-DailyLife/Europe/France/Places/IdF/Paris/Divisions/19e.pdf
-rw-r--r-- 1 jo jo 4126 Jan 17 17:10 TN/JH-DailyLife/Europe/France/Places/IdF/Paris/Divisions/20e/rueErmitage.md
-rw-r--r-- 1 jo jo 42830 Jan 18 09:33 TN/JH-DailyLife/Europe/France/Places/IdF/Paris/Divisions/20e/rueErmitage.pdf
-rw-r--r-- 1 jo jo 13562 Jan 27 16:41 TN/JH-DailyLife/Europe/France/Places/IdF/Paris/Divisions/20e/Sante.md
-rw-r--r-- 1 jo jo 63437 Jan 29 14:13 TN/JH-DailyLife/Europe/France/Places/IdF/Paris/Divisions/20e/Sante.pdf
-rw-r--r-- 1 jo jo 289247 Feb 13 11:52 TN/JH-DailyLife/Europe/France/Places/IdF/Paris/Divisions/Divisions.md
-rw-r--r-- 1 jo jo 552133 Feb  8 22:53 TN/JH-DailyLife/Europe/France/Places/IdF/Paris/Divisions/Divisions.pdf
Pandoc'd TN/JH-DailyLife/Europe/France/Places/IdF/Paris/Divisions/Divisions.md
-rw-r--r-- 1 jo jo 6275 Nov  9 16:23 TN/JH-DailyLife/Europe/France/Places/IdF/Paris/Divisions/ParisCentre/2e.md
-rw-r--r-- 1 jo jo 47677 Nov 10 18:09 TN/JH-DailyLife/Europe/France/Places/IdF/Paris/Divisions/ParisCentre/2e.pdf
-rw-r--r-- 1 jo jo 30967 Jan 31 19:11 TN/JH-DailyLife/Europe/France/Places/IdF/Paris/Divisions/ParisCentre/ParisCentre.md
-rw-r--r-- 1 jo jo 95384 Feb  6 23:22 TN/JH-DailyLife/Europe/France/Places/IdF/Paris/Divisions/ParisCentre/ParisCentre.pdf
-rw-r--r-- 1 jo jo 39126 Jan 31 10:33 TN/JH-DailyLife/Europe/France/Places/IdF/Paris/laMairie.md
-rw-r--r-- 1 jo jo 109610 Jan 31 12:10 TN/JH-DailyLife/Europe/France/Places/IdF/Paris/laMairie.pdf
-rw-r--r-- 1 jo jo 84020 Feb  5 10:42 TN/JH-DailyLife/Europe/France/Places/IdF/Paris/Paris.md
-rw-r--r-- 1 jo jo 192293 Feb  6 23:22 TN/JH-DailyLife/Europe/France/Places/IdF/Paris/Paris.pdf
-rw-r--r-- 1 jo jo 21904 Jan 31 11:33 TN/JH-DailyLife/Europe/France/Places/IdF/Paris/Sante.md
-rw-r--r-- 1 jo jo 71888 Jan 31 12:10 TN/JH-DailyLife/Europe/France/Places/IdF/Paris/Sante.pdf
-rw-r--r-- 1 jo jo 10657 Sep 27 09:25 TN/JH-DailyLife/Europe/France/Places/IdF/PPP-Demarches-Etranger.md
-rw-r--r-- 1 jo jo 52314 Sep 29 10:15 TN/JH-DailyLife/Europe/France/Places/IdF/PPP-Demarches-Etranger.pdf
-rw-r--r-- 1 jo jo 53415 Jan 27 16:38 TN/JH-DailyLife/Europe/France/Places/IdF/Sante.md
-rw-r--r-- 1 jo jo 123119 Jan 29 14:12 TN/JH-DailyLife/Europe/France/Places/IdF/Sante.pdf
-rw-r--r-- 1 jo jo 1404 Nov 19  2020 TN/JH-DailyLife/Europe/France/Places/IdF/SeineMarne/Provins.md
-rw-r--r-- 1 jo jo 33088 Dec  7  2020 TN/JH-DailyLife/Europe/France/Places/IdF/SeineMarne/Provins.pdf
-rw-r--r-- 1 jo jo 29480 Jan  5 14:44 TN/JH-DailyLife/Europe/France/Places/IdF/SeineMarne/SeineMarne.md
-rw-r--r-- 1 jo jo 94581 Jan  5 21:12 TN/JH-DailyLife/Europe/France/Places/IdF/SeineMarne/SeineMarne.pdf
-rw-r--r-- 1 jo jo 22569 Jan 11 12:45 TN/JH-DailyLife/Europe/France/Places/IdF/SeineSaintDenis/ArrondissementRaincy.md
-rw-r--r-- 1 jo jo 78725 Jan 11 14:11 TN/JH-DailyLife/Europe/France/Places/IdF/SeineSaintDenis/ArrondissementRaincy.pdf
-rw-r--r-- 1 jo jo 6843 Jun 25  2021 TN/JH-DailyLife/Europe/France/Places/IdF/SeineSaintDenis/Bobigny-CantonBagnolet.md
-rw-r--r-- 1 jo jo 71131 Aug 11  2021 TN/JH-DailyLife/Europe/France/Places/IdF/SeineSaintDenis/Bobigny-CantonBagnolet.pdf
-rw-r--r-- 1 jo jo 23566 Jan  3 13:03 TN/JH-DailyLife/Europe/France/Places/IdF/ValMarne.md
-rw-r--r-- 1 jo jo 97716 Jan  4 08:22 TN/JH-DailyLife/Europe/France/Places/IdF/ValMarne.pdf
-rw-r--r-- 1 jo jo 15381 Jan  4 15:10 TN/JH-DailyLife/Europe/France/Places/IdF/ValOise.md
-rw-r--r-- 1 jo jo 70618 Jan  5 21:11 TN/JH-DailyLife/Europe/France/Places/IdF/ValOise.pdf
-rw-r--r-- 1 jo jo 11592 Jan  3 18:13 TN/JH-DailyLife/Europe/France/Places/IdF/Yvelines.md
-rw-r--r-- 1 jo jo 58915 Jan  4 08:20 TN/JH-DailyLife/Europe/France/Places/IdF/Yvelines.pdf
-rw-r--r-- 1 jo jo 18936 Nov 23 19:19 TN/JH-DailyLife/Europe/France/Places/Normandie.md
-rw-r--r-- 1 jo jo 68799 Nov 30 16:16 TN/JH-DailyLife/Europe/France/Places/Normandie.pdf
-rw-r--r-- 1 jo jo 12050 Jan 11 15:27 TN/JH-DailyLife/Europe/France/Places/Normandie/Normandie.md
-rw-r--r-- 1 jo jo 60094 Jan 18 09:31 TN/JH-DailyLife/Europe/France/Places/Normandie/Normandie.pdf
-rw-r--r-- 1 jo jo 12574 Nov 23 20:47 TN/JH-DailyLife/Europe/France/Places/Normandie/SeineMaritime-Rouen.md
-rw-r--r-- 1 jo jo 42757 Nov 30 16:15 TN/JH-DailyLife/Europe/France/Places/Normandie/SeineMaritime-Rouen.pdf
-rw-r--r-- 1 jo jo 1456 Oct 27 10:07 TN/JH-DailyLife/Europe/France/Places/NouvelleAquitaine/CharenteMaritime-ArrondissementRochelle.md
-rw-r--r-- 1 jo jo 32937 Oct 27 10:19 TN/JH-DailyLife/Europe/France/Places/NouvelleAquitaine/CharenteMaritime-ArrondissementRochelle.pdf
-rw-r--r-- 1 jo jo 1911 Nov 19  2020 TN/JH-DailyLife/Europe/France/Places/NouvelleAquitaine/DeuxSevres.md
-rw-r--r-- 1 jo jo 34674 Dec  7  2020 TN/JH-DailyLife/Europe/France/Places/NouvelleAquitaine/DeuxSevres.pdf
-rw-r--r-- 1 jo jo 10665 Jan 12 10:07 TN/JH-DailyLife/Europe/France/Places/NouvelleAquitaine/Gironde.md
-rw-r--r-- 1 jo jo 50064 Jan 18 09:31 TN/JH-DailyLife/Europe/France/Places/NouvelleAquitaine/Gironde.pdf
-rw-r--r-- 1 jo jo 21129 Feb 11 13:09 TN/JH-DailyLife/Europe/France/Places/NouvelleAquitaine/NouvelleAquitaine.md
-rw-r--r-- 1 jo jo 53887 Dec  1 09:20 TN/JH-DailyLife/Europe/France/Places/NouvelleAquitaine/NouvelleAquitaine.pdf
Pandoc'd TN/JH-DailyLife/Europe/France/Places/NouvelleAquitaine/NouvelleAquitaine.md
-rw-r--r-- 1 jo jo 982 Jan 24  2021 TN/JH-DailyLife/Europe/France/Places/NouvelleAquitaine/PyreneesAtlantiques.md
-rw-r--r-- 1 jo jo 28120 Jan 24  2021 TN/JH-DailyLife/Europe/France/Places/NouvelleAquitaine/PyreneesAtlantiques.pdf
-rw-r--r-- 1 jo jo 18146 Nov  2 13:42 TN/JH-DailyLife/Europe/France/Places/Occitanie.md
-rw-r--r-- 1 jo jo 76862 Nov  5 08:02 TN/JH-DailyLife/Europe/France/Places/Occitanie.pdf
-rw-r--r-- 1 jo jo 8532 Nov 19  2020 TN/JH-DailyLife/Europe/France/Places/PACA/AlpesMaritimes.md
-rw-r--r-- 1 jo jo 46296 Dec  7  2020 TN/JH-DailyLife/Europe/France/Places/PACA/AlpesMaritimes.pdf
-rw-r--r-- 1 jo jo 19434 Nov 24 17:11 TN/JH-DailyLife/Europe/France/Places/PACA/PACA.md
-rw-r--r-- 1 jo jo 79530 Nov 30 16:15 TN/JH-DailyLife/Europe/France/Places/PACA/PACA.pdf
-rw-r--r-- 1 jo jo 5772 Dec 23 15:31 TN/JH-DailyLife/Europe/France/Places/PaysLoire/LoireAtlantique.md
-rw-r--r-- 1 jo jo 44592 Dec 23 20:40 TN/JH-DailyLife/Europe/France/Places/PaysLoire/LoireAtlantique.pdf
-rw-r--r-- 1 jo jo 2645 Feb  9 12:56 TN/JH-DailyLife/Europe/France/Places/PaysLoire/Mayenne.md
-rw-r--r-- 1 jo jo 38083 Feb  9 20:49 TN/JH-DailyLife/Europe/France/Places/PaysLoire/Mayenne.pdf
-rw-r--r-- 1 jo jo 40630 Dec  1 09:20 TN/JH-DailyLife/Europe/France/Places/Places.md
-rw-r--r-- 1 jo jo 104040 Dec  1 09:21 TN/JH-DailyLife/Europe/France/Places/Places.pdf
-rw-r--r-- 1 jo jo 80883 Jan 15 11:06 TN/JH-DailyLife/Europe/France/Republique/gouvernement/gouvernement.md
-rw-r--r-- 1 jo jo 163415 Jan 18 09:34 TN/JH-DailyLife/Europe/France/Republique/gouvernement/gouvernement.pdf
-rw-r--r-- 1 jo jo 8018 Nov 19  2020 TN/JH-DailyLife/Europe/France/Republique/gouvernement/ministereTES.md
-rw-r--r-- 1 jo jo 47384 Oct 27 10:08 TN/JH-DailyLife/Europe/France/Republique/gouvernement/ministereTES.pdf
-rw-r--r-- 1 jo jo 13555 Jan 31 21:20 TN/JH-DailyLife/Europe/France/Republique/gouvernement/MR-ministereJustice.md
-rw-r--r-- 1 jo jo 57055 Feb  6 23:25 TN/JH-DailyLife/Europe/France/Republique/gouvernement/MR-ministereJustice.pdf
-rw-r--r-- 1 jo jo 91025 Feb  4 08:36 TN/JH-DailyLife/Europe/France/Republique/Republique.md
-rw-r--r-- 1 jo jo 173522 Feb  6 23:25 TN/JH-DailyLife/Europe/France/Republique/Republique.pdf
-rw-r--r-- 1 jo jo 77099 Jan  3 18:34 TN/JH-DailyLife/Europe/France/Sante.md
-rw-r--r-- 1 jo jo 168983 Jan  4 08:20 TN/JH-DailyLife/Europe/France/Sante.pdf
-rw-r--r-- 1 jo jo 802 Mar  1  2021 TN/JH-DailyLife/Europe/France/Scratch/scratch0.md
-rw-r--r-- 1 jo jo 19351 Mar  3  2021 TN/JH-DailyLife/Europe/France/Scratch/scratch0.pdf
-rw-r--r-- 1 jo jo 98 Sep  8  2020 TN/JH-DailyLife/Europe/France/Scratch/scratch1.md
-rw-r--r-- 1 jo jo 19150 Dec  7  2020 TN/JH-DailyLife/Europe/France/Scratch/scratch1.pdf
-rw-r--r-- 1 jo jo 88 Apr 20  2020 TN/JH-DailyLife/Europe/France/Scratch/scratch2.md
-rw-r--r-- 1 jo jo 20573 Dec  7  2020 TN/JH-DailyLife/Europe/France/Scratch/scratch2.pdf
-rw-r--r-- 1 jo jo 13361 Jan 11 14:28 TN/JH-DailyLife/Europe/France/SocialSecurity.md
-rw-r--r-- 1 jo jo 55541 Jan 18 09:34 TN/JH-DailyLife/Europe/France/SocialSecurity.pdf
-rw-r--r-- 1 jo jo 4523 Dec 24 11:13 TN/JH-DailyLife/Europe/France/Suppliers/AmazonAccount/myAccount.md
-rw-r--r-- 1 jo jo 42723 Dec 24 13:22 TN/JH-DailyLife/Europe/France/Suppliers/AmazonAccount/myAccount.pdf
-rw-r--r-- 1 jo jo 14531 Nov 19  2020 TN/JH-DailyLife/Europe/France/Suppliers/AmazonAccount/Snags.md
-rw-r--r-- 1 jo jo 66272 Dec  7  2020 TN/JH-DailyLife/Europe/France/Suppliers/AmazonAccount/Snags.pdf
-rw-r--r-- 1 jo jo 2476 May 26  2021 TN/JH-DailyLife/Europe/France/Suppliers/Ingest/Naturalia.md
-rw-r--r-- 1 jo jo 29621 May 26  2021 TN/JH-DailyLife/Europe/France/Suppliers/Ingest/Naturalia.pdf
-rw-r--r-- 1 jo jo 2983 Dec 28  2020 TN/JH-DailyLife/Europe/France/Suppliers/Ingest/Warmcook.md
-rw-r--r-- 1 jo jo 41397 Dec 31  2020 TN/JH-DailyLife/Europe/France/Suppliers/Ingest/Warmcook.pdf
-rw-r--r-- 1 jo jo 10575 Jan 27 15:29 TN/JH-DailyLife/Europe/France/Suppliers/Maison.md
-rw-r--r-- 1 jo jo 59525 Jan 29 14:14 TN/JH-DailyLife/Europe/France/Suppliers/Maison.pdf
-rw-r--r-- 1 jo jo 17296 Oct 29 18:22 TN/JH-DailyLife/Europe/France/Suppliers/SNCF.md
-rw-r--r-- 1 jo jo 65474 Oct 29 22:39 TN/JH-DailyLife/Europe/France/Suppliers/SNCF.pdf
-rw-r--r-- 1 jo jo 121752 Feb 11 13:08 TN/JH-DailyLife/Europe/France/Suppliers/Suppliers.md
-rw-r--r-- 1 jo jo 297051 Feb 10 00:05 TN/JH-DailyLife/Europe/France/Suppliers/Suppliers.pdf
Pandoc'd TN/JH-DailyLife/Europe/France/Suppliers/Suppliers.md
-rw-r--r-- 1 jo jo 11991 Dec 17 17:15 TN/JH-DailyLife/Europe/France/Suppliers/Telecom.md
-rw-r--r-- 1 jo jo 55414 Dec 20 21:30 TN/JH-DailyLife/Europe/France/Suppliers/Telecom.pdf
-rw-r--r-- 1 jo jo 56082 Feb  1 19:16 TN/JH-DailyLife/Europe/France/Travail.md
-rw-r--r-- 1 jo jo 126870 Feb  6 23:24 TN/JH-DailyLife/Europe/France/Travail.pdf
-rw-r--r-- 1 jo jo 5205 Mar 19  2021 TN/JH-DailyLife/Europe/Germany/BadenWurttemberg-Stuttgart.md
-rw-r--r-- 1 jo jo 42375 Mar 24  2021 TN/JH-DailyLife/Europe/Germany/BadenWurttemberg-Stuttgart.pdf
-rw-r--r-- 1 jo jo 4560 Dec 23 20:36 TN/JH-DailyLife/Europe/Germany/Bavaria-Ansbach-Heilsbronn-Ortlieb.md
-rw-r--r-- 1 jo jo 35366 Dec 23 20:40 TN/JH-DailyLife/Europe/Germany/Bavaria-Ansbach-Heilsbronn-Ortlieb.pdf
-rw-r--r-- 1 jo jo 57868 Dec 23 20:34 TN/JH-DailyLife/Europe/Germany/Germany.md
-rw-r--r-- 1 jo jo 139528 Dec 23 20:40 TN/JH-DailyLife/Europe/Germany/Germany.pdf
-rw-r--r-- 1 jo jo 12750 Jan 14 11:35 TN/JH-DailyLife/Europe/Germany/NRW.md
-rw-r--r-- 1 jo jo 48890 Jan 18 09:31 TN/JH-DailyLife/Europe/Germany/NRW.pdf
-rw-r--r-- 1 jo jo 1045 Apr  6  2021 TN/JH-DailyLife/Europe/Germany/Saxony.md
-rw-r--r-- 1 jo jo 24099 Apr  6  2021 TN/JH-DailyLife/Europe/Germany/Saxony.pdf
-rw-r--r-- 1 jo jo 2298 May 21  2021 TN/JH-DailyLife/Europe/IberianPeninsula/Portugal.md
-rw-r--r-- 1 jo jo 33454 May 21  2021 TN/JH-DailyLife/Europe/IberianPeninsula/Portugal.pdf
-rw-r--r-- 1 jo jo 5667 Mar 18  2021 TN/JH-DailyLife/Europe/IberianPeninsula/Spain/Catalonia.md
-rw-r--r-- 1 jo jo 38022 Mar 18  2021 TN/JH-DailyLife/Europe/IberianPeninsula/Spain/Catalonia.pdf
-rw-r--r-- 1 jo jo 8568 Jan 22  2021 TN/JH-DailyLife/Europe/IberianPeninsula/Spain/Spain.md
-rw-r--r-- 1 jo jo 41837 Jan 22  2021 TN/JH-DailyLife/Europe/IberianPeninsula/Spain/Spain.pdf
-rw-r--r-- 1 jo jo 14530 May 29  2021 TN/JH-DailyLife/Europe/Italy/Italy.md
-rw-r--r-- 1 jo jo 54803 May 29  2021 TN/JH-DailyLife/Europe/Italy/Italy.pdf
-rw-r--r-- 1 jo jo 6446 May 29  2021 TN/JH-DailyLife/Europe/Italy/Lombardy-ProvinceVarese-Albizzate.md
-rw-r--r-- 1 jo jo 42184 Jun  4  2021 TN/JH-DailyLife/Europe/Italy/Lombardy-ProvinceVarese-Albizzate.pdf
-rw-r--r-- 1 jo jo 25931 Feb 11 11:58 TN/JH-DailyLife/Europe/Suppliers.md
-rw-r--r-- 1 jo jo 93247 Dec 23 20:40 TN/JH-DailyLife/Europe/Suppliers.pdf
Pandoc'd TN/JH-DailyLife/Europe/Suppliers.md
-rw-r--r-- 1 jo jo 1856 Nov 19  2020 TN/JH-DailyLife/Europe/Travel/Flight.md
-rw-r--r-- 1 jo jo 37328 Dec  7  2020 TN/JH-DailyLife/Europe/Travel/Flight.pdf
-rw-r--r-- 1 jo jo 26519 Nov 23  2020 TN/JH-DailyLife/Europe/Travel/Travel.md
-rw-r--r-- 1 jo jo 83053 Dec  7  2020 TN/JH-DailyLife/Europe/Travel/Travel.pdf
-rw-r--r-- 1 jo jo 37734 Nov 19  2020 TN/JH-DailyLife/GuitarUkulele/Guitar.md
-rw-r--r-- 1 jo jo 98891 Dec  7  2020 TN/JH-DailyLife/GuitarUkulele/Guitar.pdf
-rw-r--r-- 1 jo jo 23434 Nov 19  2020 TN/JH-DailyLife/GuitarUkulele/Ukulele.md
-rw-r--r-- 1 jo jo 70261 Dec  7  2020 TN/JH-DailyLife/GuitarUkulele/Ukulele.pdf
-rw-r--r-- 1 jo jo 68489 Feb  9 11:29 TN/JH-DailyLife/Health/Health.md
-rw-r--r-- 1 jo jo 148823 Feb  9 12:56 TN/JH-DailyLife/Health/Health.pdf
-rw-r--r-- 1 jo jo 18497 Nov 19  2020 TN/JH-DailyLife/Health/Illnesses/ENT.md
-rw-r--r-- 1 jo jo 51462 Dec  7  2020 TN/JH-DailyLife/Health/Illnesses/ENT.pdf
-rw-r--r-- 1 jo jo 127034 Oct  1 10:02 TN/JH-DailyLife/Health/Illnesses/GI.md
-rw-r--r-- 1 jo jo 183559 Oct  2 06:54 TN/JH-DailyLife/Health/Illnesses/GI.pdf
-rw-r--r-- 1 jo jo 36440 Jan 27 14:58 TN/JH-DailyLife/Health/Illnesses/Illnesses.md
-rw-r--r-- 1 jo jo 86323 Jan 29 14:14 TN/JH-DailyLife/Health/Illnesses/Illnesses.pdf
-rw-r--r-- 1 jo jo 19779 Apr  7  2021 TN/JH-DailyLife/Health/Illnesses/Legs.md
-rw-r--r-- 1 jo jo 58313 Apr  7  2021 TN/JH-DailyLife/Health/Illnesses/Legs.pdf
-rw-r--r-- 1 jo jo 17289 Nov 29 13:42 TN/JH-DailyLife/Health/Illnesses/SFC.md
-rw-r--r-- 1 jo jo 56894 Nov 30 16:18 TN/JH-DailyLife/Health/Illnesses/SFC.pdf
-rw-r--r-- 1 jo jo 31752 Jan  4  2021 TN/JH-DailyLife/Health/Ingest/Devices/BladeGrinder.md
-rw-r--r-- 1 jo jo 78465 Jan  4  2021 TN/JH-DailyLife/Health/Ingest/Devices/BladeGrinder.pdf
-rw-r--r-- 1 jo jo 3862 Feb 21  2021 TN/JH-DailyLife/Health/Ingest/Devices/OmegaJuicers.md
-rw-r--r-- 1 jo jo 36165 Feb 22  2021 TN/JH-DailyLife/Health/Ingest/Devices/OmegaJuicers.pdf
-rw-r--r-- 1 jo jo 65389 Jan 31 13:38 TN/JH-DailyLife/Health/Ingest/equipment.md
-rw-r--r-- 1 jo jo 141900 Feb  6 23:14 TN/JH-DailyLife/Health/Ingest/equipment.pdf
-rw-r--r-- 1 jo jo 75780 Nov  8 18:53 TN/JH-DailyLife/Health/Ingest/Grains.md
-rw-r--r-- 1 jo jo 122241 Nov  8 19:00 TN/JH-DailyLife/Health/Ingest/Grains.pdf
-rw-r--r-- 1 jo jo 445348 Feb 11 10:38 TN/JH-DailyLife/Health/Ingest/Ingest0.md
-rw-r--r-- 1 jo jo 603017 Feb 10 00:05 TN/JH-DailyLife/Health/Ingest/Ingest0.pdf
Pandoc'd TN/JH-DailyLife/Health/Ingest/Ingest0.md
-rw-r--r-- 1 jo jo 184982 Dec 25 23:15 TN/JH-DailyLife/Health/Ingest/Regimes.md
-rw-r--r-- 1 jo jo 275851 Dec 25 23:16 TN/JH-DailyLife/Health/Ingest/Regimes.pdf
-rw-r--r-- 1 jo jo 1634 Jan 11 14:40 TN/JH-DailyLife/Online/IT/HPSmartInstantInkCartridges.md
-rw-r--r-- 1 jo jo 33047 Jan 18 09:38 TN/JH-DailyLife/Online/IT/HPSmartInstantInkCartridges.pdf
-rw-r--r-- 1 jo jo 44350 Jan 18 11:38 TN/JH-DailyLife/Online/IT/IT.md
-rw-r--r-- 1 jo jo 128326 Jan 22 21:12 TN/JH-DailyLife/Online/IT/IT.pdf
-rw-r--r-- 1 jo jo 27852 Jan 31 15:11 TN/JH-DailyLife/Online/IT/Websites.md
-rw-r--r-- 1 jo jo 93828 Feb  6 23:20 TN/JH-DailyLife/Online/IT/Websites.pdf
-rw-r--r-- 1 jo jo 8527 Feb  1 19:36 TN/JH-DailyLife/Online/Microsoft/Email.md
-rw-r--r-- 1 jo jo 48428 Feb  6 23:21 TN/JH-DailyLife/Online/Microsoft/Email.pdf
-rw-r--r-- 1 jo jo 6222 Sep  7 17:22 TN/JH-DailyLife/Online/Microsoft/Microsoft.md
-rw-r--r-- 1 jo jo 43719 Sep 11 00:13 TN/JH-DailyLife/Online/Microsoft/Microsoft.pdf
-rw-r--r-- 1 jo jo 36324 Feb 11 07:22 TN/JH-DailyLife/Online/Online.md
-rw-r--r-- 1 jo jo 119641 Jan 31 09:28 TN/JH-DailyLife/Online/Online.pdf
Pandoc'd TN/JH-DailyLife/Online/Online.md
-rw-r--r-- 1 jo jo 25706 Dec 13 11:57 TN/JH-DailyLife/Online/Social.md
-rw-r--r-- 1 jo jo 99263 Dec 15 13:09 TN/JH-DailyLife/Online/Social.pdf
-rw-r--r-- 1 jo jo 30751 Feb 11 10:24 TN/JH-DailyLife/Roles/23rueErmitage.md
-rw-r--r-- 1 jo jo 93995 Feb  8 22:56 TN/JH-DailyLife/Roles/23rueErmitage.pdf
Pandoc'd TN/JH-DailyLife/Roles/23rueErmitage.md
-rw-r--r-- 1 jo jo 8163 Feb  1 19:16 TN/JH-DailyLife/Roles/Arts/Actor/Actor.md
-rw-r--r-- 1 jo jo 37708 Feb  6 23:28 TN/JH-DailyLife/Roles/Arts/Actor/Actor.pdf
-rw-r--r-- 1 jo jo 22847 Nov 19  2020 TN/JH-DailyLife/Roles/Arts/Actor/josephharriott_fr.md
-rw-r--r-- 1 jo jo 76642 Dec  7  2020 TN/JH-DailyLife/Roles/Arts/Actor/josephharriott_fr.pdf
-rw-r--r-- 1 jo jo 84550 Dec 16 12:28 TN/JH-DailyLife/Roles/Arts/Arts.md
-rw-r--r-- 1 jo jo 201330 Dec 20 21:32 TN/JH-DailyLife/Roles/Arts/Arts.pdf
-rw-r--r-- 1 jo jo 35413 Jan 30 12:12 TN/JH-DailyLife/Roles/Arts/Backstage/Backstage.md
-rw-r--r-- 1 jo jo 88427 Jan 31 09:27 TN/JH-DailyLife/Roles/Arts/Backstage/Backstage.pdf
-rw-r--r-- 1 jo jo 2042 Nov 19  2020 TN/JH-DailyLife/Roles/Arts/Backstage/Stenope.md
-rw-r--r-- 1 jo jo 37011 Dec  7  2020 TN/JH-DailyLife/Roles/Arts/Backstage/Stenope.pdf
-rw-r--r-- 1 jo jo 10603 Jan 30 12:13 TN/JH-DailyLife/Roles/Arts/Backstage/troing_eu-WP.md
-rw-r--r-- 1 jo jo 60289 Jan 31 09:27 TN/JH-DailyLife/Roles/Arts/Backstage/troing_eu-WP.pdf
-rw-r--r-- 1 jo jo 34692 Aug  7  2021 TN/JH-DailyLife/Roles/Arts/EuropeCreatives.md
-rw-r--r-- 1 jo jo 138818 Aug 11  2021 TN/JH-DailyLife/Roles/Arts/EuropeCreatives.pdf
-rw-r--r-- 1 jo jo 63495 Jan 14 12:13 TN/JH-DailyLife/Roles/Arts/Work.md
-rw-r--r-- 1 jo jo 147715 Jan 18 09:36 TN/JH-DailyLife/Roles/Arts/Work.pdf
-rw-r--r-- 1 jo jo 25918 Nov 19  2020 TN/JH-DailyLife/Roles/Cafezoide/Agenda/1509-1803.md
-rw-r--r-- 1 jo jo 106619 Aug 16 21:23 TN/JH-DailyLife/Roles/Cafezoide/Agenda/1509-1803.pdf
-rw-r--r-- 1 jo jo 23727 Feb  2 11:28 TN/JH-DailyLife/Roles/Cafezoide/Agenda/1805-.md
-rw-r--r-- 1 jo jo 95861 Feb  6 23:28 TN/JH-DailyLife/Roles/Cafezoide/Agenda/1805-.pdf
-rw-r--r-- 1 jo jo 257213 Feb 13 09:12 TN/JH-DailyLife/Roles/Cafezoide/Cafezoide.md
-rw-r--r-- 1 jo jo 473743 Feb 10 00:06 TN/JH-DailyLife/Roles/Cafezoide/Cafezoide.pdf
Pandoc'd TN/JH-DailyLife/Roles/Cafezoide/Cafezoide.md
-rw-r--r-- 1 jo jo 17004 Nov 19  2020 TN/JH-DailyLife/Roles/Cafezoide/EnglishSongs/EarlyYears.md
-rw-r--r-- 1 jo jo 63245 Aug 16 21:23 TN/JH-DailyLife/Roles/Cafezoide/EnglishSongs/EarlyYears.pdf
-rw-r--r-- 1 jo jo 33656 May 10  2021 TN/JH-DailyLife/Roles/Cafezoide/EnglishSongs/Songs.md
-rw-r--r-- 1 jo jo 70528 Aug 16 21:23 TN/JH-DailyLife/Roles/Cafezoide/EnglishSongs/Songs.pdf
-rw-r--r-- 1 jo jo 7455 Feb 13 11:51 TN/JH-DailyLife/Roles/Cafezoide/IT.md
-rw-r--r-- 1 jo jo 63263 Jan 22 21:09 TN/JH-DailyLife/Roles/Cafezoide/IT.pdf
Pandoc'd TN/JH-DailyLife/Roles/Cafezoide/IT.md
-rw-r--r-- 1 jo jo 9277 Feb  1 21:07 TN/JH-DailyLife/Roles/Cafezoide/Money.md
-rw-r--r-- 1 jo jo 51880 Feb  6 23:28 TN/JH-DailyLife/Roles/Cafezoide/Money.pdf
-rw-r--r-- 1 jo jo 8479 Jan  5 09:10 TN/JH-DailyLife/Roles/Cafezoide/people/occasionallyPaid.md
-rw-r--r-- 1 jo jo 64093 Jan  5 21:13 TN/JH-DailyLife/Roles/Cafezoide/people/occasionallyPaid.pdf
-rw-r--r-- 1 jo jo 88782 Feb  9 20:03 TN/JH-DailyLife/Roles/Cafezoide/people/people.md
-rw-r--r-- 1 jo jo 212921 Feb  9 20:50 TN/JH-DailyLife/Roles/Cafezoide/people/people.pdf
-rw-r--r-- 1 jo jo 6235 Dec  8 22:23 TN/JH-DailyLife/Roles/Cafezoide/PhysicalProperty/CateringEquipment.md
-rw-r--r-- 1 jo jo 50038 Dec  8 22:40 TN/JH-DailyLife/Roles/Cafezoide/PhysicalProperty/CateringEquipment.pdf
-rw-r--r-- 1 jo jo 11137 Jan 27 15:29 TN/JH-DailyLife/Roles/Cafezoide/PhysicalProperty/PhysicalProperty.md
-rw-r--r-- 1 jo jo 61985 Jan 29 14:16 TN/JH-DailyLife/Roles/Cafezoide/PhysicalProperty/PhysicalProperty.pdf
-rw-r--r-- 1 jo jo 1376 Nov 19  2020 TN/JH-DailyLife/Roles/Cafezoide/PhysicalProperty/ventilateurEtage.md
-rw-r--r-- 1 jo jo 31123 Aug 16 21:24 TN/JH-DailyLife/Roles/Cafezoide/PhysicalProperty/ventilateurEtage.pdf
-rw-r--r-- 1 jo jo 56465 Jan 20 03:09 TN/JH-DailyLife/Roles/Cafezoide/Theatre/afternoonImprovisations.md
-rw-r--r-- 1 jo jo 98672 Jan 22 21:09 TN/JH-DailyLife/Roles/Cafezoide/Theatre/afternoonImprovisations.pdf
-rw-r--r-- 1 jo jo 40829 Feb  8 09:18 TN/JH-DailyLife/Roles/Cafezoide/Theatre/Theatre.md
-rw-r--r-- 1 jo jo 91626 Feb  8 22:56 TN/JH-DailyLife/Roles/Cafezoide/Theatre/Theatre.pdf
-rw-r--r-- 1 jo jo 64340 Nov 19  2020 TN/JH-DailyLife/Roles/Cafezoide/Worklogs/17.md
-rw-r--r-- 1 jo jo 138971 Aug 16 21:22 TN/JH-DailyLife/Roles/Cafezoide/Worklogs/17.pdf
-rw-r--r-- 1 jo jo 9344 Nov 19  2020 TN/JH-DailyLife/Roles/Cafezoide/Worklogs/180526-0626-AT.md
-rw-r--r-- 1 jo jo 35494 Aug 16 21:22 TN/JH-DailyLife/Roles/Cafezoide/Worklogs/180526-0626-AT.pdf
-rw-r--r-- 1 jo jo 150698 Aug 22 10:32 TN/JH-DailyLife/Roles/Cafezoide/Worklogs/180627-201231.md
-rw-r--r-- 1 jo jo 294337 Aug 27 13:56 TN/JH-DailyLife/Roles/Cafezoide/Worklogs/180627-201231.pdf
-rw-r--r-- 1 jo jo 8536 Jan 30 11:21 TN/JH-DailyLife/Roles/IT/momentary/momentary.md
-rw-r--r-- 1 jo jo 54011 Jan 31 09:26 TN/JH-DailyLife/Roles/IT/momentary/momentary.pdf
-rw-r--r-- 1 jo jo 7232 Nov 19  2020 TN/JH-DailyLife/Roles/IT/momentary/WordPress.md
-rw-r--r-- 1 jo jo 54857 Dec  7  2020 TN/JH-DailyLife/Roles/IT/momentary/WordPress.pdf
-rw-r--r-- 1 jo jo 24947 Jan 30 12:02 TN/JH-DailyLife/Roles/IT/Work.md
-rw-r--r-- 1 jo jo 77309 Jan 31 09:27 TN/JH-DailyLife/Roles/IT/Work.pdf
-rw-r--r-- 1 jo jo 557613 Feb 13 21:07 TN/JH-DailyLife/Roles/Roles.md
-rw-r--r-- 1 jo jo 1015539 Feb 10 00:06 TN/JH-DailyLife/Roles/Roles.pdf
Pandoc'd TN/JH-DailyLife/Roles/Roles.md
-rw-r--r-- 1 jo jo 13941 Dec  3  2020 TN/JH-DailyLife/Roles/Teaching/ST/LPD-IdF/Antennes/Antennes.md
-rw-r--r-- 1 jo jo 70600 Dec  7  2020 TN/JH-DailyLife/Roles/Teaching/ST/LPD-IdF/Antennes/Antennes.pdf
-rw-r--r-- 1 jo jo 16027 Nov 19  2020 TN/JH-DailyLife/Roles/Teaching/ST/LPD-IdF/Antennes/GonesseTAPs.md
-rw-r--r-- 1 jo jo 50743 Dec  7  2020 TN/JH-DailyLife/Roles/Teaching/ST/LPD-IdF/Antennes/GonesseTAPs.pdf
-rw-r--r-- 1 jo jo 27852 Jan  3 13:14 TN/JH-DailyLife/Roles/Teaching/ST/LPD-IdF/Antennes/Paris.md
-rw-r--r-- 1 jo jo 86635 Jan  4 08:22 TN/JH-DailyLife/Roles/Teaching/ST/LPD-IdF/Antennes/Paris.pdf
-rw-r--r-- 1 jo jo 10588 Feb  1 16:50 TN/JH-DailyLife/Roles/Teaching/ST/LPD-IdF/Antennes/SeineSaintDenis.md
-rw-r--r-- 1 jo jo 52352 Feb  6 23:26 TN/JH-DailyLife/Roles/Teaching/ST/LPD-IdF/Antennes/SeineSaintDenis.pdf
-rw-r--r-- 1 jo jo 32427 Feb  4 09:47 TN/JH-DailyLife/Roles/Teaching/ST/LPD-IdF/IdF.md
-rw-r--r-- 1 jo jo 96192 Feb  6 23:26 TN/JH-DailyLife/Roles/Teaching/ST/LPD-IdF/IdF.pdf
-rw-r--r-- 1 jo jo 27515 Feb  2 11:34 TN/JH-DailyLife/Roles/Teaching/ST/ST-Fr.md
-rw-r--r-- 1 jo jo 95187 Feb  6 23:26 TN/JH-DailyLife/Roles/Teaching/ST/ST-Fr.pdf
-rw-r--r-- 1 jo jo 41221 Nov 19  2020 TN/JH-DailyLife/Roles/Teaching/ST/TRACES.md
-rw-r--r-- 1 jo jo 96792 Dec  7  2020 TN/JH-DailyLife/Roles/Teaching/ST/TRACES.pdf
-rw-r--r-- 1 jo jo 13683 Nov 19  2020 TN/JH-DailyLife/Roles/Teaching/Teaching.md
-rw-r--r-- 1 jo jo 61359 Dec  7  2020 TN/JH-DailyLife/Roles/Teaching/Teaching.pdf
-rw-r--r-- 1 jo jo 10891 Jul 22  2021 TN/JH-DailyLife/Suppliers/DecathlonGroup/Camping.md
-rw-r--r-- 1 jo jo 59223 Jul 24  2021 TN/JH-DailyLife/Suppliers/DecathlonGroup/Camping.pdf
-rw-r--r-- 1 jo jo 23323 Feb  9 22:42 TN/JH-DailyLife/Suppliers/DecathlonGroup/DecathlonGroup.md
-rw-r--r-- 1 jo jo 94260 Feb 10 00:07 TN/JH-DailyLife/Suppliers/DecathlonGroup/DecathlonGroup.pdf
-rw-r--r-- 1 jo jo 5046 Apr 24  2021 TN/JH-DailyLife/Suppliers/LebaraMobile.md
-rw-r--r-- 1 jo jo 40875 Apr 26  2021 TN/JH-DailyLife/Suppliers/LebaraMobile.pdf
-rw-r--r-- 1 jo jo 27850 Feb  1 17:40 TN/JH-DailyLife/Suppliers/Suppliers.md
-rw-r--r-- 1 jo jo 93875 Feb  6 23:18 TN/JH-DailyLife/Suppliers/Suppliers.pdf
-rw-r--r-- 1 jo jo 95429 Dec 23 19:57 TN/JH-DailyLife/Technos/Bicycle.md
-rw-r--r-- 1 jo jo 204670 Dec 23 20:43 TN/JH-DailyLife/Technos/Bicycle.pdf
-rw-r--r-- 1 jo jo 35814 Aug  9  2021 TN/JH-DailyLife/Technos/BodyCare.md
-rw-r--r-- 1 jo jo 116155 Aug 11  2021 TN/JH-DailyLife/Technos/BodyCare.pdf
-rw-r--r-- 1 jo jo 18520 Feb  9 19:45 TN/JH-DailyLife/Technos/Construction/Civil/Civil.md
-rw-r--r-- 1 jo jo 70540 Feb  9 20:50 TN/JH-DailyLife/Technos/Construction/Civil/Civil.pdf
-rw-r--r-- 1 jo jo 8344 Dec 30 02:45 TN/JH-DailyLife/Technos/Construction/Civil/Locks.md
-rw-r--r-- 1 jo jo 44734 Dec 30 13:01 TN/JH-DailyLife/Technos/Construction/Civil/Locks.pdf
-rw-r--r-- 1 jo jo 37082 Feb  9 06:34 TN/JH-DailyLife/Technos/Construction/Civil/Plumbing/Plumbing.md
-rw-r--r-- 1 jo jo 108733 Feb  9 12:57 TN/JH-DailyLife/Technos/Construction/Civil/Plumbing/Plumbing.pdf
-rw-r--r-- 1 jo jo 46125 Jan  8  2021 TN/JH-DailyLife/Technos/Construction/Civil/Shells.md
-rw-r--r-- 1 jo jo 109242 Jan  8  2021 TN/JH-DailyLife/Technos/Construction/Civil/Shells.pdf
-rw-r--r-- 1 jo jo 80518 Feb 11 22:23 TN/JH-DailyLife/Technos/Construction/Electrical.md
-rw-r--r-- 1 jo jo 175590 Feb 10 00:07 TN/JH-DailyLife/Technos/Construction/Electrical.pdf
Pandoc'd TN/JH-DailyLife/Technos/Construction/Electrical.md
-rw-r--r-- 1 jo jo 89005 Feb 11 09:26 TN/JH-DailyLife/Technos/Construction/Fixing/Fixing.md
-rw-r--r-- 1 jo jo 183440 Feb 10 00:07 TN/JH-DailyLife/Technos/Construction/Fixing/Fixing.pdf
Pandoc'd TN/JH-DailyLife/Technos/Construction/Fixing/Fixing.md
-rw-r--r-- 1 jo jo 2251 Nov 19  2020 TN/JH-DailyLife/Technos/Construction/Fixing/Hinges.md
-rw-r--r-- 1 jo jo 32510 Dec  7  2020 TN/JH-DailyLife/Technos/Construction/Fixing/Hinges.pdf
-rw-r--r-- 1 jo jo 3681 Nov 19  2020 TN/JH-DailyLife/Technos/Construction/Fixing/Welders.md
-rw-r--r-- 1 jo jo 45995 Dec  7  2020 TN/JH-DailyLife/Technos/Construction/Fixing/Welders.pdf
-rw-r--r-- 1 jo jo 38412 Jan 19 12:49 TN/JH-DailyLife/Technos/Construction/Holes.md
-rw-r--r-- 1 jo jo 110032 Jan 22 21:11 TN/JH-DailyLife/Technos/Construction/Holes.pdf
-rw-r--r-- 1 jo jo 25805 Nov 19  2020 TN/JH-DailyLife/Technos/Construction/Wood.md
-rw-r--r-- 1 jo jo 87701 Dec  7  2020 TN/JH-DailyLife/Technos/Construction/Wood.pdf
-rw-r--r-- 1 jo jo 48239 Jan 17 14:27 TN/JH-DailyLife/Technos/Electrical_devices/Batteries.md
-rw-r--r-- 1 jo jo 116620 Jan 18 09:38 TN/JH-DailyLife/Technos/Electrical_devices/Batteries.pdf
-rw-r--r-- 1 jo jo 5149 Nov 19  2020 TN/JH-DailyLife/Technos/Electrical_devices/DeLonghi.md
-rw-r--r-- 1 jo jo 46555 Dec  7  2020 TN/JH-DailyLife/Technos/Electrical_devices/DeLonghi.pdf
-rw-r--r-- 1 jo jo 77173 Feb 11 11:57 TN/JH-DailyLife/Technos/Electrical_devices/Devices.md
-rw-r--r-- 1 jo jo 184363 Dec 30 13:01 TN/JH-DailyLife/Technos/Electrical_devices/Devices.pdf
Pandoc'd TN/JH-DailyLife/Technos/Electrical_devices/Devices.md
-rw-r--r-- 1 jo jo 72624 Oct 14 10:04 TN/JH-DailyLife/Technos/Outdoor.md
-rw-r--r-- 1 jo jo 170652 Oct 14 12:56 TN/JH-DailyLife/Technos/Outdoor.pdf
-rw-r--r-- 1 jo jo 229773 Feb 11 21:39 TN/JH-DailyLife/Technos/Technos.md
-rw-r--r-- 1 jo jo 426438 Feb 10 00:07 TN/JH-DailyLife/Technos/Technos.pdf
Pandoc'd TN/JH-DailyLife/Technos/Technos.md
-rw-r--r-- 1 jo jo 18356 Jan 14 11:52 TN/JH-DailyLife/UK/England/EastEngland.md
-rw-r--r-- 1 jo jo 58404 Jan 18 09:37 TN/JH-DailyLife/UK/England/EastEngland.pdf
-rw-r--r-- 1 jo jo 12467 Jun 15  2021 TN/JH-DailyLife/UK/England/EastMidlands.md
-rw-r--r-- 1 jo jo 57553 Jun 16  2021 TN/JH-DailyLife/UK/England/EastMidlands.pdf
-rw-r--r-- 1 jo jo 16331 Feb 12 14:37 TN/JH-DailyLife/UK/England/NE/NE_England.md
-rw-r--r-- 1 jo jo 48975 Jul 24  2021 TN/JH-DailyLife/UK/England/NE/NE_England.pdf
Pandoc'd TN/JH-DailyLife/UK/England/NE/NE_England.md
-rw-r--r-- 1 jo jo 55567 Feb 12 14:34 TN/JH-DailyLife/UK/England/NE/TyneWear-Newcastle.md
Pandoc'd TN/JH-DailyLife/UK/England/NE/TyneWear-Newcastle.md
-rw-r--r-- 1 jo jo 3386 Sep 11 00:07 TN/JH-DailyLife/UK/England/NW/Lancashire.md
-rw-r--r-- 1 jo jo 35938 Sep 11 00:12 TN/JH-DailyLife/UK/England/NW/Lancashire.pdf
-rw-r--r-- 1 jo jo 6819 Mar 18  2021 TN/JH-DailyLife/UK/England/NW/Manchester.md
-rw-r--r-- 1 jo jo 39008 Mar 19  2021 TN/JH-DailyLife/UK/England/NW/Manchester.pdf
-rw-r--r-- 1 jo jo 8679 Jan 22 11:31 TN/JH-DailyLife/UK/England/NW/NW_England.md
-rw-r--r-- 1 jo jo 50857 Jan 22 21:10 TN/JH-DailyLife/UK/England/NW/NW_England.pdf
-rw-r--r-- 1 jo jo 7023 Dec 30 18:57 TN/JH-DailyLife/UK/England/SE/Buckinghamshire.md
-rw-r--r-- 1 jo jo 44255 Jan  4 08:24 TN/JH-DailyLife/UK/England/SE/Buckinghamshire.pdf
-rw-r--r-- 1 jo jo 83379 Feb  2 06:09 TN/JH-DailyLife/UK/England/SE/GreaterLondon.md
-rw-r--r-- 1 jo jo 167340 Feb  6 23:19 TN/JH-DailyLife/UK/England/SE/GreaterLondon.pdf
-rw-r--r-- 1 jo jo 18413 Jan  4  2021 TN/JH-DailyLife/UK/England/SE/UniversityOxford.md
-rw-r--r-- 1 jo jo 47511 Jan  7  2021 TN/JH-DailyLife/UK/England/SE/UniversityOxford.pdf
-rw-r--r-- 1 jo jo 16644 Nov 19  2020 TN/JH-DailyLife/UK/England/Sussex.md
-rw-r--r-- 1 jo jo 56624 Dec  7  2020 TN/JH-DailyLife/UK/England/Sussex.pdf
-rw-r--r-- 1 jo jo 5186 Nov 19  2020 TN/JH-DailyLife/UK/England/YorkshireHumber/NorthYorkshire.md
-rw-r--r-- 1 jo jo 45171 Dec  7  2020 TN/JH-DailyLife/UK/England/YorkshireHumber/NorthYorkshire.pdf
-rw-r--r-- 1 jo jo 15169 Jan  6 09:00 TN/JH-DailyLife/UK/England/YorkshireHumber/YorkshireHumber.md
-rw-r--r-- 1 jo jo 55357 Jan  6 19:08 TN/JH-DailyLife/UK/England/YorkshireHumber/YorkshireHumber.pdf
-rw-r--r-- 1 jo jo 13010 Feb  4 12:09 TN/JH-DailyLife/UK/Government/BritishNationality.md
-rw-r--r-- 1 jo jo 58044 Feb  6 23:19 TN/JH-DailyLife/UK/Government/BritishNationality.pdf
-rw-r--r-- 1 jo jo 41643 Feb  4 08:37 TN/JH-DailyLife/UK/Government/Government.md
-rw-r--r-- 1 jo jo 107542 Feb  6 23:18 TN/JH-DailyLife/UK/Government/Government.pdf
-rw-r--r-- 1 jo jo 245738 Feb  3 18:48 TN/JH-DailyLife/UK/UK.md
-rw-r--r-- 1 jo jo 435441 Feb  6 23:20 TN/JH-DailyLife/UK/UK.pdf
-rw-r--r-- 1 jo jo 39779 Feb  4 12:14 TN/JH-Essential/Essential.md
-rw-r--r-- 1 jo jo 111469 Feb  6 23:32 TN/JH-Essential/Essential.pdf
-rw-r--r-- 1 jo jo 27627 Oct  7 00:05 TN/JH-Essential/Impots.md
-rw-r--r-- 1 jo jo 78437 Oct 12 14:45 TN/JH-Essential/Impots.pdf
-rw-r--r-- 1 jo jo 14912 Feb  1 10:34 TN/JH-Essential/MoneyServices/BanquePopulaire.md
-rw-r--r-- 1 jo jo 64727 Feb  6 23:32 TN/JH-Essential/MoneyServices/BanquePopulaire.pdf
-rw-r--r-- 1 jo jo 9507 Jan  5 20:49 TN/JH-Essential/MoneyServices/UK/Barclays.md
-rw-r--r-- 1 jo jo 46708 Jan  5 21:20 TN/JH-Essential/MoneyServices/UK/Barclays.pdf
-rw-r--r-- 1 jo jo 4365 Nov 19  2020 TN/JH-Essential/MoneyServices/UK/Halifax.md
-rw-r--r-- 1 jo jo 43924 Dec  7  2020 TN/JH-Essential/MoneyServices/UK/Halifax.pdf
-rw-r--r-- 1 jo jo 5425 Dec 22 07:45 TN/JH-Essential/MoneyServices/UK/TescoBank.md
-rw-r--r-- 1 jo jo 33235 Dec 23 20:48 TN/JH-Essential/MoneyServices/UK/TescoBank.pdf
-rw-r--r-- 1 jo jo 35872 Feb 11 10:44 TN/JH-Essential/MoneyServices/UK/UK.md
-rw-r--r-- 1 jo jo 89838 Feb 10 00:08 TN/JH-Essential/MoneyServices/UK/UK.pdf
Pandoc'd TN/JH-Essential/MoneyServices/UK/UK.md
-rw-r--r-- 1 jo jo 21085 Feb 13 20:56 TN/JH-Essential/Phonish/France.md
-rw-r--r-- 1 jo jo 84320 Feb  8 22:58 TN/JH-Essential/Phonish/France.pdf
Pandoc'd TN/JH-Essential/Phonish/France.md
-rw-r--r-- 1 jo jo 4723 Mar 18  2021 TN/JH-Essential/Phonish/UK/PhoneCoopMobile.md
-rw-r--r-- 1 jo jo 37814 Mar 18  2021 TN/JH-Essential/Phonish/UK/PhoneCoopMobile.pdf
-rw-r--r-- 1 jo jo 11320 Jan  5 09:43 TN/JH-Essential/Phonish/UK/UK.md
-rw-r--r-- 1 jo jo 45887 Jan  5 21:20 TN/JH-Essential/Phonish/UK/UK.pdf
-rw-r--r-- 1 jo jo 1713646 Jan  4 23:46 TN/JH-Private/Journal_9203-1410.md
-rw-r--r-- 1 jo jo 2079126 Jan  5 21:15 TN/JH-Private/Journal_9203-1410.pdf
-rw-r--r-- 1 jo jo 949016 Feb 13 21:06 TN/JH-Private/Private.md
-rw-r--r-- 1 jo jo 1352245 Feb 13 21:00 TN/JH-Private/Private.pdf
Pandoc'd TN/JH-Private/Private.md
-rw-r--r-- 1 jo jo 2709 May  7  2021 TN/LTX/OT-sectionHeadings.md
-rw-r--r-- 1 jo jo 34361 May  7  2021 TN/LTX/OT-sectionHeadings.pdf
-rw-r--r-- 1 jo jo 3028 Sep 27 17:12 TN/LTX/sectionHeadings.md
-rw-r--r-- 1 jo jo 34925 Sep 29 10:22 TN/LTX/sectionHeadings.pdf
-rw-r--r-- 1 jo jo 10382 Dec 10 14:13 TN-OT-V-N-E-A-B-Nephrozoa/Deuterostome-Chordata-Vertebrates/Acanthopterygii/Acanthopterygii.md
-rw-r--r-- 1 jo jo 35854 Dec 15 13:18 TN-OT-V-N-E-A-B-Nephrozoa/Deuterostome-Chordata-Vertebrates/Acanthopterygii/Acanthopterygii.pdf
-rw-r--r-- 1 jo jo 10303 Nov 15 09:55 TN-OT-V-N-E-A-B-Nephrozoa/Deuterostome-Chordata-Vertebrates/Acanthopterygii/Teleost.md
-rw-r--r-- 1 jo jo 39029 Feb  8 22:58 TN-OT-V-N-E-A-B-Nephrozoa/Deuterostome-Chordata-Vertebrates/Acanthopterygii/Teleost.pdf
-rw-r--r-- 1 jo jo 3741 Nov 19  2020 TN-OT-V-N-E-A-B-Nephrozoa/Deuterostome-Chordata-Vertebrates/Chondrichthyes.md
-rw-r--r-- 1 jo jo 54660 Jul 15  2021 TN-OT-V-N-E-A-B-Nephrozoa/Deuterostome-Chordata-Vertebrates/Chondrichthyes.pdf
-rw-r--r-- 1 jo jo 21240 Apr 10  2021 TN-OT-V-N-E-A-B-Nephrozoa/Deuterostome-Chordata-Vertebrates/Mammals/Eutheria.md
-rw-r--r-- 1 jo jo 84240 Jul 15  2021 TN-OT-V-N-E-A-B-Nephrozoa/Deuterostome-Chordata-Vertebrates/Mammals/Eutheria.pdf
-rw-r--r-- 1 jo jo 3784 Nov 19  2020 TN-OT-V-N-E-A-B-Nephrozoa/Deuterostome-Chordata-Vertebrates/Mammals/Hystricomorpha.md
-rw-r--r-- 1 jo jo 51666 Jul 15  2021 TN-OT-V-N-E-A-B-Nephrozoa/Deuterostome-Chordata-Vertebrates/Mammals/Hystricomorpha.pdf
-rw-r--r-- 1 jo jo 19001 Feb 12  2021 TN-OT-V-N-E-A-B-Nephrozoa/Deuterostome-Chordata-Vertebrates/Mammals/Laurasiatheria/orderArtiodactyla.md
-rw-r--r-- 1 jo jo 77982 Jul 15  2021 TN-OT-V-N-E-A-B-Nephrozoa/Deuterostome-Chordata-Vertebrates/Mammals/Laurasiatheria/orderArtiodactyla.pdf
-rw-r--r-- 1 jo jo 20977 Sep  9 15:12 TN-OT-V-N-E-A-B-Nephrozoa/Deuterostome-Chordata-Vertebrates/Mammals/Laurasiatheria/Scrotifera/Caniformia.md
-rw-r--r-- 1 jo jo 50427 Sep 11 00:18 TN-OT-V-N-E-A-B-Nephrozoa/Deuterostome-Chordata-Vertebrates/Mammals/Laurasiatheria/Scrotifera/Caniformia.pdf
-rw-r--r-- 1 jo jo 40797 Jan 20 15:08 TN-OT-V-N-E-A-B-Nephrozoa/Deuterostome-Chordata-Vertebrates/Mammals/Laurasiatheria/Scrotifera/Scrotifera.md
-rw-r--r-- 1 jo jo 86087 Jan 22 21:18 TN-OT-V-N-E-A-B-Nephrozoa/Deuterostome-Chordata-Vertebrates/Mammals/Laurasiatheria/Scrotifera/Scrotifera.pdf
-rw-r--r-- 1 jo jo 26394 Apr 10  2021 TN-OT-V-N-E-A-B-Nephrozoa/Deuterostome-Chordata-Vertebrates/Mammals/Simian/Simian.md
-rw-r--r-- 1 jo jo 90886 Jul 15  2021 TN-OT-V-N-E-A-B-Nephrozoa/Deuterostome-Chordata-Vertebrates/Mammals/Simian/Simian.pdf
-rw-r--r-- 1 jo jo 8334 Nov 19  2020 TN-OT-V-N-E-A-B-Nephrozoa/Deuterostome-Chordata-Vertebrates/Tetrapod/Frog.md
-rw-r--r-- 1 jo jo 59591 Jul 15  2021 TN-OT-V-N-E-A-B-Nephrozoa/Deuterostome-Chordata-Vertebrates/Tetrapod/Frog.pdf
-rw-r--r-- 1 jo jo 7012 Nov 19  2020 TN-OT-V-N-E-A-B-Nephrozoa/Deuterostome-Chordata-Vertebrates/Tetrapod/Sauropsida-Reptile/Diapsid/Crocodylomorpha.md
-rw-r--r-- 1 jo jo 63016 Jul 15  2021 TN-OT-V-N-E-A-B-Nephrozoa/Deuterostome-Chordata-Vertebrates/Tetrapod/Sauropsida-Reptile/Diapsid/Crocodylomorpha.pdf
-rw-r--r-- 1 jo jo 6879 Jan 18 09:30 TN-OT-V-N-E-A-B-Nephrozoa/Deuterostome-Chordata-Vertebrates/Tetrapod/Sauropsida-Reptile/Diapsid/Neodiapsida-Sauria-Pantestudines.md
-rw-r--r-- 1 jo jo 26422 Jan 18 09:47 TN-OT-V-N-E-A-B-Nephrozoa/Deuterostome-Chordata-Vertebrates/Tetrapod/Sauropsida-Reptile/Diapsid/Neodiapsida-Sauria-Pantestudines.pdf
-rw-r--r-- 1 jo jo 3326 Nov 19  2020 TN-OT-V-N-E-A-B-Nephrozoa/Deuterostome-Chordata-Vertebrates/Tetrapod/Sauropsida-Reptile/Diapsid/Neotheropoda-Averostra/Neotheropoda-Averostra.md
-rw-r--r-- 1 jo jo 49530 Jul 15  2021 TN-OT-V-N-E-A-B-Nephrozoa/Deuterostome-Chordata-Vertebrates/Tetrapod/Sauropsida-Reptile/Diapsid/Neotheropoda-Averostra/Neotheropoda-Averostra.pdf
-rw-r--r-- 1 jo jo 21812 Nov 19  2020 TN-OT-V-N-E-A-B-Nephrozoa/Deuterostome-Chordata-Vertebrates/Tetrapod/Sauropsida-Reptile/Diapsid/Neotheropoda-Averostra/Ornithothoraces-Paraves/Aves/Galliformes.md
-rw-r--r-- 1 jo jo 84782 Jul 15  2021 TN-OT-V-N-E-A-B-Nephrozoa/Deuterostome-Chordata-Vertebrates/Tetrapod/Sauropsida-Reptile/Diapsid/Neotheropoda-Averostra/Ornithothoraces-Paraves/Aves/Galliformes.pdf
-rw-r--r-- 1 jo jo 11363 Nov 19  2020 TN-OT-V-N-E-A-B-Nephrozoa/Deuterostome-Chordata-Vertebrates/Tetrapod/Sauropsida-Reptile/Diapsid/Neotheropoda-Averostra/Ornithothoraces-Paraves/Aves/Neognathae/Neoaves/Aequorlitornithes.md
-rw-r--r-- 1 jo jo 64798 Jul 15  2021 TN-OT-V-N-E-A-B-Nephrozoa/Deuterostome-Chordata-Vertebrates/Tetrapod/Sauropsida-Reptile/Diapsid/Neotheropoda-Averostra/Ornithothoraces-Paraves/Aves/Neognathae/Neoaves/Aequorlitornithes.pdf
-rw-r--r-- 1 jo jo 6403 Nov 19  2020 TN-OT-V-N-E-A-B-Nephrozoa/Deuterostome-Chordata-Vertebrates/Tetrapod/Sauropsida-Reptile/Diapsid/Neotheropoda-Averostra/Ornithothoraces-Paraves/Aves/Neognathae/Neoaves/Telluraves/Picodynastornithes.md
-rw-r--r-- 1 jo jo 58731 Aug 12  2021 TN-OT-V-N-E-A-B-Nephrozoa/Deuterostome-Chordata-Vertebrates/Tetrapod/Sauropsida-Reptile/Diapsid/Neotheropoda-Averostra/Ornithothoraces-Paraves/Aves/Neognathae/Neoaves/Telluraves/Picodynastornithes.pdf
-rw-r--r-- 1 jo jo 5572 Nov 19  2020 TN-OT-V-N-E-A-B-Nephrozoa/Deuterostome-Chordata-Vertebrates/Tetrapod/Sauropsida-Reptile/Diapsid/Neotheropoda-Averostra/Ornithothoraces-Paraves/Aves/Neognathae/Neoaves/Telluraves/Telluraves.md
-rw-r--r-- 1 jo jo 59265 Aug 12  2021 TN-OT-V-N-E-A-B-Nephrozoa/Deuterostome-Chordata-Vertebrates/Tetrapod/Sauropsida-Reptile/Diapsid/Neotheropoda-Averostra/Ornithothoraces-Paraves/Aves/Neognathae/Neoaves/Telluraves/Telluraves.pdf
-rw-r--r-- 1 jo jo 14180 Nov 19  2020 TN-OT-V-N-E-A-B-Nephrozoa/Deuterostome-Chordata-Vertebrates/Tetrapod/Sauropsida-Reptile/Diapsid/Neotheropoda-Averostra/Ornithothoraces-Paraves/Aves/Neognathae/Neognathae.md
-rw-r--r-- 1 jo jo 70722 Jul 15  2021 TN-OT-V-N-E-A-B-Nephrozoa/Deuterostome-Chordata-Vertebrates/Tetrapod/Sauropsida-Reptile/Diapsid/Neotheropoda-Averostra/Ornithothoraces-Paraves/Aves/Neognathae/Neognathae.pdf
-rw-r--r-- 1 jo jo 12595 Jan 17 14:37 TN-OT-V-N-E-A-B-Nephrozoa/Deuterostome-Chordata-Vertebrates/Tetrapod/Sauropsida-Reptile/Diapsid/Neotheropoda-Averostra/Ornithothoraces-Paraves/Aves/Psittacopasserae.md
-rw-r--r-- 1 jo jo 38605 Jan 18 09:47 TN-OT-V-N-E-A-B-Nephrozoa/Deuterostome-Chordata-Vertebrates/Tetrapod/Sauropsida-Reptile/Diapsid/Neotheropoda-Averostra/Ornithothoraces-Paraves/Aves/Psittacopasserae.pdf
-rw-r--r-- 1 jo jo 18486 Nov 19  2020 TN-OT-V-N-E-A-B-Nephrozoa/Deuterostome-Chordata-Vertebrates/Tetrapod/Sauropsida-Reptile/Diapsid/Neotheropoda-Averostra/Ornithothoraces-Paraves/Ornithothoraces-Paraves.md
-rw-r--r-- 1 jo jo 77951 Jul 15  2021 TN-OT-V-N-E-A-B-Nephrozoa/Deuterostome-Chordata-Vertebrates/Tetrapod/Sauropsida-Reptile/Diapsid/Neotheropoda-Averostra/Ornithothoraces-Paraves/Ornithothoraces-Paraves.pdf
-rw-r--r-- 1 jo jo 8189 Oct  1 13:13 TN-OT-V-N-E-A-B-Nephrozoa/Deuterostome-Chordata-Vertebrates/Tetrapod/Sauropsida-Reptile/Diapsid/Sauria/Archosauria/Archosauria.md
-rw-r--r-- 1 jo jo 31592 Oct  2 06:58 TN-OT-V-N-E-A-B-Nephrozoa/Deuterostome-Chordata-Vertebrates/Tetrapod/Sauropsida-Reptile/Diapsid/Sauria/Archosauria/Archosauria.pdf
-rw-r--r-- 1 jo jo 7694 Jun 21  2021 TN-OT-V-N-E-A-B-Nephrozoa/Deuterostome-Chordata-Vertebrates/Tetrapod/Sauropsida-Reptile/Diapsid/Sauria/Archosauria/Orionides-Avetheropoda.md
-rw-r--r-- 1 jo jo 57218 Jul 15  2021 TN-OT-V-N-E-A-B-Nephrozoa/Deuterostome-Chordata-Vertebrates/Tetrapod/Sauropsida-Reptile/Diapsid/Sauria/Archosauria/Orionides-Avetheropoda.pdf
-rw-r--r-- 1 jo jo 6122 Dec  7  2020 TN-OT-V-N-E-A-B-Nephrozoa/Deuterostome-Chordata-Vertebrates/Tetrapod/Sauropsida-Reptile/Diapsid/Sauria/Lepidosauria.md
-rw-r--r-- 1 jo jo 58202 Jul 15  2021 TN-OT-V-N-E-A-B-Nephrozoa/Deuterostome-Chordata-Vertebrates/Tetrapod/Sauropsida-Reptile/Diapsid/Sauria/Lepidosauria.pdf
-rw-r--r-- 1 jo jo 3882 Jan 18 09:30 TN-OT-V-N-E-A-B-Nephrozoa/Deuterostome-Chordata-Vertebrates/Tetrapod/Sauropsida-Reptile/reptile.md
-rw-r--r-- 1 jo jo 25118 Jan 18 09:47 TN-OT-V-N-E-A-B-Nephrozoa/Deuterostome-Chordata-Vertebrates/Tetrapod/Sauropsida-Reptile/reptile.pdf
-rw-r--r-- 1 jo jo 5936 Jun 21  2021 TN-OT-V-N-E-A-B-Nephrozoa/Deuterostome-Chordata-Vertebrates/Tetrapod/Tetrapod.md
-rw-r--r-- 1 jo jo 59023 Jul 15  2021 TN-OT-V-N-E-A-B-Nephrozoa/Deuterostome-Chordata-Vertebrates/Tetrapod/Tetrapod.pdf
-rw-r--r-- 1 jo jo 35344 Feb  8 10:20 TN-OT-V-N-E-A-B-Nephrozoa/Deuterostome-Chordata-Vertebrates/Vertebrate.md
-rw-r--r-- 1 jo jo 61320 Feb  8 22:59 TN-OT-V-N-E-A-B-Nephrozoa/Deuterostome-Chordata-Vertebrates/Vertebrate.pdf
-rw-r--r-- 1 jo jo 20366 Jan 31 11:10 TN-OT-V-N-E-A-B-Nephrozoa/Protostome-Spiralia-Lophotrochozoa.md
-rw-r--r-- 1 jo jo 57330 Jan 31 12:16 TN-OT-V-N-E-A-B-Nephrozoa/Protostome-Spiralia-Lophotrochozoa.pdf
-rw-r--r-- 1 jo jo 36536 Apr  7  2021 TN/OutThere/Belief-AbrahamicReligion/Abrahamic.md
-rw-r--r-- 1 jo jo 70347 Apr  7  2021 TN/OutThere/Belief-AbrahamicReligion/Abrahamic.pdf
-rw-r--r-- 1 jo jo 86907 Feb  1 11:52 TN/OutThere/Belief-AbrahamicReligion/Christianity.md
-rw-r--r-- 1 jo jo 156858 Feb  6 23:37 TN/OutThere/Belief-AbrahamicReligion/Christianity.pdf
-rw-r--r-- 1 jo jo 100763 Jan 18 19:25 TN/OutThere/Belief-Buddhism/Buddhism.md
-rw-r--r-- 1 jo jo 165223 Jan 22 21:18 TN/OutThere/Belief-Buddhism/Buddhism.pdf
-rw-r--r-- 1 jo jo 26264 Jan 29 19:57 TN/OutThere/Belief-Buddhism/Theravada.md
-rw-r--r-- 1 jo jo 73037 Jan 30 08:58 TN/OutThere/Belief-Buddhism/Theravada.pdf
-rw-r--r-- 1 jo jo 210967 Aug  3  2021 TN/OutThere/Belief-Buddhism/Tibetan.md
-rw-r--r-- 1 jo jo 290146 Aug 11  2021 TN/OutThere/Belief-Buddhism/Tibetan.pdf
-rw-r--r-- 1 jo jo 143154 Jan 18 19:25 TN/OutThere/Belief-Buddhism/Zen.md
-rw-r--r-- 1 jo jo 225279 Jan 22 21:18 TN/OutThere/Belief-Buddhism/Zen.pdf
-rw-r--r-- 1 jo jo 91647 Feb  1 11:54 TN/OutThere/Belief.md
-rw-r--r-- 1 jo jo 160455 Feb  6 23:37 TN/OutThere/Belief.pdf
-rw-r--r-- 1 jo jo 52844 Mar  2  2021 TN/OutThere/Music.md
-rw-r--r-- 1 jo jo 104445 May  7  2021 TN/OutThere/Music.pdf
-rw-r--r-- 1 jo jo 119402 Feb  3 18:56 TN/OutThere/OutThere.md
-rw-r--r-- 1 jo jo 185648 Feb  6 23:33 TN/OutThere/OutThere.pdf
-rw-r--r-- 1 jo jo 7797 Sep 28 20:09 TN/OutThere/Payment.md
-rw-r--r-- 1 jo jo 33517 Sep 29 10:20 TN/OutThere/Payment.pdf
-rw-r--r-- 1 jo jo 182204 Feb 10 12:40 TN/OutThere/Verifiable/Engineering/EM/EM.md
-rw-r--r-- 1 jo jo 275375 Feb  8 22:58 TN/OutThere/Verifiable/Engineering/EM/EM.pdf
Pandoc'd TN/OutThere/Verifiable/Engineering/EM/EM.md
-rw-r--r-- 1 jo jo 4046 Nov 19  2020 TN/OutThere/Verifiable/Engineering/EM/Refractometers.md
-rw-r--r-- 1 jo jo 34485 Dec  7  2020 TN/OutThere/Verifiable/Engineering/EM/Refractometers.pdf
-rw-r--r-- 1 jo jo 149673 Feb  5 10:48 TN/OutThere/Verifiable/Engineering/Engineering.md
-rw-r--r-- 1 jo jo 258591 Feb  6 23:34 TN/OutThere/Verifiable/Engineering/Engineering.pdf
-rw-r--r-- 1 jo jo 16533 Jan 31 11:19 TN/OutThere/Verifiable/Engineering/forAggression.md
-rw-r--r-- 1 jo jo 43480 Jan 31 12:12 TN/OutThere/Verifiable/Engineering/forAggression.pdf
-rw-r--r-- 1 jo jo 26987 Feb  3 18:49 TN/OutThere/Verifiable/Engineering/Transport.md
-rw-r--r-- 1 jo jo 86330 Feb  6 23:34 TN/OutThere/Verifiable/Engineering/Transport.pdf
-rw-r--r-- 1 jo jo 21263 Jan 22 07:40 TN/OutThere/Verifiable/Engineering/wasteTreatment.md
-rw-r--r-- 1 jo jo 49419 Jan 22 21:14 TN/OutThere/Verifiable/Engineering/wasteTreatment.pdf
-rw-r--r-- 1 jo jo 242118 Feb  9 13:02 TN/OutThere/Verifiable/Human/Body.md
-rw-r--r-- 1 jo jo 331408 Feb  9 20:51 TN/OutThere/Verifiable/Human/Body.pdf
-rw-r--r-- 1 jo jo 221993 Feb  4 09:10 TN/OutThere/Verifiable/Human/Human.md
-rw-r--r-- 1 jo jo 318752 Feb  6 23:36 TN/OutThere/Verifiable/Human/Human.pdf
-rw-r--r-- 1 jo jo 396653 Jan 31 11:01 TN/OutThere/Verifiable/Human/Illnesses.md
-rw-r--r-- 1 jo jo 520211 Jan 31 12:14 TN/OutThere/Verifiable/Human/Illnesses.pdf
-rw-r--r-- 1 jo jo 138629 Jan 31 14:16 TN/OutThere/Verifiable/Human/Medicines.md
-rw-r--r-- 1 jo jo 204740 Feb  6 23:35 TN/OutThere/Verifiable/Human/Medicines.pdf
-rw-r--r-- 1 jo jo 191955 Feb 11 14:09 TN/OutThere/Verifiable/Human/Psychology.md
-rw-r--r-- 1 jo jo 269366 Feb 10 00:08 TN/OutThere/Verifiable/Human/Psychology.pdf
Pandoc'd TN/OutThere/Verifiable/Human/Psychology.md
-rw-r--r-- 1 jo jo 328243 Jan 30 12:33 TN/OutThere/Verifiable/Human/Psychotherapy.md
-rw-r--r-- 1 jo jo 392228 Jan 31 09:29 TN/OutThere/Verifiable/Human/Psychotherapy.pdf
-rw-r--r-- 1 jo jo 96697 Jan  3 18:33 TN/OutThere/Verifiable/Human/Vision.md
-rw-r--r-- 1 jo jo 180392 Jan  4 08:26 TN/OutThere/Verifiable/Human/Vision.pdf
-rw-r--r-- 1 jo jo 206012 Feb 11 22:34 TN/OutThere/Verifiable/Human/Wellbeing.md
-rw-r--r-- 1 jo jo 315816 Feb  6 23:36 TN/OutThere/Verifiable/Human/Wellbeing.pdf
Pandoc'd TN/OutThere/Verifiable/Human/Wellbeing.md
-rw-r--r-- 1 jo jo 16725 Dec  6  2020 TN/OutThere/Verifiable/Mathematics/Geometry.md
-rw-r--r-- 1 jo jo 59476 Dec  7  2020 TN/OutThere/Verifiable/Mathematics/Geometry.pdf
-rw-r--r-- 1 jo jo 54536 Sep 29 06:46 TN/OutThere/Verifiable/Mathematics/Mathematics.md
-rw-r--r-- 1 jo jo 116697 Sep 29 10:20 TN/OutThere/Verifiable/Mathematics/Mathematics.pdf
-rw-r--r-- 1 jo jo 43772 Jan 19 20:23 TN/OutThere/Verifiable/Mathematics/Numbers.md
-rw-r--r-- 1 jo jo 93777 Jan 22 21:13 TN/OutThere/Verifiable/Mathematics/Numbers.pdf
-rw-r--r-- 1 jo jo 39059 Jan 31 11:14 TN/OutThere/Verifiable/Nature/Eukaryote/Animal/Animal.md
-rw-r--r-- 1 jo jo 86409 Jan 31 12:12 TN/OutThere/Verifiable/Nature/Eukaryote/Animal/Animal.pdf
-rw-r--r-- 1 jo jo 8401 Dec  6  2020 TN/OutThere/Verifiable/Nature/Eukaryote/Animal/Arthropod-Chelicerata/Acariformes.md
-rw-r--r-- 1 jo jo 70346 Jul 12  2021 TN/OutThere/Verifiable/Nature/Eukaryote/Animal/Arthropod-Chelicerata/Acariformes.pdf
-rw-r--r-- 1 jo jo 20108 Dec  6  2020 TN/OutThere/Verifiable/Nature/Eukaryote/Animal/Arthropod-Chelicerata/Arachnid.md
-rw-r--r-- 1 jo jo 84832 Jul 12  2021 TN/OutThere/Verifiable/Nature/Eukaryote/Animal/Arthropod-Chelicerata/Arachnid.pdf
-rw-r--r-- 1 jo jo 25158 Nov  9 12:46 TN/OutThere/Verifiable/Nature/Eukaryote/Animal/Arthropod-Pancrustacea/Hexapoda/Hexapoda.md
-rw-r--r-- 1 jo jo 61386 Nov  9 12:50 TN/OutThere/Verifiable/Nature/Eukaryote/Animal/Arthropod-Pancrustacea/Hexapoda/Hexapoda.pdf
-rw-r--r-- 1 jo jo 14295 Dec  2 13:12 TN/OutThere/Verifiable/Nature/Eukaryote/Animal/Arthropod-Pancrustacea/Hexapoda/Insecta-Hymenoptera-Apocrita.md
-rw-r--r-- 1 jo jo 39224 Dec  3 19:49 TN/OutThere/Verifiable/Nature/Eukaryote/Animal/Arthropod-Pancrustacea/Hexapoda/Insecta-Hymenoptera-Apocrita.pdf
-rw-r--r-- 1 jo jo 20515 Nov 23 11:27 TN/OutThere/Verifiable/Nature/Eukaryote/Animal/Arthropod-Pancrustacea/Pancrustacea.md
-rw-r--r-- 1 jo jo 56827 Nov 23 17:25 TN/OutThere/Verifiable/Nature/Eukaryote/Animal/Arthropod-Pancrustacea/Pancrustacea.pdf
-rw-r--r-- 1 jo jo 10556 Sep 27 17:18 TN/OutThere/Verifiable/Nature/Eukaryote/Animal/Arthropod-Pancrustacea/Pterygota/Hymenoptera-Apoidea.md
-rw-r--r-- 1 jo jo 35599 Sep 29 10:19 TN/OutThere/Verifiable/Nature/Eukaryote/Animal/Arthropod-Pancrustacea/Pterygota/Hymenoptera-Apoidea.pdf
-rw-r--r-- 1 jo jo 5829 Nov 19  2020 TN/OutThere/Verifiable/Nature/Eukaryote/Animal/Arthropod-Pancrustacea/Pterygota/Pterygota-Metapterygota/Cossina.md
-rw-r--r-- 1 jo jo 56588 Jul 12  2021 TN/OutThere/Verifiable/Nature/Eukaryote/Animal/Arthropod-Pancrustacea/Pterygota/Pterygota-Metapterygota/Cossina.pdf
-rw-r--r-- 1 jo jo 13008 Nov 19  2020 TN/OutThere/Verifiable/Nature/Eukaryote/Animal/Arthropod-Pancrustacea/Pterygota/Pterygota-Metapterygota/Endopterygota-Diptera.md
-rw-r--r-- 1 jo jo 65958 Jul 12  2021 TN/OutThere/Verifiable/Nature/Eukaryote/Animal/Arthropod-Pancrustacea/Pterygota/Pterygota-Metapterygota/Endopterygota-Diptera.pdf
-rw-r--r-- 1 jo jo 19047 Jan 14 10:27 TN/OutThere/Verifiable/Nature/Eukaryote/Animal/Arthropod-Pancrustacea/Pterygota/Pterygota-Metapterygota/Metapterygota.md
-rw-r--r-- 1 jo jo 52444 Jan 18 09:39 TN/OutThere/Verifiable/Nature/Eukaryote/Animal/Arthropod-Pancrustacea/Pterygota/Pterygota-Metapterygota/Metapterygota.pdf
-rw-r--r-- 1 jo jo 5668 Apr 23  2021 TN/OutThere/Verifiable/Nature/Eukaryote/Animal/Arthropod-Pancrustacea/Pterygota/Pterygota-Metapterygota/Psocodea-Louse.md
-rw-r--r-- 1 jo jo 55122 Jul 12  2021 TN/OutThere/Verifiable/Nature/Eukaryote/Animal/Arthropod-Pancrustacea/Pterygota/Pterygota-Metapterygota/Psocodea-Louse.pdf
-rw-r--r-- 1 jo jo 11803 Dec  6  2020 TN/OutThere/Verifiable/Nature/Eukaryote/Animal/Bilateria/Euthyneura.md
-rw-r--r-- 1 jo jo 69840 Jul 12  2021 TN/OutThere/Verifiable/Nature/Eukaryote/Animal/Bilateria/Euthyneura.pdf
-rw-r--r-- 1 jo jo 18961 Dec  6 15:52 TN/OutThere/Verifiable/Nature/Eukaryote/Animal/Eumetazoa-ParaHoxozoa-Cnidaria.md
-rw-r--r-- 1 jo jo 46034 Dec  7 23:47 TN/OutThere/Verifiable/Nature/Eukaryote/Animal/Eumetazoa-ParaHoxozoa-Cnidaria.pdf
-rw-r--r-- 1 jo jo 36379 Jan 24  2021 TN/OutThere/Verifiable/Nature/Eukaryote/Archaeplastida/Angiospermae-Eudicots/Asterales.md
-rw-r--r-- 1 jo jo 106052 Jul 12  2021 TN/OutThere/Verifiable/Nature/Eukaryote/Archaeplastida/Angiospermae-Eudicots/Asterales.pdf
-rw-r--r-- 1 jo jo 6258 Mar 28  2021 TN/OutThere/Verifiable/Nature/Eukaryote/Archaeplastida/Angiospermae-Eudicots/Eudicots.md
-rw-r--r-- 1 jo jo 61699 Jul 12  2021 TN/OutThere/Verifiable/Nature/Eukaryote/Archaeplastida/Angiospermae-Eudicots/Eudicots.pdf
-rw-r--r-- 1 jo jo 16625 Jan 29 14:10 TN/OutThere/Verifiable/Nature/Eukaryote/Archaeplastida/Angiospermae-Eudicots/Superasterids/Asterids.md
-rw-r--r-- 1 jo jo 43130 Jan 29 14:18 TN/OutThere/Verifiable/Nature/Eukaryote/Archaeplastida/Angiospermae-Eudicots/Superasterids/Asterids.pdf
-rw-r--r-- 1 jo jo 3715 Jan 24  2021 TN/OutThere/Verifiable/Nature/Eukaryote/Archaeplastida/Angiospermae-Eudicots/Superasterids/Ericaceae.md
-rw-r--r-- 1 jo jo 49918 Jul 12  2021 TN/OutThere/Verifiable/Nature/Eukaryote/Archaeplastida/Angiospermae-Eudicots/Superasterids/Ericaceae.pdf
-rw-r--r-- 1 jo jo 12537 Oct 29 10:24 TN/OutThere/Verifiable/Nature/Eukaryote/Archaeplastida/Angiospermae-Eudicots/Superrosids/Fabales-Faboideae.md
-rw-r--r-- 1 jo jo 44635 Oct 29 22:43 TN/OutThere/Verifiable/Nature/Eukaryote/Archaeplastida/Angiospermae-Eudicots/Superrosids/Fabales-Faboideae.pdf
-rw-r--r-- 1 jo jo 9306 Dec 26 19:23 TN/OutThere/Verifiable/Nature/Eukaryote/Archaeplastida/Angiospermae-Eudicots/Superrosids/Malvales.md
-rw-r--r-- 1 jo jo 32586 Dec 27 19:12 TN/OutThere/Verifiable/Nature/Eukaryote/Archaeplastida/Angiospermae-Eudicots/Superrosids/Malvales.pdf
-rw-r--r-- 1 jo jo 66607 Dec 26 18:29 TN/OutThere/Verifiable/Nature/Eukaryote/Archaeplastida/Angiospermae-Eudicots/Superrosids/Rosids.md
-rw-r--r-- 1 jo jo 112677 Dec 27 19:12 TN/OutThere/Verifiable/Nature/Eukaryote/Archaeplastida/Angiospermae-Eudicots/Superrosids/Rosids.pdf
-rw-r--r-- 1 jo jo 4900 May  4  2021 TN/OutThere/Verifiable/Nature/Eukaryote/Archaeplastida/Angiospermae-Monocotyledon/Commelinids-Arecales.md
-rw-r--r-- 1 jo jo 52252 Jul 12  2021 TN/OutThere/Verifiable/Nature/Eukaryote/Archaeplastida/Angiospermae-Monocotyledon/Commelinids-Arecales.pdf
-rw-r--r-- 1 jo jo 9951 Apr  1  2021 TN/OutThere/Verifiable/Nature/Eukaryote/Archaeplastida/Angiospermae-Monocotyledon/Commelinids-Poales.md
-rw-r--r-- 1 jo jo 64696 Jul 12  2021 TN/OutThere/Verifiable/Nature/Eukaryote/Archaeplastida/Angiospermae-Monocotyledon/Commelinids-Poales.pdf
-rw-r--r-- 1 jo jo 13629 Nov  9 14:22 TN/OutThere/Verifiable/Nature/Eukaryote/Archaeplastida/Angiospermae-Monocotyledon/Monocotyledon.md
-rw-r--r-- 1 jo jo 37935 Nov 10 18:14 TN/OutThere/Verifiable/Nature/Eukaryote/Archaeplastida/Angiospermae-Monocotyledon/Monocotyledon.pdf
-rw-r--r-- 1 jo jo 11227 Mar 28  2021 TN/OutThere/Verifiable/Nature/Eukaryote/Archaeplastida/Plantae.md
-rw-r--r-- 1 jo jo 69891 Jul 12  2021 TN/OutThere/Verifiable/Nature/Eukaryote/Archaeplastida/Plantae.pdf
-rw-r--r-- 1 jo jo 7488 Jan 24  2021 TN/OutThere/Verifiable/Nature/Eukaryote/Conosa.md
-rw-r--r-- 1 jo jo 60223 Jul 12  2021 TN/OutThere/Verifiable/Nature/Eukaryote/Conosa.pdf
-rw-r--r-- 1 jo jo 3102 Dec  8 08:27 TN/OutThere/Verifiable/Nature/Eukaryote/Diaphoretickes-SAR.md
-rw-r--r-- 1 jo jo 25732 Dec  8 22:42 TN/OutThere/Verifiable/Nature/Eukaryote/Diaphoretickes-SAR.pdf
-rw-r--r-- 1 jo jo 14318 Dec  8 12:31 TN/OutThere/Verifiable/Nature/Eukaryote/Dikarya/Ascomycota.md
-rw-r--r-- 1 jo jo 42142 Dec  8 22:42 TN/OutThere/Verifiable/Nature/Eukaryote/Dikarya/Ascomycota.pdf
-rw-r--r-- 1 jo jo 10131 Apr 27  2021 TN/OutThere/Verifiable/Nature/Eukaryote/Dikarya/Basidiomycota-Agaricomycotina-Agaricomycetes.md
-rw-r--r-- 1 jo jo 66506 Jul 12  2021 TN/OutThere/Verifiable/Nature/Eukaryote/Dikarya/Basidiomycota-Agaricomycotina-Agaricomycetes.pdf
-rw-r--r-- 1 jo jo 63955 Dec  8 12:31 TN/OutThere/Verifiable/Nature/Eukaryote/Eukaryote.md
-rw-r--r-- 1 jo jo 105125 Dec  8 22:42 TN/OutThere/Verifiable/Nature/Eukaryote/Eukaryote.pdf
-rw-r--r-- 1 jo jo 81235 Jan 30 08:53 TN/OutThere/Verifiable/Nature/Phanerozoic.md
-rw-r--r-- 1 jo jo 134985 Jan 30 08:56 TN/OutThere/Verifiable/Nature/Phanerozoic.pdf
-rw-r--r-- 1 jo jo 4652 Jan 30 08:53 TN/OutThere/Verifiable/Nature/Prokaryote/Archaea-Proteoarchaeota.md
-rw-r--r-- 1 jo jo 25723 Jan 30 08:56 TN/OutThere/Verifiable/Nature/Prokaryote/Archaea-Proteoarchaeota.pdf
-rw-r--r-- 1 jo jo 16896 Nov  8 18:57 TN/OutThere/Verifiable/Nature/Prokaryote/Bacteria-Terrabacteria.md
-rw-r--r-- 1 jo jo 43146 Nov  8 19:03 TN/OutThere/Verifiable/Nature/Prokaryote/Bacteria-Terrabacteria.pdf
-rw-r--r-- 1 jo jo 57375 Feb  3 18:56 TN/OutThere/Verifiable/Science/Astronomy/Astronomy.md
-rw-r--r-- 1 jo jo 118896 Feb  6 23:34 TN/OutThere/Verifiable/Science/Astronomy/Astronomy.pdf
-rw-r--r-- 1 jo jo 69392 Jan 29 19:49 TN/OutThere/Verifiable/Science/Astronomy/ourGalaxy.md
-rw-r--r-- 1 jo jo 128587 Jan 30 08:56 TN/OutThere/Verifiable/Science/Astronomy/ourGalaxy.pdf
-rw-r--r-- 1 jo jo 118375 Jan 31 09:59 TN/OutThere/Verifiable/Science/Biology/Biology.md
-rw-r--r-- 1 jo jo 171497 Jan 31 12:12 TN/OutThere/Verifiable/Science/Biology/Biology.pdf
-rw-r--r-- 1 jo jo 64711 Jan 29 09:41 TN/OutThere/Verifiable/Science/Biology/Microbiology.md
-rw-r--r-- 1 jo jo 115118 Jan 29 14:19 TN/OutThere/Verifiable/Science/Biology/Microbiology.pdf
-rw-r--r-- 1 jo jo 99953 Feb  7 00:31 TN/OutThere/Verifiable/Science/Chemistry.md
-rw-r--r-- 1 jo jo 179076 Feb  7 00:32 TN/OutThere/Verifiable/Science/Chemistry.pdf
-rw-r--r-- 1 jo jo 133320 Jan 29 09:18 TN/OutThere/Verifiable/Science/Physics.md
-rw-r--r-- 1 jo jo 224475 Jan 29 14:18 TN/OutThere/Verifiable/Science/Physics.pdf
-rw-r--r-- 1 jo jo 262783 Feb  1 18:33 TN/OutThere/Verifiable/Science/Science.md
-rw-r--r-- 1 jo jo 381968 Feb  6 23:35 TN/OutThere/Verifiable/Science/Science.pdf
-rw-r--r-- 1 jo jo 203845 Jan 31 10:06 TN/OutThere/Verifiable/Verifiable.md
-rw-r--r-- 1 jo jo 310036 Jan 31 12:13 TN/OutThere/Verifiable/Verifiable.pdf
-rw-r--r-- 1 jo jo 150371 Jan 31 11:37 TN/OutThere/World/Africa/Africa.md
-rw-r--r-- 1 jo jo 237735 Jan 31 12:16 TN/OutThere/World/Africa/Africa.pdf
-rw-r--r-- 1 jo jo 4556 Mar 23  2021 TN/OutThere/World/Africa/EastAfricanRift.md
-rw-r--r-- 1 jo jo 26738 Mar 24  2021 TN/OutThere/World/Africa/EastAfricanRift.pdf
-rw-r--r-- 1 jo jo 93803 Jan 31 16:13 TN/OutThere/World/America-Canada/Canada.md
-rw-r--r-- 1 jo jo 183181 Feb  6 23:44 TN/OutThere/World/America-Canada/Canada.pdf
-rw-r--r-- 1 jo jo 35212 Dec  8 08:12 TN/OutThere/World/America-Canada/Ontario.md
-rw-r--r-- 1 jo jo 71318 Dec  8 22:43 TN/OutThere/World/America-Canada/Ontario.pdf
-rw-r--r-- 1 jo jo 14127 Mar 19  2021 TN/OutThere/World/America-Canada/Western/BritishColumbia.md
-rw-r--r-- 1 jo jo 44575 Mar 19  2021 TN/OutThere/World/America-Canada/Western/BritishColumbia.pdf
-rw-r--r-- 1 jo jo 15123 Apr 17  2021 TN/OutThere/World/America-Canada/Western/CanadianPrairies.md
-rw-r--r-- 1 jo jo 42280 Apr 17  2021 TN/OutThere/World/America-Canada/Western/CanadianPrairies.pdf
-rw-r--r-- 1 jo jo 44857 Jan  6 20:09 TN/OutThere/World/America-Latin/LatinAmerica.md
-rw-r--r-- 1 jo jo 96967 Jan  7 19:55 TN/OutThere/World/America-Latin/LatinAmerica.pdf
-rw-r--r-- 1 jo jo 60564 Feb  4 09:09 TN/OutThere/World/America-Latin/SouthAmerica.md
-rw-r--r-- 1 jo jo 122123 Feb  6 23:13 TN/OutThere/World/America-Latin/SouthAmerica.pdf
-rw-r--r-- 1 jo jo 48707 Jan 17 11:26 TN/OutThere/World/America-US/Analysis.md
-rw-r--r-- 1 jo jo 87057 Jan 18 09:43 TN/OutThere/World/America-US/Analysis.pdf
-rw-r--r-- 1 jo jo 338217 Feb 11 07:14 TN/OutThere/World/America-US/arts/Filmic.md
-rw-r--r-- 1 jo jo 570401 Feb  9 12:59 TN/OutThere/World/America-US/arts/Filmic.pdf
Pandoc'd TN/OutThere/World/America-US/arts/Filmic.md
-rw-r--r-- 1 jo jo 149528 Dec 14 17:27 TN/OutThere/World/America-US/arts/Literary.md
-rw-r--r-- 1 jo jo 223830 Dec 15 13:13 TN/OutThere/World/America-US/arts/Literary.pdf
-rw-r--r-- 1 jo jo 244564 Feb  7 00:40 TN/OutThere/World/America-US/arts/Music.md
-rw-r--r-- 1 jo jo 428103 Feb  8 08:36 TN/OutThere/World/America-US/arts/Music.pdf
-rw-r--r-- 1 jo jo 107526 Dec 13 22:31 TN/OutThere/World/America-US/Government.md
-rw-r--r-- 1 jo jo 192884 Dec 15 13:12 TN/OutThere/World/America-US/Government.pdf
-rw-r--r-- 1 jo jo 105332 Jan 31 20:17 TN/OutThere/World/America-US/MichaelGreger.md
-rw-r--r-- 1 jo jo 145498 Feb  6 23:44 TN/OutThere/World/America-US/MichaelGreger.pdf
-rw-r--r-- 1 jo jo 44451 Feb  2 06:21 TN/OutThere/World/America-US/MidwesternStates/Illinois.md
-rw-r--r-- 1 jo jo 93323 Feb  6 23:43 TN/OutThere/World/America-US/MidwesternStates/Illinois.pdf
-rw-r--r-- 1 jo jo 7428 Mar 24  2021 TN/OutThere/World/America-US/MidwesternStates/Indiana.md
-rw-r--r-- 1 jo jo 35295 Mar 26  2021 TN/OutThere/World/America-US/MidwesternStates/Indiana.pdf
-rw-r--r-- 1 jo jo 2861 Nov 19  2020 TN/OutThere/World/America-US/MidwesternStates/Michigan/BerrienCounty.md
-rw-r--r-- 1 jo jo 32828 Dec  7  2020 TN/OutThere/World/America-US/MidwesternStates/Michigan/BerrienCounty.pdf
-rw-r--r-- 1 jo jo 13723 Mar  3  2021 TN/OutThere/World/America-US/MidwesternStates/Michigan/MetroDetroit.md
-rw-r--r-- 1 jo jo 40664 Mar  4  2021 TN/OutThere/World/America-US/MidwesternStates/Michigan/MetroDetroit.pdf
-rw-r--r-- 1 jo jo 36014 Aug  9  2021 TN/OutThere/World/America-US/MidwesternStates/MidwesternStates.md
-rw-r--r-- 1 jo jo 126115 Aug 11  2021 TN/OutThere/World/America-US/MidwesternStates/MidwesternStates.pdf
-rw-r--r-- 1 jo jo 3744 Aug  6  2021 TN/OutThere/World/America-US/MidwesternStates/Wisconsin.md
-rw-r--r-- 1 jo jo 69183 Aug 11  2021 TN/OutThere/World/America-US/MidwesternStates/Wisconsin.pdf
-rw-r--r-- 1 jo jo 62590 Apr 16  2021 TN/OutThere/World/America-US/NortheasternStates/CambridgeMassachusetts.md
-rw-r--r-- 1 jo jo 111889 Apr 17  2021 TN/OutThere/World/America-US/NortheasternStates/CambridgeMassachusetts.pdf
-rw-r--r-- 1 jo jo 20704 Jan 17 11:38 TN/OutThere/World/America-US/NortheasternStates/NewEngland.md
-rw-r--r-- 1 jo jo 57751 Jan 18 09:43 TN/OutThere/World/America-US/NortheasternStates/NewEngland.pdf
-rw-r--r-- 1 jo jo 15249 Jan 28  2021 TN/OutThere/World/America-US/NortheasternStates/NewJersey.md
-rw-r--r-- 1 jo jo 39313 Feb  1  2021 TN/OutThere/World/America-US/NortheasternStates/NewJersey.pdf
-rw-r--r-- 1 jo jo 56428 Apr 29  2021 TN/OutThere/World/America-US/NortheasternStates/NewYork/NewYorkState.md
-rw-r--r-- 1 jo jo 109951 May  4  2021 TN/OutThere/World/America-US/NortheasternStates/NewYork/NewYorkState.pdf
-rw-r--r-- 1 jo jo 98500 Feb 11 08:45 TN/OutThere/World/America-US/NortheasternStates/NewYork/NYMA/NYC.md
Pandoc'd TN/OutThere/World/America-US/NortheasternStates/NewYork/NYMA/NYC.md
-rw-r--r-- 1 jo jo 102071 Feb 11 08:46 TN/OutThere/World/America-US/NortheasternStates/NewYork/NYMA/NYMA.md
-rw-r--r-- 1 jo jo 249630 Jan 31 12:14 TN/OutThere/World/America-US/NortheasternStates/NewYork/NYMA/NYMA.pdf
Pandoc'd TN/OutThere/World/America-US/NortheasternStates/NewYork/NYMA/NYMA.md
-rw-r--r-- 1 jo jo 5609 Nov 19  2020 TN/OutThere/World/America-US/NortheasternStates/NewYork/SuffolkCounty.md
-rw-r--r-- 1 jo jo 34484 Dec  7  2020 TN/OutThere/World/America-US/NortheasternStates/NewYork/SuffolkCounty.pdf
-rw-r--r-- 1 jo jo 148363 Feb  3 18:42 TN/OutThere/World/America-US/NortheasternStates/NortheasternStates.md
-rw-r--r-- 1 jo jo 224106 Feb  6 23:42 TN/OutThere/World/America-US/NortheasternStates/NortheasternStates.pdf
-rw-r--r-- 1 jo jo 2835 Nov 19  2020 TN/OutThere/World/America-US/NortheasternStates/Pennsylvania/DelawareCounty.md
-rw-r--r-- 1 jo jo 31774 Dec  7  2020 TN/OutThere/World/America-US/NortheasternStates/Pennsylvania/DelawareCounty.pdf
-rw-r--r-- 1 jo jo 22075 Apr 25  2021 TN/OutThere/World/America-US/NortheasternStates/Pennsylvania/Pennsylvania.md
-rw-r--r-- 1 jo jo 55770 Apr 26  2021 TN/OutThere/World/America-US/NortheasternStates/Pennsylvania/Pennsylvania.pdf
-rw-r--r-- 1 jo jo 13146 Nov 10 10:57 TN/OutThere/World/America-US/NortheasternStates/RhodeIsland/ProvidenceCounty-Pawtucket.md
-rw-r--r-- 1 jo jo 50328 Nov 10 18:15 TN/OutThere/World/America-US/NortheasternStates/RhodeIsland/ProvidenceCounty-Pawtucket.pdf
-rw-r--r-- 1 jo jo 1510 Nov 10 10:57 TN/OutThere/World/America-US/NortheasternStates/RhodeIsland/RhodeIsland.md
-rw-r--r-- 1 jo jo 23074 Nov 10 18:15 TN/OutThere/World/America-US/NortheasternStates/RhodeIsland/RhodeIsland.pdf
-rw-r--r-- 1 jo jo 3063 Jan 17 14:16 TN/OutThere/World/America-US/PacificStates/California-Northern/NorthernCalifornia.md
-rw-r--r-- 1 jo jo 27203 Jan 18 09:43 TN/OutThere/World/America-US/PacificStates/California-Northern/NorthernCalifornia.pdf
-rw-r--r-- 1 jo jo 28706 Jan 17 13:59 TN/OutThere/World/America-US/PacificStates/California-Northern/SanFranciscoBayArea/AlamedaCounty.md
-rw-r--r-- 1 jo jo 63331 Jan 18 09:44 TN/OutThere/World/America-US/PacificStates/California-Northern/SanFranciscoBayArea/AlamedaCounty.pdf
-rw-r--r-- 1 jo jo 94020 Jan 11 19:36 TN/OutThere/World/America-US/PacificStates/California-Northern/SanFranciscoBayArea/SanFranciscoBayArea.md
-rw-r--r-- 1 jo jo 175461 Jan 18 09:43 TN/OutThere/World/America-US/PacificStates/California-Northern/SanFranciscoBayArea/SanFranciscoBayArea.pdf
-rw-r--r-- 1 jo jo 58116 Feb 11 22:35 TN/OutThere/World/America-US/PacificStates/California-Southern/GLA/GLA.md
-rw-r--r-- 1 jo jo 114500 Aug  3  2021 TN/OutThere/World/America-US/PacificStates/California-Southern/GLA/GLA.pdf
Pandoc'd TN/OutThere/World/America-US/PacificStates/California-Southern/GLA/GLA.md
-rw-r--r-- 1 jo jo 84476 Jan 17 11:31 TN/OutThere/World/America-US/PacificStates/California-Southern/GLA/LAC-LosAngeles.md
-rw-r--r-- 1 jo jo 149923 Jan 18 09:43 TN/OutThere/World/America-US/PacificStates/California-Southern/GLA/LAC-LosAngeles.pdf
-rw-r--r-- 1 jo jo 13855 Mar 16  2021 TN/OutThere/World/America-US/PacificStates/California-Southern/GLA/OrangeCounty.md
-rw-r--r-- 1 jo jo 43533 Mar 16  2021 TN/OutThere/World/America-US/PacificStates/California-Southern/GLA/OrangeCounty.pdf
-rw-r--r-- 1 jo jo 17091 Mar 11  2021 TN/OutThere/World/America-US/PacificStates/California-Southern/SanDiegoCounty.md
-rw-r--r-- 1 jo jo 45437 Mar 11  2021 TN/OutThere/World/America-US/PacificStates/California-Southern/SanDiegoCounty.pdf
-rw-r--r-- 1 jo jo 9266 May  4  2021 TN/OutThere/World/America-US/PacificStates/California-Southern/SouthernCalifornia.md
-rw-r--r-- 1 jo jo 39634 May  5  2021 TN/OutThere/World/America-US/PacificStates/California-Southern/SouthernCalifornia.pdf
-rw-r--r-- 1 jo jo 22894 Feb 11 08:48 TN/OutThere/World/America-US/PacificStates/Oregon.md
-rw-r--r-- 1 jo jo 69539 Apr 16  2021 TN/OutThere/World/America-US/PacificStates/Oregon.pdf
Pandoc'd TN/OutThere/World/America-US/PacificStates/Oregon.md
-rw-r--r-- 1 jo jo 46204 Jan  4 09:33 TN/OutThere/World/America-US/PacificStates/PacificStates.md
-rw-r--r-- 1 jo jo 100651 Jan  5 21:18 TN/OutThere/World/America-US/PacificStates/PacificStates.pdf
-rw-r--r-- 1 jo jo 20694 Apr 28  2021 TN/OutThere/World/America-US/PacificStates/WA-SeattleMetro-KingCounty.md
-rw-r--r-- 1 jo jo 63306 May  4  2021 TN/OutThere/World/America-US/PacificStates/WA-SeattleMetro-KingCounty.pdf
-rw-r--r-- 1 jo jo 32633 Aug  3  2021 TN/OutThere/World/America-US/SouthAtlanticStates/Florida.md
-rw-r--r-- 1 jo jo 106026 Aug 11  2021 TN/OutThere/World/America-US/SouthAtlanticStates/Florida.pdf
-rw-r--r-- 1 jo jo 8758 Dec 15 19:31 TN/OutThere/World/America-US/SouthAtlanticStates/Maryland-MontgomeryCounty.md
-rw-r--r-- 1 jo jo 38317 Dec 15 19:34 TN/OutThere/World/America-US/SouthAtlanticStates/Maryland-MontgomeryCounty.pdf
-rw-r--r-- 1 jo jo 25236 May 27  2021 TN/OutThere/World/America-US/SouthAtlanticStates/NorthCarolina.md
-rw-r--r-- 1 jo jo 75080 May 27  2021 TN/OutThere/World/America-US/SouthAtlanticStates/NorthCarolina.pdf
-rw-r--r-- 1 jo jo 19729 Dec 30 12:34 TN/OutThere/World/America-US/SouthAtlanticStates/SouthAtlanticStates.md
-rw-r--r-- 1 jo jo 66384 Dec 30 13:03 TN/OutThere/World/America-US/SouthAtlanticStates/SouthAtlanticStates.pdf
-rw-r--r-- 1 jo jo 3387 Dec 30 18:38 TN/OutThere/World/America-US/SouthAtlanticStates/SouthCarolina.md
-rw-r--r-- 1 jo jo 38405 Jan  4 08:28 TN/OutThere/World/America-US/SouthAtlanticStates/SouthCarolina.pdf
-rw-r--r-- 1 jo jo 12859 May 19  2021 TN/OutThere/World/America-US/SouthAtlanticStates/Virginia.md
-rw-r--r-- 1 jo jo 52388 May 21  2021 TN/OutThere/World/America-US/SouthAtlanticStates/Virginia.pdf
-rw-r--r-- 1 jo jo 54487 Oct  4 13:40 TN/OutThere/World/America-US/SouthernStates/SouthernStates.md
-rw-r--r-- 1 jo jo 111168 Oct  6 10:04 TN/OutThere/World/America-US/SouthernStates/SouthernStates.pdf
-rw-r--r-- 1 jo jo 4329 Nov 22 08:51 TN/OutThere/World/America-US/SouthernStates/Tennessee/RutherfordCounty.md
-rw-r--r-- 1 jo jo 39066 Nov 23 17:26 TN/OutThere/World/America-US/SouthernStates/Tennessee/RutherfordCounty.pdf
-rw-r--r-- 1 jo jo 16938 Aug 12  2021 TN/OutThere/World/America-US/SouthernStates/Tennessee/Tennessee.md
-rw-r--r-- 1 jo jo 59394 Aug 13  2021 TN/OutThere/World/America-US/SouthernStates/Tennessee/Tennessee.pdf
-rw-r--r-- 1 jo jo 696063 Feb 11 09:22 TN/OutThere/World/America-US/USA.md
-rw-r--r-- 1 jo jo 974274 Feb  6 23:43 TN/OutThere/World/America-US/USA.pdf
Pandoc'd TN/OutThere/World/America-US/USA.md
-rw-r--r-- 1 jo jo 23515 Apr 28  2021 TN/OutThere/World/America-US/WesternUS-MountainStates/Arizona.md
-rw-r--r-- 1 jo jo 67620 May  4  2021 TN/OutThere/World/America-US/WesternUS-MountainStates/Arizona.pdf
-rw-r--r-- 1 jo jo 18268 Jan 22 11:50 TN/OutThere/World/America-US/WesternUS-MountainStates/Colorado.md
-rw-r--r-- 1 jo jo 56948 Jan 22 21:15 TN/OutThere/World/America-US/WesternUS-MountainStates/Colorado.pdf
-rw-r--r-- 1 jo jo 28031 May  4  2021 TN/OutThere/World/America-US/WesternUS-MountainStates/MountainStates.md
-rw-r--r-- 1 jo jo 74166 May  4  2021 TN/OutThere/World/America-US/WesternUS-MountainStates/MountainStates.pdf
-rw-r--r-- 1 jo jo 38433 Jan 19 20:47 TN/OutThere/World/Arts/Arts.md
-rw-r--r-- 1 jo jo 94498 Jan 22 21:17 TN/OutThere/World/Arts/Arts.pdf
-rw-r--r-- 1 jo jo 15027 Jan  6 20:09 TN/OutThere/World/Arts/Filmic.md
-rw-r--r-- 1 jo jo 52137 Jan  7 19:56 TN/OutThere/World/Arts/Filmic.pdf
-rw-r--r-- 1 jo jo 54698 Feb 10 13:08 TN/OutThere/World/AsiaPacific/Australia/Australia.md
-rw-r--r-- 1 jo jo 119047 Dec 15 13:17 TN/OutThere/World/AsiaPacific/Australia/Australia.pdf
Pandoc'd TN/OutThere/World/AsiaPacific/Australia/Australia.md
-rw-r--r-- 1 jo jo 26317 Jan 17 12:02 TN/OutThere/World/AsiaPacific/Australia/Culture.md
-rw-r--r-- 1 jo jo 71237 Jan 18 09:46 TN/OutThere/World/AsiaPacific/Australia/Culture.pdf
-rw-r--r-- 1 jo jo 25429 Mar 23  2021 TN/OutThere/World/AsiaPacific/Australia/NewSouthWales.md
-rw-r--r-- 1 jo jo 58086 Mar 24  2021 TN/OutThere/World/AsiaPacific/Australia/NewSouthWales.pdf
-rw-r--r-- 1 jo jo 10754 Jan 14 11:49 TN/OutThere/World/AsiaPacific/East/ChinaRegions/East.md
-rw-r--r-- 1 jo jo 46667 Jan 18 09:46 TN/OutThere/World/AsiaPacific/East/ChinaRegions/East.pdf
-rw-r--r-- 1 jo jo 18175 Feb  8 22:44 TN/OutThere/World/AsiaPacific/East/ChinaRegions/SouthCentral.md
-rw-r--r-- 1 jo jo 64302 Feb  8 22:58 TN/OutThere/World/AsiaPacific/East/ChinaRegions/SouthCentral.pdf
-rw-r--r-- 1 jo jo 274494 Jan 14 20:04 TN/OutThere/World/AsiaPacific/East/East.md
-rw-r--r-- 1 jo jo 399607 Jan 18 09:46 TN/OutThere/World/AsiaPacific/East/East.pdf
-rw-r--r-- 1 jo jo 59773 Dec 31 15:53 TN/OutThere/World/AsiaPacific/East/Japan/Arts.md
-rw-r--r-- 1 jo jo 150597 Jan  4 08:28 TN/OutThere/World/AsiaPacific/East/Japan/Arts.pdf
-rw-r--r-- 1 jo jo 7743 Mar 12  2021 TN/OutThere/World/AsiaPacific/East/Japan/KantoRegion.md
-rw-r--r-- 1 jo jo 47102 Mar 14  2021 TN/OutThere/World/AsiaPacific/East/Japan/KantoRegion.pdf
-rw-r--r-- 1 jo jo 1601 Mar 12  2021 TN/OutThere/World/AsiaPacific/East/Japan/Osaka-Kadoma.md
-rw-r--r-- 1 jo jo 29202 Mar 14  2021 TN/OutThere/World/AsiaPacific/East/Japan/Osaka-Kadoma.pdf
-rw-r--r-- 1 jo jo 67838 Feb  9 20:31 TN/OutThere/World/AsiaPacific/IndianSubcontinant.md
-rw-r--r-- 1 jo jo 123635 Feb  9 20:51 TN/OutThere/World/AsiaPacific/IndianSubcontinant.pdf
-rw-r--r-- 1 jo jo 13399 Jan 24 12:39 TN/OutThere/World/AsiaPacific/SouthEast/Indonesia.md
-rw-r--r-- 1 jo jo 49729 Jan 29 14:23 TN/OutThere/World/AsiaPacific/SouthEast/Indonesia.pdf
-rw-r--r-- 1 jo jo 56076 Apr 10  2021 TN/OutThere/World/AsiaPacific/SouthEast/Southeast.md
-rw-r--r-- 1 jo jo 102661 Apr 16  2021 TN/OutThere/World/AsiaPacific/SouthEast/Southeast.pdf
-rw-r--r-- 1 jo jo 8676 Aug  3  2021 TN/OutThere/World/AsiaPacific/Zealandia.md
-rw-r--r-- 1 jo jo 74696 Aug 11  2021 TN/OutThere/World/AsiaPacific/Zealandia.pdf
-rw-r--r-- 1 jo jo 78189 Jan 28 08:37 TN/OutThere/World/Eurasia/Asia/Asia.md
-rw-r--r-- 1 jo jo 143481 Jan 29 14:22 TN/OutThere/World/Eurasia/Asia/Asia.pdf
-rw-r--r-- 1 jo jo 29525 Nov 19  2020 TN/OutThere/World/Eurasia/Asia/Levant.md
-rw-r--r-- 1 jo jo 86886 Dec  7  2020 TN/OutThere/World/Eurasia/Asia/Levant.pdf
-rw-r--r-- 1 jo jo 49485 Jan 29 14:11 TN/OutThere/World/Eurasia/Eurasia.md
-rw-r--r-- 1 jo jo 94365 Jan 29 14:22 TN/OutThere/World/Eurasia/Eurasia.pdf
-rw-r--r-- 1 jo jo 31649 Jan 31 13:51 TN/OutThere/World/Eurasia/Europe/Central/Central.md
-rw-r--r-- 1 jo jo 76217 Feb  6 23:40 TN/OutThere/World/Eurasia/Europe/Central/Central.pdf
-rw-r--r-- 1 jo jo 108503 Feb  2 10:40 TN/OutThere/World/Eurasia/Europe/Central/Germanic/Germanic.md
-rw-r--r-- 1 jo jo 184410 Feb  6 23:41 TN/OutThere/World/Eurasia/Europe/Central/Germanic/Germanic.pdf
-rw-r--r-- 1 jo jo 256261 Feb 11 13:48 TN/OutThere/World/Eurasia/Europe/Central/Germanic/Germany.md
-rw-r--r-- 1 jo jo 342682 Feb  6 23:41 TN/OutThere/World/Eurasia/Europe/Central/Germanic/Germany.pdf
Pandoc'd TN/OutThere/World/Eurasia/Europe/Central/Germanic/Germany.md
-rw-r--r-- 1 jo jo 37364 Jan 28 08:42 TN/OutThere/World/Eurasia/Europe/Central/Poland.md
-rw-r--r-- 1 jo jo 84706 Jan 29 14:22 TN/OutThere/World/Eurasia/Europe/Central/Poland.pdf
-rw-r--r-- 1 jo jo 31373 Feb 11 10:35 TN/OutThere/World/Eurasia/Europe/Central/Switzerland.md
-rw-r--r-- 1 jo jo 80413 Feb  6 23:40 TN/OutThere/World/Eurasia/Europe/Central/Switzerland.pdf
Pandoc'd TN/OutThere/World/Eurasia/Europe/Central/Switzerland.md
-rw-r--r-- 1 jo jo 59030 Feb  1 10:04 TN/OutThere/World/Eurasia/Europe/Culture.md
-rw-r--r-- 1 jo jo 123347 Feb  6 23:39 TN/OutThere/World/Eurasia/Europe/Culture.pdf
-rw-r--r-- 1 jo jo 7650 Nov 19  2020 TN/OutThere/World/Eurasia/Europe/DigitalSingleMarket.md
-rw-r--r-- 1 jo jo 41624 Dec  7  2020 TN/OutThere/World/Eurasia/Europe/DigitalSingleMarket.pdf
-rw-r--r-- 1 jo jo 337105 Feb 11 12:01 TN/OutThere/World/Eurasia/Europe/Europe.md
-rw-r--r-- 1 jo jo 484578 Feb  6 23:39 TN/OutThere/World/Eurasia/Europe/Europe.pdf
Pandoc'd TN/OutThere/World/Eurasia/Europe/Europe.md
-rw-r--r-- 1 jo jo 53759 Dec  7 20:10 TN/OutThere/World/Eurasia/Europe/France/Culture/Filmed.md
-rw-r--r-- 1 jo jo 134440 Dec  7 23:49 TN/OutThere/World/Eurasia/Europe/France/Culture/Filmed.pdf
-rw-r--r-- 1 jo jo 73050 Feb  1 11:52 TN/OutThere/World/Eurasia/Europe/France/Culture/Literary.md
-rw-r--r-- 1 jo jo 140704 Feb  6 23:40 TN/OutThere/World/Eurasia/Europe/France/Culture/Literary.pdf
-rw-r--r-- 1 jo jo 213067 Jan 31 20:28 TN/OutThere/World/Eurasia/Europe/France/France.md
-rw-r--r-- 1 jo jo 329046 Feb  6 23:39 TN/OutThere/World/Eurasia/Europe/France/France.pdf
-rw-r--r-- 1 jo jo 51666 Feb  9 21:59 TN/OutThere/World/Eurasia/Europe/IberianPeninsula.md
-rw-r--r-- 1 jo jo 101483 Feb 10 00:08 TN/OutThere/World/Eurasia/Europe/IberianPeninsula.pdf
-rw-r--r-- 1 jo jo 13568 Dec  8 01:51 TN/OutThere/World/Eurasia/Europe/Nordic_countries/Finland.md
-rw-r--r-- 1 jo jo 44343 Dec  8 01:58 TN/OutThere/World/Eurasia/Europe/Nordic_countries/Finland.pdf
-rw-r--r-- 1 jo jo 20882 Jan 30 13:01 TN/OutThere/World/Eurasia/Europe/Nordic_countries/Scandinavia/Denmark.md
-rw-r--r-- 1 jo jo 61617 Jan 31 09:31 TN/OutThere/World/Eurasia/Europe/Nordic_countries/Scandinavia/Denmark.pdf
-rw-r--r-- 1 jo jo 27443 Nov 19  2020 TN/OutThere/World/Eurasia/Europe/Nordic_countries/Scandinavia/Norway.md
-rw-r--r-- 1 jo jo 66922 Dec  7  2020 TN/OutThere/World/Eurasia/Europe/Nordic_countries/Scandinavia/Norway.pdf
-rw-r--r-- 1 jo jo 24139 Sep 26 15:35 TN/OutThere/World/Eurasia/Europe/Nordic_countries/Scandinavia/Sweden.md
-rw-r--r-- 1 jo jo 74280 Sep 29 10:21 TN/OutThere/World/Eurasia/Europe/Nordic_countries/Scandinavia/Sweden.pdf
-rw-r--r-- 1 jo jo 51788 Feb  1 09:58 TN/OutThere/World/Eurasia/Europe/RoI.md
-rw-r--r-- 1 jo jo 111998 Feb  6 23:40 TN/OutThere/World/Eurasia/Europe/RoI.pdf
-rw-r--r-- 1 jo jo 85333 Jan 31 11:04 TN/OutThere/World/Eurasia/Russia.md
-rw-r--r-- 1 jo jo 157554 Jan 31 12:15 TN/OutThere/World/Eurasia/Russia.pdf
-rw-r--r-- 1 jo jo 207644 Feb  2 05:27 TN/OutThere/World/Eurasia/UK/Arts/Arts.md
-rw-r--r-- 1 jo jo 352029 Feb  6 23:38 TN/OutThere/World/Eurasia/UK/Arts/Arts.pdf
-rw-r--r-- 1 jo jo 205736 Jan 30 11:01 TN/OutThere/World/Eurasia/UK/Arts/Music.md
-rw-r--r-- 1 jo jo 367569 Jan 31 09:31 TN/OutThere/World/Eurasia/UK/Arts/Music.pdf
-rw-r--r-- 1 jo jo 259300 Dec 22 08:46 TN/OutThere/World/Eurasia/UK/Arts/Writers.md
-rw-r--r-- 1 jo jo 392073 Dec 23 20:47 TN/OutThere/World/Eurasia/UK/Arts/Writers.pdf
-rw-r--r-- 1 jo jo 13524 Sep 22 17:36 TN/OutThere/World/Eurasia/UK/BrexitOutcomes.md
-rw-r--r-- 1 jo jo 51605 Sep 25 05:20 TN/OutThere/World/Eurasia/UK/BrexitOutcomes.pdf
-rw-r--r-- 1 jo jo 197187 Jan 29 09:14 TN/OutThere/World/Eurasia/UK/History-1661-.md
-rw-r--r-- 1 jo jo 285943 Jan 29 14:22 TN/OutThere/World/Eurasia/UK/History-1661-.pdf
-rw-r--r-- 1 jo jo 108815 Dec 13 18:10 TN/OutThere/World/Eurasia/UK/History.md
-rw-r--r-- 1 jo jo 171752 Dec 15 13:16 TN/OutThere/World/Eurasia/UK/History.pdf
-rw-r--r-- 1 jo jo 223907 Feb  3 18:57 TN/OutThere/World/Eurasia/UK/UK.md
-rw-r--r-- 1 jo jo 354107 Feb  6 23:38 TN/OutThere/World/Eurasia/UK/UK.pdf
-rw-r--r-- 1 jo jo 109704 Feb 13  2021 TN/OutThere/World/History.md
-rw-r--r-- 1 jo jo 156027 Feb 17  2021 TN/OutThere/World/History.pdf
-rw-r--r-- 1 jo jo 9394 Jul 22  2021 TN/OutThere/World/Music.md
-rw-r--r-- 1 jo jo 38413 Jul 24  2021 TN/OutThere/World/Music.pdf
-rw-r--r-- 1 jo jo 6257 Nov 15 09:35 TN/OutThere/World/Oceans.md
-rw-r--r-- 1 jo jo 38800 Nov 16 10:38 TN/OutThere/World/Oceans.pdf
-rw-r--r-- 1 jo jo 147841 Dec 14 17:51 TN/OutThere/World/Stability.md
-rw-r--r-- 1 jo jo 219850 Dec 15 13:14 TN/OutThere/World/Stability.pdf
-rw-r--r-- 1 jo jo 49713 Feb  3 09:44 TN/OutThere/World/West/Arts/Arts.md
-rw-r--r-- 1 jo jo 115599 Feb  6 23:41 TN/OutThere/World/West/Arts/Arts.pdf
-rw-r--r-- 1 jo jo 101576 Feb 10 09:03 TN/OutThere/World/West/Arts/Filmic.md
-rw-r--r-- 1 jo jo 190576 Jan 31 09:29 TN/OutThere/World/West/Arts/Filmic.pdf
Pandoc'd TN/OutThere/World/West/Arts/Filmic.md
-rw-r--r-- 1 jo jo 87583 Jan 31 12:01 TN/OutThere/World/West/People.md
-rw-r--r-- 1 jo jo 140944 Jan 31 12:14 TN/OutThere/World/West/People.pdf
-rw-r--r-- 1 jo jo 101371 Feb 11 22:27 TN/OutThere/World/West/West.md
-rw-r--r-- 1 jo jo 161668 Jan 31 12:14 TN/OutThere/World/West/West.pdf
Pandoc'd TN/OutThere/World/West/West.md
-rw-r--r-- 1 jo jo 221686 Feb 10 13:27 TN/OutThere/World/World.md
-rw-r--r-- 1 jo jo 331875 Jan 31 12:16 TN/OutThere/World/World.pdf
Pandoc'd TN/OutThere/World/World.md
-rw-r--r-- 1 jo jo 79 Nov 19 12:54 TN/Scratch/scratch0.md
-rw-r--r-- 1 jo jo 15827 Nov 20 23:23 TN/Scratch/scratch0.pdf
-rw-r--r-- 1 jo jo 80 Feb 17  2021 TN/Scratch/scratch1.md
-rw-r--r-- 1 jo jo 15844 Feb 17  2021 TN/Scratch/scratch1.pdf
