-rw-r--r-- 1 jo jo 6046 Nov 19  2020 TN/Copied/LaoTzuQuotes.md
-rw-r--r-- 1 jo jo 29645 Dec  7  2020 TN/Copied/LaoTzuQuotes.pdf
-rw-r--r-- 1 jo jo 18477 Nov 19  2020 TN/Copied/Riddles.md
-rw-r--r-- 1 jo jo 45277 Dec  7  2020 TN/Copied/Riddles.pdf
-rw-r--r-- 1 jo jo 78214 Jul  8 08:21 TN/JH-Contacts/Contacts.md
-rw-r--r-- 1 jo jo 198584 Jul  8 09:52 TN/JH-Contacts/Contacts.pdf
-rw-r--r-- 1 jo jo 12044 Apr 29 11:47 TN/JH-Contacts/France/France.md
-rw-r--r-- 1 jo jo 54157 Apr 29 12:40 TN/JH-Contacts/France/France.pdf
-rw-r--r-- 1 jo jo 4446 Jul 27 13:44 TN/JH-Contacts/France/IdF/23rueErmitage-residents.md
-rw-r--r-- 1 jo jo 39885 Jul 28 08:47 TN/JH-Contacts/France/IdF/23rueErmitage-residents.pdf
-rw-r--r-- 1 jo jo 21774 Jul 29 14:00 TN/JH-Contacts/France/IdF/IdF.md
-rw-r--r-- 1 jo jo 77176 Aug  4 22:41 TN/JH-Contacts/France/IdF/IdF.pdf
-rw-r--r-- 1 jo jo 6996 Jan 17  2022 TN/JH-Contacts/nonUKFriends.md
-rw-r--r-- 1 jo jo 47016 Jan 18  2022 TN/JH-Contacts/nonUKFriends.pdf
-rw-r--r-- 1 jo jo 9718 Apr 16  2021 TN/JH-Contacts/UKWork.md
-rw-r--r-- 1 jo jo 53968 Apr 16  2021 TN/JH-Contacts/UKWork.pdf
-rw-r--r-- 1 jo jo 23504 Nov 19  2020 TN/JH-DailyLife/Agenda/b-f.md
-rw-r--r-- 1 jo jo 93694 Dec  7  2020 TN/JH-DailyLife/Agenda/b-f.pdf
-rw-r--r-- 1 jo jo 28114 Aug  3 10:19 TN/JH-DailyLife/Agenda/gcq-.md
-rw-r--r-- 1 jo jo 99138 Aug  4 22:41 TN/JH-DailyLife/Agenda/gcq-.pdf
-rw-r--r-- 1 jo jo 9478 Nov 19  2020 TN/JH-DailyLife/Agenda/g.md
-rw-r--r-- 1 jo jo 54362 Dec  7  2020 TN/JH-DailyLife/Agenda/g.pdf
-rw-r--r-- 1 jo jo 14654 Nov 19  2020 TN/JH-DailyLife/Agenda/i.md
-rw-r--r-- 1 jo jo 72842 Dec  7  2020 TN/JH-DailyLife/Agenda/i.pdf
-rw-r--r-- 1 jo jo 195612 Aug  6 06:00 TN/JH-DailyLife/DailyLife.md
-rw-r--r-- 1 jo jo 292076 Aug  6 06:10 TN/JH-DailyLife/DailyLife.pdf
-rw-r--r-- 1 jo jo 6260 Nov 19  2020 TN/JH-DailyLife/DeauramTeeth.md
-rw-r--r-- 1 jo jo 36950 Dec  7  2020 TN/JH-DailyLife/DeauramTeeth.pdf
-rw-r--r-- 1 jo jo 17469 Aug  3 12:33 TN/JH-DailyLife/Europe/Belgium/Belgium.md
-rw-r--r-- 1 jo jo 58712 Aug  4 22:41 TN/JH-DailyLife/Europe/Belgium/Belgium.pdf
-rw-r--r-- 1 jo jo 8028 Aug  3 12:44 TN/JH-DailyLife/Europe/Belgium/Wallonne.md
-rw-r--r-- 1 jo jo 41234 Aug  4 22:42 TN/JH-DailyLife/Europe/Belgium/Wallonne.pdf
-rw-r--r-- 1 jo jo 3130 Mar  1 00:45 TN/JH-DailyLife/Europe/Denmark-Central.md
-rw-r--r-- 1 jo jo 36067 Mar  1 16:36 TN/JH-DailyLife/Europe/Denmark-Central.pdf
-rw-r--r-- 1 jo jo 23215 Jul 26 09:31 TN/JH-DailyLife/Europe/DutchProvinces/Gelderland.md
-rw-r--r-- 1 jo jo 50196 Jul 26 09:34 TN/JH-DailyLife/Europe/DutchProvinces/Gelderland.pdf
-rw-r--r-- 1 jo jo 21154 Jul 26 09:34 TN/JH-DailyLife/Europe/DutchProvinces/Provinces.md
-rw-r--r-- 1 jo jo 62415 Jul 26 09:34 TN/JH-DailyLife/Europe/DutchProvinces/Provinces.pdf
-rw-r--r-- 1 jo jo 80164 Apr 13 16:46 TN/JH-DailyLife/Europe/Europe.md
-rw-r--r-- 1 jo jo 177012 Apr 14 11:32 TN/JH-DailyLife/Europe/Europe.pdf
-rw-r--r-- 1 jo jo 23110 Jul 29 18:38 TN/JH-DailyLife/Europe/France/Assurance/ameli.md
-rw-r--r-- 1 jo jo 68998 Aug  4 22:42 TN/JH-DailyLife/Europe/France/Assurance/ameli.pdf
-rw-r--r-- 1 jo jo 30250 Apr  8 11:22 TN/JH-DailyLife/Europe/France/Assurance/AssurancePersonnes.md
-rw-r--r-- 1 jo jo 80013 Apr  9 11:18 TN/JH-DailyLife/Europe/France/Assurance/AssurancePersonnes.pdf
-rw-r--r-- 1 jo jo 11423 Jan 15  2022 TN/JH-DailyLife/Europe/France/Assurance/MAAF.md
-rw-r--r-- 1 jo jo 49399 Mar  1 17:26 TN/JH-DailyLife/Europe/France/Assurance/MAAF.pdf
-rw-r--r-- 1 jo jo 11147 Nov 19  2020 TN/JH-DailyLife/Europe/France/Education/Educadroit/Educadroit.md
-rw-r--r-- 1 jo jo 58299 Dec  7  2020 TN/JH-DailyLife/Europe/France/Education/Educadroit/Educadroit.pdf
-rw-r--r-- 1 jo jo 10778 Nov 19  2020 TN/JH-DailyLife/Europe/France/Education/Educadroit/Film.md
-rw-r--r-- 1 jo jo 51350 Dec  7  2020 TN/JH-DailyLife/Europe/France/Education/Educadroit/Film.pdf
-rw-r--r-- 1 jo jo 113988 Jul 21 15:25 TN/JH-DailyLife/Europe/France/Education/Education.md
-rw-r--r-- 1 jo jo 193451 Jul 21 20:07 TN/JH-DailyLife/Europe/France/Education/Education.pdf
-rw-r--r-- 1 jo jo 10970 Sep 29  2021 TN/JH-DailyLife/Europe/France/Education/learnFrench.md
-rw-r--r-- 1 jo jo 43653 Oct  2  2021 TN/JH-DailyLife/Europe/France/Education/learnFrench.pdf
-rw-r--r-- 1 jo jo 29794 Jul 25  2021 TN/JH-DailyLife/Europe/France/Education/Public.md
-rw-r--r-- 1 jo jo 79477 Aug  3  2021 TN/JH-DailyLife/Europe/France/Education/Public.pdf
-rw-r--r-- 1 jo jo 138536 Jul 26 13:13 TN/JH-DailyLife/Europe/France/France.md
-rw-r--r-- 1 jo jo 245600 Jul 28 08:47 TN/JH-DailyLife/Europe/France/France.pdf
-rw-r--r-- 1 jo jo 17668 Mar 30 12:05 TN/JH-DailyLife/Europe/France/housing.md
-rw-r--r-- 1 jo jo 47706 Mar 31 09:59 TN/JH-DailyLife/Europe/France/housing.pdf
-rw-r--r-- 1 jo jo 5782 Jul  1 23:48 TN/JH-DailyLife/Europe/France/Mail.md
-rw-r--r-- 1 jo jo 35802 Jul  3 08:44 TN/JH-DailyLife/Europe/France/Mail.pdf
-rw-r--r-- 1 jo jo 7097 Jun 14 20:10 TN/JH-DailyLife/Europe/France/Places/ARA/63-PuyDeDome.md
-rw-r--r-- 1 jo jo 42462 Jun 14 22:16 TN/JH-DailyLife/Europe/France/Places/ARA/63-PuyDeDome.pdf
-rw-r--r-- 1 jo jo 19815 Jul 26 11:26 TN/JH-DailyLife/Europe/France/Places/ARA/ARA.md
-rw-r--r-- 1 jo jo 55439 Jul 28 08:47 TN/JH-DailyLife/Europe/France/Places/ARA/ARA.pdf
-rw-r--r-- 1 jo jo 5513 Jul  1 10:54 TN/JH-DailyLife/Europe/France/Places/ARA/Drome.md
-rw-r--r-- 1 jo jo 40233 Jul  3 08:44 TN/JH-DailyLife/Europe/France/Places/ARA/Drome.pdf
-rw-r--r-- 1 jo jo 6800 Jun  8 09:36 TN/JH-DailyLife/Europe/France/Places/ARA/Isere.md
-rw-r--r-- 1 jo jo 43293 Jun  8 10:38 TN/JH-DailyLife/Europe/France/Places/ARA/Isere.pdf
-rw-r--r-- 1 jo jo 21228 May 17 10:49 TN/JH-DailyLife/Europe/France/Places/ARA/MetropoleLyon.md
-rw-r--r-- 1 jo jo 74495 May 17 15:54 TN/JH-DailyLife/Europe/France/Places/ARA/MetropoleLyon.pdf
-rw-r--r-- 1 jo jo 4310 Mar 24 20:17 TN/JH-DailyLife/Europe/France/Places/ARA/Savoie.md
-rw-r--r-- 1 jo jo 26208 Mar 28 23:20 TN/JH-DailyLife/Europe/France/Places/ARA/Savoie.pdf
-rw-r--r-- 1 jo jo 13659 Jul 19 13:58 TN/JH-DailyLife/Europe/France/Places/BourgogneFrancheComte.md
-rw-r--r-- 1 jo jo 56850 Jul 19 16:07 TN/JH-DailyLife/Europe/France/Places/BourgogneFrancheComte.pdf
-rw-r--r-- 1 jo jo 12086 May 17 10:34 TN/JH-DailyLife/Europe/France/Places/Bretagne/Finistere/Finistere.md
-rw-r--r-- 1 jo jo 49203 May 17 15:54 TN/JH-DailyLife/Europe/France/Places/Bretagne/Finistere/Finistere.pdf
-rw-r--r-- 1 jo jo 3178 Sep 18  2021 TN/JH-DailyLife/Europe/France/Places/Bretagne/Finistere/Quimper-Pluguffan-Krampouz-crepieres.md
-rw-r--r-- 1 jo jo 40097 Oct  4  2021 TN/JH-DailyLife/Europe/France/Places/Bretagne/Finistere/Quimper-Pluguffan-Krampouz-crepieres.pdf
-rw-r--r-- 1 jo jo 6580 Mar 17 02:36 TN/JH-DailyLife/Europe/France/Places/Bretagne/IlleVilaine.md
-rw-r--r-- 1 jo jo 31343 Mar 20 09:16 TN/JH-DailyLife/Europe/France/Places/Bretagne/IlleVilaine.pdf
-rw-r--r-- 1 jo jo 16251 Jun 25 08:21 TN/JH-DailyLife/Europe/France/Places/CentreValLoire/CentreValLoire.md
-rw-r--r-- 1 jo jo 63732 Jun 28 17:12 TN/JH-DailyLife/Europe/France/Places/CentreValLoire/CentreValLoire.pdf
-rw-r--r-- 1 jo jo 4678 Apr 15 11:49 TN/JH-DailyLife/Europe/France/Places/GrandEst/BasRhin.md
-rw-r--r-- 1 jo jo 30213 Apr 15 14:29 TN/JH-DailyLife/Europe/France/Places/GrandEst/BasRhin.pdf
-rw-r--r-- 1 jo jo 12957 May 22 18:03 TN/JH-DailyLife/Europe/France/Places/GrandEst/GrandEst.md
-rw-r--r-- 1 jo jo 55142 May 25 17:23 TN/JH-DailyLife/Europe/France/Places/GrandEst/GrandEst.pdf
-rw-r--r-- 1 jo jo 2248 Jun 16 14:15 TN/JH-DailyLife/Europe/France/Places/GrandEst/HauteMarne.md
-rw-r--r-- 1 jo jo 30635 Jun 16 21:50 TN/JH-DailyLife/Europe/France/Places/GrandEst/HauteMarne.pdf
-rw-r--r-- 1 jo jo 2754 Mar 31 22:03 TN/JH-DailyLife/Europe/France/Places/GrandEst/Marne-Epernay-Epernay.md
-rw-r--r-- 1 jo jo 33014 Mar 31 23:09 TN/JH-DailyLife/Europe/France/Places/GrandEst/Marne-Epernay-Epernay.pdf
-rw-r--r-- 1 jo jo 1675 Nov 26  2020 TN/JH-DailyLife/Europe/France/Places/GrandEst/Mulhouse-BrunstattDidenheim.md
-rw-r--r-- 1 jo jo 27763 Dec  7  2020 TN/JH-DailyLife/Europe/France/Places/GrandEst/Mulhouse-BrunstattDidenheim.pdf
-rw-r--r-- 1 jo jo 2413 Nov 18  2021 TN/JH-DailyLife/Europe/France/Places/GrandEst/SaintDieVosges.md
-rw-r--r-- 1 jo jo 25709 Nov 18  2021 TN/JH-DailyLife/Europe/France/Places/GrandEst/SaintDieVosges.pdf
-rw-r--r-- 1 jo jo 15381 Jul 26 09:57 TN/JH-DailyLife/Europe/France/Places/HautsFrance/HautsFrance.md
-rw-r--r-- 1 jo jo 60482 Jul 28 08:48 TN/JH-DailyLife/Europe/France/Places/HautsFrance/HautsFrance.pdf
-rw-r--r-- 1 jo jo 10725 Jun 15 22:42 TN/JH-DailyLife/Europe/France/Places/HautsFrance/Nord/ArrondissementLille/ArrondissementLille.md
-rw-r--r-- 1 jo jo 50674 Jun 16 07:14 TN/JH-DailyLife/Europe/France/Places/HautsFrance/Nord/ArrondissementLille/ArrondissementLille.pdf
-rw-r--r-- 1 jo jo 50167 Jul 29 17:33 TN/JH-DailyLife/Europe/France/Places/HautsFrance/Nord/ArrondissementLille/Lille-Ronchin-Adeo-LM.md
-rw-r--r-- 1 jo jo 140360 Aug  4 22:42 TN/JH-DailyLife/Europe/France/Places/HautsFrance/Nord/ArrondissementLille/Lille-Ronchin-Adeo-LM.pdf
-rw-r--r-- 1 jo jo 37352 Jul 27 00:07 TN/JH-DailyLife/Europe/France/Places/HautsFrance/Nord/VilleneuveAscq-DecathlonGroup.md
-rw-r--r-- 1 jo jo 120469 Jul 28 08:48 TN/JH-DailyLife/Europe/France/Places/HautsFrance/Nord/VilleneuveAscq-DecathlonGroup.pdf
-rw-r--r-- 1 jo jo 7323 Mar  1 00:51 TN/JH-DailyLife/Europe/France/Places/HautsFrance/Oise.md
-rw-r--r-- 1 jo jo 31277 Mar  1 16:23 TN/JH-DailyLife/Europe/France/Places/HautsFrance/Oise.pdf
-rw-r--r-- 1 jo jo 7618 Mar  6 20:05 TN/JH-DailyLife/Europe/France/Places/HautsFrance/PasCalais.md
-rw-r--r-- 1 jo jo 39536 Mar  9 06:14 TN/JH-DailyLife/Europe/France/Places/HautsFrance/PasCalais.pdf
-rw-r--r-- 1 jo jo 16178 Apr 29 14:37 TN/JH-DailyLife/Europe/France/Places/IdF/91-Essonne.md
-rw-r--r-- 1 jo jo 60623 Apr 29 16:33 TN/JH-DailyLife/Europe/France/Places/IdF/91-Essonne.pdf
-rw-r--r-- 1 jo jo 15912 Apr 18 10:15 TN/JH-DailyLife/Europe/France/Places/IdF/gettingAround/IdFMobilites.md
-rw-r--r-- 1 jo jo 59961 Apr 18 13:25 TN/JH-DailyLife/Europe/France/Places/IdF/gettingAround/IdFMobilites.pdf
-rw-r--r-- 1 jo jo 63416 Jul 30 09:42 TN/JH-DailyLife/Europe/France/Places/IdF/gettingAround/VelibMetropole.md
-rw-r--r-- 1 jo jo 99223 Aug  4 22:42 TN/JH-DailyLife/Europe/France/Places/IdF/gettingAround/VelibMetropole.pdf
-rw-r--r-- 1 jo jo 8470 Jan 27  2022 TN/JH-DailyLife/Europe/France/Places/IdF/HautsSeine/ArrondAntony.md
-rw-r--r-- 1 jo jo 55722 Jan 29  2022 TN/JH-DailyLife/Europe/France/Places/IdF/HautsSeine/ArrondAntony.pdf
-rw-r--r-- 1 jo jo 30312 Jun 19 11:44 TN/JH-DailyLife/Europe/France/Places/IdF/HautsSeine/ArrondNanterre.md
-rw-r--r-- 1 jo jo 88195 Jun 21 08:44 TN/JH-DailyLife/Europe/France/Places/IdF/HautsSeine/ArrondNanterre.pdf
-rw-r--r-- 1 jo jo 31679 Jul  8 11:20 TN/JH-DailyLife/Europe/France/Places/IdF/HautsSeine/BoulogneBillancourt/BoulogneBillancourt.md
-rw-r--r-- 1 jo jo 95858 Jul 18 09:14 TN/JH-DailyLife/Europe/France/Places/IdF/HautsSeine/BoulogneBillancourt/BoulogneBillancourt.pdf
-rw-r--r-- 1 jo jo 3484 Nov 19  2020 TN/JH-DailyLife/Europe/France/Places/IdF/HautsSeine/BoulogneBillancourt/CIEP-DELF-DALF.md
-rw-r--r-- 1 jo jo 34442 Dec  7  2020 TN/JH-DailyLife/Europe/France/Places/IdF/HautsSeine/BoulogneBillancourt/CIEP-DELF-DALF.pdf
-rw-r--r-- 1 jo jo 17080 Jul  1 12:00 TN/JH-DailyLife/Europe/France/Places/IdF/HautsSeine/HautsSeine.md
-rw-r--r-- 1 jo jo 60611 Jul  3 08:45 TN/JH-DailyLife/Europe/France/Places/IdF/HautsSeine/HautsSeine.pdf
-rw-r--r-- 1 jo jo 137460 Aug  3 08:52 TN/JH-DailyLife/Europe/France/Places/IdF/IdF.md
-rw-r--r-- 1 jo jo 280700 Aug  4 22:42 TN/JH-DailyLife/Europe/France/Places/IdF/IdF.pdf
-rw-r--r-- 1 jo jo 32012 Apr 22 20:37 TN/JH-DailyLife/Europe/France/Places/IdF/Paris/Divisions/10e.md
-rw-r--r-- 1 jo jo 92722 Apr 26 19:35 TN/JH-DailyLife/Europe/France/Places/IdF/Paris/Divisions/10e.pdf
-rw-r--r-- 1 jo jo 3636 Jul 21 18:38 TN/JH-DailyLife/Europe/France/Places/IdF/Paris/Divisions/12e-QuartierPicpus.md
-rw-r--r-- 1 jo jo 36195 Jul 21 20:08 TN/JH-DailyLife/Europe/France/Places/IdF/Paris/Divisions/12e-QuartierPicpus.pdf
-rw-r--r-- 1 jo jo 19509 Sep 29  2021 TN/JH-DailyLife/Europe/France/Places/IdF/Paris/Divisions/17e.md
-rw-r--r-- 1 jo jo 68483 Oct  2  2021 TN/JH-DailyLife/Europe/France/Places/IdF/Paris/Divisions/17e.pdf
-rw-r--r-- 1 jo jo 131556 Aug  3 12:32 TN/JH-DailyLife/Europe/France/Places/IdF/Paris/Divisions/19e.md
-rw-r--r-- 1 jo jo 266675 Aug  4 22:42 TN/JH-DailyLife/Europe/France/Places/IdF/Paris/Divisions/19e.pdf
-rw-r--r-- 1 jo jo 54809 Jul 29 16:08 TN/JH-DailyLife/Europe/France/Places/IdF/Paris/Divisions/20e/20e.md
-rw-r--r-- 1 jo jo 132783 Aug  4 22:43 TN/JH-DailyLife/Europe/France/Places/IdF/Paris/Divisions/20e/20e.pdf
-rw-r--r-- 1 jo jo 1994 May  3 15:02 TN/JH-DailyLife/Europe/France/Places/IdF/Paris/Divisions/20e/rueErmitage.md
-rw-r--r-- 1 jo jo 26823 May  3 15:49 TN/JH-DailyLife/Europe/France/Places/IdF/Paris/Divisions/20e/rueErmitage.pdf
-rw-r--r-- 1 jo jo 13672 Apr 15 14:58 TN/JH-DailyLife/Europe/France/Places/IdF/Paris/Divisions/20e/Sante.md
-rw-r--r-- 1 jo jo 57714 Apr 18 13:25 TN/JH-DailyLife/Europe/France/Places/IdF/Paris/Divisions/20e/Sante.pdf
-rw-r--r-- 1 jo jo 247270 Jul 30 22:10 TN/JH-DailyLife/Europe/France/Places/IdF/Paris/Divisions/Divisions.md
-rw-r--r-- 1 jo jo 471091 Aug  4 22:43 TN/JH-DailyLife/Europe/France/Places/IdF/Paris/Divisions/Divisions.pdf
-rw-r--r-- 1 jo jo 6339 Apr  6 21:25 TN/JH-DailyLife/Europe/France/Places/IdF/Paris/Divisions/ParisCentre/2e.md
-rw-r--r-- 1 jo jo 41089 Apr  9 11:18 TN/JH-DailyLife/Europe/France/Places/IdF/Paris/Divisions/ParisCentre/2e.pdf
-rw-r--r-- 1 jo jo 34639 Jul 26 10:09 TN/JH-DailyLife/Europe/France/Places/IdF/Paris/Divisions/ParisCentre/ParisCentre.md
-rw-r--r-- 1 jo jo 95920 Jul 28 08:49 TN/JH-DailyLife/Europe/France/Places/IdF/Paris/Divisions/ParisCentre/ParisCentre.pdf
-rw-r--r-- 1 jo jo 42173 Jul 29 16:57 TN/JH-DailyLife/Europe/France/Places/IdF/Paris/laMairie.md
-rw-r--r-- 1 jo jo 106722 Aug  4 22:43 TN/JH-DailyLife/Europe/France/Places/IdF/Paris/laMairie.pdf
-rw-r--r-- 1 jo jo 76180 Jul 29 16:55 TN/JH-DailyLife/Europe/France/Places/IdF/Paris/Paris.md
-rw-r--r-- 1 jo jo 169297 Aug  4 22:43 TN/JH-DailyLife/Europe/France/Places/IdF/Paris/Paris.pdf
-rw-r--r-- 1 jo jo 22240 Aug  5 11:38 TN/JH-DailyLife/Europe/France/Places/IdF/Paris/Sante.md
-rw-r--r-- 1 jo jo 68850 Aug  6 06:10 TN/JH-DailyLife/Europe/France/Places/IdF/Paris/Sante.pdf
-rw-r--r-- 1 jo jo 14440 Jul 26 09:18 TN/JH-DailyLife/Europe/France/Places/IdF/Paris/suppliers.md
-rw-r--r-- 1 jo jo 59296 Jul 26 09:31 TN/JH-DailyLife/Europe/France/Places/IdF/Paris/suppliers.pdf
-rw-r--r-- 1 jo jo 10657 Sep 27  2021 TN/JH-DailyLife/Europe/France/Places/IdF/PPP-Demarches-Etranger.md
-rw-r--r-- 1 jo jo 52314 Sep 29  2021 TN/JH-DailyLife/Europe/France/Places/IdF/PPP-Demarches-Etranger.pdf
-rw-r--r-- 1 jo jo 54278 Aug  5 11:38 TN/JH-DailyLife/Europe/France/Places/IdF/Sante.md
-rw-r--r-- 1 jo jo 119623 Aug  6 06:11 TN/JH-DailyLife/Europe/France/Places/IdF/Sante.pdf
-rw-r--r-- 1 jo jo 1404 Nov 19  2020 TN/JH-DailyLife/Europe/France/Places/IdF/SeineMarne/Provins.md
-rw-r--r-- 1 jo jo 33088 Dec  7  2020 TN/JH-DailyLife/Europe/France/Places/IdF/SeineMarne/Provins.pdf
-rw-r--r-- 1 jo jo 1829 Jun 21 22:01 TN/JH-DailyLife/Europe/France/Places/IdF/SeineMarne/Torcy-SaintThibaultVignes.md
-rw-r--r-- 1 jo jo 28448 Jun 22 21:03 TN/JH-DailyLife/Europe/France/Places/IdF/SeineMarne/Torcy-SaintThibaultVignes.pdf
-rw-r--r-- 1 jo jo 22599 Jul 26 10:20 TN/JH-DailyLife/Europe/France/Places/IdF/SeineSaintDenis/ArrondissementRaincy.md
-rw-r--r-- 1 jo jo 73376 Jul 28 08:49 TN/JH-DailyLife/Europe/France/Places/IdF/SeineSaintDenis/ArrondissementRaincy.pdf
-rw-r--r-- 1 jo jo 7372 Jul 29 15:56 TN/JH-DailyLife/Europe/France/Places/IdF/SeineSaintDenis/Bobigny-CantonBagnolet.md
-rw-r--r-- 1 jo jo 36629 Aug  4 22:44 TN/JH-DailyLife/Europe/France/Places/IdF/SeineSaintDenis/Bobigny-CantonBagnolet.pdf
-rw-r--r-- 1 jo jo 29925 Jul 21 16:35 TN/JH-DailyLife/Europe/France/Places/IdF/ValMarne.md
-rw-r--r-- 1 jo jo 90019 Jul 21 20:09 TN/JH-DailyLife/Europe/France/Places/IdF/ValMarne.pdf
-rw-r--r-- 1 jo jo 15504 May 22 18:22 TN/JH-DailyLife/Europe/France/Places/IdF/ValOise.md
-rw-r--r-- 1 jo jo 65080 May 25 17:24 TN/JH-DailyLife/Europe/France/Places/IdF/ValOise.pdf
-rw-r--r-- 1 jo jo 11592 Jan  3  2022 TN/JH-DailyLife/Europe/France/Places/IdF/Yvelines.md
-rw-r--r-- 1 jo jo 58915 Jan  4  2022 TN/JH-DailyLife/Europe/France/Places/IdF/Yvelines.pdf
-rw-r--r-- 1 jo jo 18961 Jun 13 10:10 TN/JH-DailyLife/Europe/France/Places/Normandie.md
-rw-r--r-- 1 jo jo 65670 Jun 13 17:21 TN/JH-DailyLife/Europe/France/Places/Normandie.pdf
-rw-r--r-- 1 jo jo 12050 Jan 11  2022 TN/JH-DailyLife/Europe/France/Places/Normandie/Normandie.md
-rw-r--r-- 1 jo jo 60094 Jan 18  2022 TN/JH-DailyLife/Europe/France/Places/Normandie/Normandie.pdf
-rw-r--r-- 1 jo jo 12574 Nov 23  2021 TN/JH-DailyLife/Europe/France/Places/Normandie/SeineMaritime-Rouen.md
-rw-r--r-- 1 jo jo 42757 Nov 30  2021 TN/JH-DailyLife/Europe/France/Places/Normandie/SeineMaritime-Rouen.pdf
-rw-r--r-- 1 jo jo 1456 Oct 27  2021 TN/JH-DailyLife/Europe/France/Places/NouvelleAquitaine/CharenteMaritime-ArrondissementRochelle.md
-rw-r--r-- 1 jo jo 32937 Oct 27  2021 TN/JH-DailyLife/Europe/France/Places/NouvelleAquitaine/CharenteMaritime-ArrondissementRochelle.pdf
-rw-r--r-- 1 jo jo 2155 Jul 29 11:41 TN/JH-DailyLife/Europe/France/Places/NouvelleAquitaine/DeuxSevres.md
-rw-r--r-- 1 jo jo 26197 Aug  4 22:44 TN/JH-DailyLife/Europe/France/Places/NouvelleAquitaine/DeuxSevres.pdf
-rw-r--r-- 1 jo jo 10657 Apr 28 11:11 TN/JH-DailyLife/Europe/France/Places/NouvelleAquitaine/Gironde-Bordeaux.md
-rw-r--r-- 1 jo jo 43977 Apr 28 17:03 TN/JH-DailyLife/Europe/France/Places/NouvelleAquitaine/Gironde-Bordeaux.pdf
-rw-r--r-- 1 jo jo 5747 Jul 28 09:28 TN/JH-DailyLife/Europe/France/Places/NouvelleAquitaine/NouvelleAquitaine/HauteVienne.md
-rw-r--r-- 1 jo jo 38571 Jul 28 09:31 TN/JH-DailyLife/Europe/France/Places/NouvelleAquitaine/NouvelleAquitaine/HauteVienne.pdf
-rw-r--r-- 1 jo jo 19414 Jul 28 09:30 TN/JH-DailyLife/Europe/France/Places/NouvelleAquitaine/NouvelleAquitaine/NouvelleAquitaine.md
-rw-r--r-- 1 jo jo 55981 Jul 28 09:31 TN/JH-DailyLife/Europe/France/Places/NouvelleAquitaine/NouvelleAquitaine/NouvelleAquitaine.pdf
-rw-r--r-- 1 jo jo 982 Jan 24  2021 TN/JH-DailyLife/Europe/France/Places/NouvelleAquitaine/PyreneesAtlantiques.md
-rw-r--r-- 1 jo jo 28120 Jan 24  2021 TN/JH-DailyLife/Europe/France/Places/NouvelleAquitaine/PyreneesAtlantiques.pdf
-rw-r--r-- 1 jo jo 19541 Jul 29 16:50 TN/JH-DailyLife/Europe/France/Places/Occitanie.md
-rw-r--r-- 1 jo jo 71435 Aug  4 22:44 TN/JH-DailyLife/Europe/France/Places/Occitanie.pdf
-rw-r--r-- 1 jo jo 11470 Apr  6 11:49 TN/JH-DailyLife/Europe/France/Places/PACA/AlpesMaritimes.md
-rw-r--r-- 1 jo jo 38481 Apr  6 12:47 TN/JH-DailyLife/Europe/France/Places/PACA/AlpesMaritimes.pdf
-rw-r--r-- 1 jo jo 23168 Jul 19 10:35 TN/JH-DailyLife/Europe/France/Places/PACA/PACA.md
-rw-r--r-- 1 jo jo 76441 Jul 19 16:08 TN/JH-DailyLife/Europe/France/Places/PACA/PACA.pdf
-rw-r--r-- 1 jo jo 6025 Mar 17 02:40 TN/JH-DailyLife/Europe/France/Places/PaysLoire/LoireAtlantique.md
-rw-r--r-- 1 jo jo 38939 Mar 20 09:17 TN/JH-DailyLife/Europe/France/Places/PaysLoire/LoireAtlantique.pdf
-rw-r--r-- 1 jo jo 4988 May 11 08:39 TN/JH-DailyLife/Europe/France/Places/PaysLoire/Mayenne.md
-rw-r--r-- 1 jo jo 41036 May 11 09:16 TN/JH-DailyLife/Europe/France/Places/PaysLoire/Mayenne.pdf
-rw-r--r-- 1 jo jo 12738 Mar 17 07:26 TN/JH-DailyLife/Europe/France/Places/PaysLoire/PaysLoire.md
-rw-r--r-- 1 jo jo 50356 Mar 20 09:17 TN/JH-DailyLife/Europe/France/Places/PaysLoire/PaysLoire.pdf
-rw-r--r-- 1 jo jo 31293 Jul 19 12:23 TN/JH-DailyLife/Europe/France/Places/Places.md
-rw-r--r-- 1 jo jo 81467 Jul 19 16:08 TN/JH-DailyLife/Europe/France/Places/Places.pdf
-rw-r--r-- 1 jo jo 81272 Jun 21 20:02 TN/JH-DailyLife/Europe/France/Republique/gouvernement/gouvernement.md
-rw-r--r-- 1 jo jo 154884 Jun 22 21:04 TN/JH-DailyLife/Europe/France/Republique/gouvernement/gouvernement.pdf
-rw-r--r-- 1 jo jo 8018 Nov 19  2020 TN/JH-DailyLife/Europe/France/Republique/gouvernement/ministereTES.md
-rw-r--r-- 1 jo jo 47384 Oct 27  2021 TN/JH-DailyLife/Europe/France/Republique/gouvernement/ministereTES.pdf
-rw-r--r-- 1 jo jo 13553 Jul 27 20:07 TN/JH-DailyLife/Europe/France/Republique/gouvernement/MR-ministereJustice.md
-rw-r--r-- 1 jo jo 50752 Jul 28 08:49 TN/JH-DailyLife/Europe/France/Republique/gouvernement/MR-ministereJustice.pdf
-rw-r--r-- 1 jo jo 91025 Feb  4  2022 TN/JH-DailyLife/Europe/France/Republique/Republique.md
-rw-r--r-- 1 jo jo 173522 Feb  6 23:25 TN/JH-DailyLife/Europe/France/Republique/Republique.pdf
-rw-r--r-- 1 jo jo 77099 Jan  3  2022 TN/JH-DailyLife/Europe/France/Sante.md
-rw-r--r-- 1 jo jo 168983 Jan  4  2022 TN/JH-DailyLife/Europe/France/Sante.pdf
-rw-r--r-- 1 jo jo 778 Feb 22 21:55 TN/JH-DailyLife/Europe/France/Scratch/scratch0.md
-rw-r--r-- 1 jo jo 19178 Feb 25 09:17 TN/JH-DailyLife/Europe/France/Scratch/scratch0.pdf
-rw-r--r-- 1 jo jo 52 Jun  2 07:46 TN/JH-DailyLife/Europe/France/Scratch/scratch1.md
-rw-r--r-- 1 jo jo 9931 Jun  8 10:39 TN/JH-DailyLife/Europe/France/Scratch/scratch1.pdf
-rw-r--r-- 1 jo jo 52 Feb 22 21:57 TN/JH-DailyLife/Europe/France/Scratch/scratch2.md
-rw-r--r-- 1 jo jo 15648 Feb 25 09:17 TN/JH-DailyLife/Europe/France/Scratch/scratch2.pdf
-rw-r--r-- 1 jo jo 16225 Jul 20 12:54 TN/JH-DailyLife/Europe/France/SocialSecurity.md
-rw-r--r-- 1 jo jo 53598 Jul 20 12:56 TN/JH-DailyLife/Europe/France/SocialSecurity.pdf
-rw-r--r-- 1 jo jo 4523 Dec 24  2021 TN/JH-DailyLife/Europe/France/Suppliers/AmazonAccount/myAccount.md
-rw-r--r-- 1 jo jo 42723 Dec 24  2021 TN/JH-DailyLife/Europe/France/Suppliers/AmazonAccount/myAccount.pdf
-rw-r--r-- 1 jo jo 14531 Nov 19  2020 TN/JH-DailyLife/Europe/France/Suppliers/AmazonAccount/Snags.md
-rw-r--r-- 1 jo jo 66272 Dec  7  2020 TN/JH-DailyLife/Europe/France/Suppliers/AmazonAccount/Snags.pdf
-rw-r--r-- 1 jo jo 2476 May 26  2021 TN/JH-DailyLife/Europe/France/Suppliers/Ingest/Naturalia.md
-rw-r--r-- 1 jo jo 29621 May 26  2021 TN/JH-DailyLife/Europe/France/Suppliers/Ingest/Naturalia.pdf
-rw-r--r-- 1 jo jo 2983 Dec 28  2020 TN/JH-DailyLife/Europe/France/Suppliers/Ingest/Warmcook.md
-rw-r--r-- 1 jo jo 41397 Dec 31  2020 TN/JH-DailyLife/Europe/France/Suppliers/Ingest/Warmcook.pdf
-rw-r--r-- 1 jo jo 10605 Jun 29 07:51 TN/JH-DailyLife/Europe/France/Suppliers/Maison.md
-rw-r--r-- 1 jo jo 54181 Jun 30 13:17 TN/JH-DailyLife/Europe/France/Suppliers/Maison.pdf
-rw-r--r-- 1 jo jo 17477 May 22 17:53 TN/JH-DailyLife/Europe/France/Suppliers/SNCF.md
-rw-r--r-- 1 jo jo 59956 May 25 17:24 TN/JH-DailyLife/Europe/France/Suppliers/SNCF.pdf
-rw-r--r-- 1 jo jo 121878 Aug  3 16:03 TN/JH-DailyLife/Europe/France/Suppliers/Suppliers.md
-rw-r--r-- 1 jo jo 282943 Aug  4 22:44 TN/JH-DailyLife/Europe/France/Suppliers/Suppliers.pdf
-rw-r--r-- 1 jo jo 11991 Dec 17  2021 TN/JH-DailyLife/Europe/France/Suppliers/Telecom.md
-rw-r--r-- 1 jo jo 55414 Dec 20  2021 TN/JH-DailyLife/Europe/France/Suppliers/Telecom.pdf
-rw-r--r-- 1 jo jo 85786 Jul 21 20:07 TN/JH-DailyLife/Europe/France/Travail.md
-rw-r--r-- 1 jo jo 155101 Jul 21 20:09 TN/JH-DailyLife/Europe/France/Travail.pdf
-rw-r--r-- 1 jo jo 14162 Jul  1 12:30 TN/JH-DailyLife/Europe/Germany/BadenWurttemberg/BadenWurttemberg.md
-rw-r--r-- 1 jo jo 58327 Jul  3 08:45 TN/JH-DailyLife/Europe/Germany/BadenWurttemberg/BadenWurttemberg.pdf
-rw-r--r-- 1 jo jo 5205 Mar 19  2021 TN/JH-DailyLife/Europe/Germany/BadenWurttemberg/Stuttgart.md
-rw-r--r-- 1 jo jo 36280 Apr  4 20:27 TN/JH-DailyLife/Europe/Germany/BadenWurttemberg/Stuttgart.pdf
-rw-r--r-- 1 jo jo 10536 May 17 17:06 TN/JH-DailyLife/Europe/Germany/Bavaria/Ansbach-Heilsbronn-Ortlieb-bicyclePanniers-Roller.md
-rw-r--r-- 1 jo jo 48750 May 18 13:20 TN/JH-DailyLife/Europe/Germany/Bavaria/Ansbach-Heilsbronn-Ortlieb-bicyclePanniers-Roller.pdf
-rw-r--r-- 1 jo jo 8277 Apr 18 13:23 TN/JH-DailyLife/Europe/Germany/Bavaria/Bavaria.md
-rw-r--r-- 1 jo jo 32085 Apr 18 13:25 TN/JH-DailyLife/Europe/Germany/Bavaria/Bavaria.pdf
-rw-r--r-- 1 jo jo 59433 Jul 20 20:06 TN/JH-DailyLife/Europe/Germany/Germany.md
-rw-r--r-- 1 jo jo 136972 Jul 21 20:10 TN/JH-DailyLife/Europe/Germany/Germany.pdf
-rw-r--r-- 1 jo jo 10347 Mar 31 22:17 TN/JH-DailyLife/Europe/Germany/Hesse.md
-rw-r--r-- 1 jo jo 35941 Mar 31 23:10 TN/JH-DailyLife/Europe/Germany/Hesse.pdf
-rw-r--r-- 1 jo jo 10260 Jun 21 22:01 TN/JH-DailyLife/Europe/Germany/NRW/Dusseldorf.md
-rw-r--r-- 1 jo jo 46186 Jun 22 21:04 TN/JH-DailyLife/Europe/Germany/NRW/Dusseldorf.pdf
-rw-r--r-- 1 jo jo 1000 May 16 23:52 TN/JH-DailyLife/Europe/Germany/NRW/Hochsauerlandkreis.md
-rw-r--r-- 1 jo jo 23695 May 17 15:55 TN/JH-DailyLife/Europe/Germany/NRW/Hochsauerlandkreis.pdf
-rw-r--r-- 1 jo jo 1045 Apr  6  2021 TN/JH-DailyLife/Europe/Germany/Saxony.md
-rw-r--r-- 1 jo jo 24099 Apr  6  2021 TN/JH-DailyLife/Europe/Germany/Saxony.pdf
-rw-r--r-- 1 jo jo 2298 May 21  2021 TN/JH-DailyLife/Europe/IberianPeninsula/Portugal.md
-rw-r--r-- 1 jo jo 33454 May 21  2021 TN/JH-DailyLife/Europe/IberianPeninsula/Portugal.pdf
-rw-r--r-- 1 jo jo 6986 Apr 15 11:15 TN/JH-DailyLife/Europe/IberianPeninsula/Spain/Catalonia.md
-rw-r--r-- 1 jo jo 39295 Apr 15 14:30 TN/JH-DailyLife/Europe/IberianPeninsula/Spain/Catalonia.pdf
-rw-r--r-- 1 jo jo 9076 Mar  8 18:39 TN/JH-DailyLife/Europe/IberianPeninsula/Spain/Spain.md
-rw-r--r-- 1 jo jo 39020 Mar  9 06:15 TN/JH-DailyLife/Europe/IberianPeninsula/Spain/Spain.pdf
-rw-r--r-- 1 jo jo 16563 May 17 13:11 TN/JH-DailyLife/Europe/Italy/Italy.md
-rw-r--r-- 1 jo jo 51760 May 17 15:55 TN/JH-DailyLife/Europe/Italy/Italy.pdf
-rw-r--r-- 1 jo jo 2933 May 17 13:13 TN/JH-DailyLife/Europe/Italy/LombardyProvinces/Brescia.md
-rw-r--r-- 1 jo jo 30039 May 17 15:55 TN/JH-DailyLife/Europe/Italy/LombardyProvinces/Brescia.pdf
-rw-r--r-- 1 jo jo 6446 May 29  2021 TN/JH-DailyLife/Europe/Italy/LombardyProvinces/Varese-Albizzate.md
-rw-r--r-- 1 jo jo 37779 May 17 15:55 TN/JH-DailyLife/Europe/Italy/LombardyProvinces/Varese-Albizzate.pdf
-rw-r--r-- 1 jo jo 26624 Jun 28 16:54 TN/JH-DailyLife/Europe/Suppliers.md
-rw-r--r-- 1 jo jo 87313 Jun 28 17:14 TN/JH-DailyLife/Europe/Suppliers.pdf
-rw-r--r-- 1 jo jo 1856 Nov 19  2020 TN/JH-DailyLife/Europe/Travel/Flight.md
-rw-r--r-- 1 jo jo 37328 Dec  7  2020 TN/JH-DailyLife/Europe/Travel/Flight.pdf
-rw-r--r-- 1 jo jo 26644 Mar  4 08:12 TN/JH-DailyLife/Europe/Travel/Travel.md
-rw-r--r-- 1 jo jo 69605 Mar  4 21:36 TN/JH-DailyLife/Europe/Travel/Travel.pdf
-rw-r--r-- 1 jo jo 37734 Nov 19  2020 TN/JH-DailyLife/GuitarUkulele/Guitar.md
-rw-r--r-- 1 jo jo 98891 Dec  7  2020 TN/JH-DailyLife/GuitarUkulele/Guitar.pdf
-rw-r--r-- 1 jo jo 23434 Nov 19  2020 TN/JH-DailyLife/GuitarUkulele/Ukulele.md
-rw-r--r-- 1 jo jo 70261 Dec  7  2020 TN/JH-DailyLife/GuitarUkulele/Ukulele.pdf
-rw-r--r-- 1 jo jo 57251 Aug  5 11:39 TN/JH-DailyLife/Health/Health.md
-rw-r--r-- 1 jo jo 124908 Aug  6 06:20 TN/JH-DailyLife/Health/Health.pdf
-rw-r--r-- 1 jo jo 17164 Apr 13 16:33 TN/JH-DailyLife/Health/Illnesses/CFS-ME-PVFS-sufferers-me.md
-rw-r--r-- 1 jo jo 47134 Apr 13 16:35 TN/JH-DailyLife/Health/Illnesses/CFS-ME-PVFS-sufferers-me.pdf
-rw-r--r-- 1 jo jo 18497 Nov 19  2020 TN/JH-DailyLife/Health/Illnesses/ENT.md
-rw-r--r-- 1 jo jo 51462 Dec  7  2020 TN/JH-DailyLife/Health/Illnesses/ENT.pdf
-rw-r--r-- 1 jo jo 127045 May 24 11:24 TN/JH-DailyLife/Health/Illnesses/GI.md
-rw-r--r-- 1 jo jo 177653 May 25 17:25 TN/JH-DailyLife/Health/Illnesses/GI.pdf
-rw-r--r-- 1 jo jo 136381 Jul 19 10:27 TN/JH-DailyLife/Health/Illnesses/Illnesses.md
-rw-r--r-- 1 jo jo 194907 Jul 19 16:09 TN/JH-DailyLife/Health/Illnesses/Illnesses.pdf
-rw-r--r-- 1 jo jo 19779 Apr  7  2021 TN/JH-DailyLife/Health/Illnesses/Legs.md
-rw-r--r-- 1 jo jo 58313 Apr  7  2021 TN/JH-DailyLife/Health/Illnesses/Legs.pdf
-rw-r--r-- 1 jo jo 31752 Jan  4  2021 TN/JH-DailyLife/Health/Ingest/Devices/BladeGrinder.md
-rw-r--r-- 1 jo jo 78465 Jan  4  2021 TN/JH-DailyLife/Health/Ingest/Devices/BladeGrinder.pdf
-rw-r--r-- 1 jo jo 3862 Feb 21  2021 TN/JH-DailyLife/Health/Ingest/Devices/OmegaJuicers.md
-rw-r--r-- 1 jo jo 36165 Feb 22  2021 TN/JH-DailyLife/Health/Ingest/Devices/OmegaJuicers.pdf
-rw-r--r-- 1 jo jo 66092 Jun 14 11:15 TN/JH-DailyLife/Health/Ingest/equipment.md
-rw-r--r-- 1 jo jo 138964 Jun 14 16:50 TN/JH-DailyLife/Health/Ingest/equipment.pdf
-rw-r--r-- 1 jo jo 52988 Jul 19 16:12 TN/JH-DailyLife/Health/Ingest/grains-cereal.md
-rw-r--r-- 1 jo jo 86318 Jul 19 16:22 TN/JH-DailyLife/Health/Ingest/grains-cereal.pdf
-rw-r--r-- 1 jo jo 486875 Jul 22 17:06 TN/JH-DailyLife/Health/Ingest/Ingest0.md
-rw-r--r-- 1 jo jo 650667 Jul 23 07:35 TN/JH-DailyLife/Health/Ingest/Ingest0.pdf
-rw-r--r-- 1 jo jo 186012 Jul 22 08:12 TN/JH-DailyLife/Health/Ingest/Regimes.md
-rw-r--r-- 1 jo jo 266461 Jul 23 07:35 TN/JH-DailyLife/Health/Ingest/Regimes.pdf
-rw-r--r-- 1 jo jo 1863 Jul 19 11:54 TN/JH-DailyLife/Online/IT/HPSmartInstantInkCartridges.md
-rw-r--r-- 1 jo jo 28974 Jul 19 16:10 TN/JH-DailyLife/Online/IT/HPSmartInstantInkCartridges.pdf
-rw-r--r-- 1 jo jo 47234 Jul 28 19:31 TN/JH-DailyLife/Online/IT/IT.md
-rw-r--r-- 1 jo jo 124542 Aug  4 22:44 TN/JH-DailyLife/Online/IT/IT.pdf
-rw-r--r-- 1 jo jo 27798 Jul  1 08:29 TN/JH-DailyLife/Online/IT/Websites.md
-rw-r--r-- 1 jo jo 87465 Jul  3 08:46 TN/JH-DailyLife/Online/IT/Websites.pdf
-rw-r--r-- 1 jo jo 8527 Jul 15 23:41 TN/JH-DailyLife/Online/Microsoft/Email.md
-rw-r--r-- 1 jo jo 42983 Jul 18 09:15 TN/JH-DailyLife/Online/Microsoft/Email.pdf
-rw-r--r-- 1 jo jo 6428 May  4 08:07 TN/JH-DailyLife/Online/Microsoft/Microsoft.md
-rw-r--r-- 1 jo jo 39129 May  6 21:23 TN/JH-DailyLife/Online/Microsoft/Microsoft.pdf
-rw-r--r-- 1 jo jo 37672 Aug  3 16:22 TN/JH-DailyLife/Online/Online.md
-rw-r--r-- 1 jo jo 110018 Aug  4 22:45 TN/JH-DailyLife/Online/Online.pdf
-rw-r--r-- 1 jo jo 26141 Jul  8 08:04 TN/JH-DailyLife/Online/Social.md
-rw-r--r-- 1 jo jo 84790 Jul  8 09:53 TN/JH-DailyLife/Online/Social.pdf
-rw-r--r-- 1 jo jo 34733 Aug  4 15:01 TN/JH-DailyLife/Roles/23rueErmitage.md
-rw-r--r-- 1 jo jo 98292 Aug  4 22:45 TN/JH-DailyLife/Roles/23rueErmitage.pdf
-rw-r--r-- 1 jo jo 8163 Feb  1  2022 TN/JH-DailyLife/Roles/Arts/Actor/Actor.md
-rw-r--r-- 1 jo jo 37708 Feb  6 23:28 TN/JH-DailyLife/Roles/Arts/Actor/Actor.pdf
-rw-r--r-- 1 jo jo 22847 Nov 19  2020 TN/JH-DailyLife/Roles/Arts/Actor/josephharriott_fr.md
-rw-r--r-- 1 jo jo 76642 Dec  7  2020 TN/JH-DailyLife/Roles/Arts/Actor/josephharriott_fr.pdf
-rw-r--r-- 1 jo jo 84550 Dec 16  2021 TN/JH-DailyLife/Roles/Arts/Arts.md
-rw-r--r-- 1 jo jo 194821 Jun 13 17:21 TN/JH-DailyLife/Roles/Arts/Arts.pdf
-rw-r--r-- 1 jo jo 35413 Jan 30  2022 TN/JH-DailyLife/Roles/Arts/Backstage/Backstage.md
-rw-r--r-- 1 jo jo 88427 Jan 31  2022 TN/JH-DailyLife/Roles/Arts/Backstage/Backstage.pdf
-rw-r--r-- 1 jo jo 2042 Nov 19  2020 TN/JH-DailyLife/Roles/Arts/Backstage/Stenope.md
-rw-r--r-- 1 jo jo 37011 Dec  7  2020 TN/JH-DailyLife/Roles/Arts/Backstage/Stenope.pdf
-rw-r--r-- 1 jo jo 10603 Jan 30  2022 TN/JH-DailyLife/Roles/Arts/Backstage/troing_eu-WP.md
-rw-r--r-- 1 jo jo 60289 Jan 31  2022 TN/JH-DailyLife/Roles/Arts/Backstage/troing_eu-WP.pdf
-rw-r--r-- 1 jo jo 34692 Aug  7  2021 TN/JH-DailyLife/Roles/Arts/EuropeCreatives.md
-rw-r--r-- 1 jo jo 138818 Aug 11  2021 TN/JH-DailyLife/Roles/Arts/EuropeCreatives.pdf
-rw-r--r-- 1 jo jo 63618 Jul 29 14:53 TN/JH-DailyLife/Roles/Arts/Work.md
-rw-r--r-- 1 jo jo 142297 Aug  4 22:45 TN/JH-DailyLife/Roles/Arts/Work.pdf
-rw-r--r-- 1 jo jo 25918 Nov 19  2020 TN/JH-DailyLife/Roles/Cafezoide/Agenda/1509-1803.md
-rw-r--r-- 1 jo jo 106619 Aug 16  2021 TN/JH-DailyLife/Roles/Cafezoide/Agenda/1509-1803.pdf
-rw-r--r-- 1 jo jo 25882 Jun 24 13:09 TN/JH-DailyLife/Roles/Cafezoide/Agenda/1805-.md
-rw-r--r-- 1 jo jo 95893 Jun 28 17:15 TN/JH-DailyLife/Roles/Cafezoide/Agenda/1805-.pdf
-rw-r--r-- 1 jo jo 281123 Aug  3 20:14 TN/JH-DailyLife/Roles/Cafezoide/Cafezoide.md
-rw-r--r-- 1 jo jo 512273 Aug  4 22:45 TN/JH-DailyLife/Roles/Cafezoide/Cafezoide.pdf
-rw-r--r-- 1 jo jo 17004 Nov 19  2020 TN/JH-DailyLife/Roles/Cafezoide/EnglishSongs/EarlyYears.md
-rw-r--r-- 1 jo jo 63245 Aug 16  2021 TN/JH-DailyLife/Roles/Cafezoide/EnglishSongs/EarlyYears.pdf
-rw-r--r-- 1 jo jo 33656 May 10  2021 TN/JH-DailyLife/Roles/Cafezoide/EnglishSongs/Songs.md
-rw-r--r-- 1 jo jo 70528 Aug 16  2021 TN/JH-DailyLife/Roles/Cafezoide/EnglishSongs/Songs.pdf
-rw-r--r-- 1 jo jo 7555 Apr 22 22:05 TN/JH-DailyLife/Roles/Cafezoide/IT.md
-rw-r--r-- 1 jo jo 47304 Apr 26 19:39 TN/JH-DailyLife/Roles/Cafezoide/IT.pdf
-rw-r--r-- 1 jo jo 9501 Jun 25 11:00 TN/JH-DailyLife/Roles/Cafezoide/Money.md
-rw-r--r-- 1 jo jo 46142 Jun 28 17:15 TN/JH-DailyLife/Roles/Cafezoide/Money.pdf
-rw-r--r-- 1 jo jo 8896 Jul 29 16:10 TN/JH-DailyLife/Roles/Cafezoide/people/occasionallyPaid.md
-rw-r--r-- 1 jo jo 50611 Aug  4 22:45 TN/JH-DailyLife/Roles/Cafezoide/people/occasionallyPaid.pdf
-rw-r--r-- 1 jo jo 89133 Aug  3 16:00 TN/JH-DailyLife/Roles/Cafezoide/people/people.md
-rw-r--r-- 1 jo jo 210173 Aug  4 22:46 TN/JH-DailyLife/Roles/Cafezoide/people/people.pdf
-rw-r--r-- 1 jo jo 6946 Jul 27 15:28 TN/JH-DailyLife/Roles/Cafezoide/PhysicalProperty/CateringEquipment.md
-rw-r--r-- 1 jo jo 44500 Jul 28 08:50 TN/JH-DailyLife/Roles/Cafezoide/PhysicalProperty/CateringEquipment.pdf
-rw-r--r-- 1 jo jo 11220 Jul 26 13:41 TN/JH-DailyLife/Roles/Cafezoide/PhysicalProperty/PhysicalProperty.md
-rw-r--r-- 1 jo jo 56701 Jul 28 08:50 TN/JH-DailyLife/Roles/Cafezoide/PhysicalProperty/PhysicalProperty.pdf
-rw-r--r-- 1 jo jo 1376 Nov 19  2020 TN/JH-DailyLife/Roles/Cafezoide/PhysicalProperty/ventilateurEtage.md
-rw-r--r-- 1 jo jo 31123 Aug 16  2021 TN/JH-DailyLife/Roles/Cafezoide/PhysicalProperty/ventilateurEtage.pdf
-rw-r--r-- 1 jo jo 59703 Jun 13 10:37 TN/JH-DailyLife/Roles/Cafezoide/Theatre/afternoonImprovisations.md
-rw-r--r-- 1 jo jo 97523 Jun 13 17:22 TN/JH-DailyLife/Roles/Cafezoide/Theatre/afternoonImprovisations.pdf
-rw-r--r-- 1 jo jo 40829 Feb  8 09:18 TN/JH-DailyLife/Roles/Cafezoide/Theatre/Theatre.md
-rw-r--r-- 1 jo jo 91626 Feb  8 22:56 TN/JH-DailyLife/Roles/Cafezoide/Theatre/Theatre.pdf
-rw-r--r-- 1 jo jo 64340 Nov 19  2020 TN/JH-DailyLife/Roles/Cafezoide/Worklogs/17.md
-rw-r--r-- 1 jo jo 138971 Aug 16  2021 TN/JH-DailyLife/Roles/Cafezoide/Worklogs/17.pdf
-rw-r--r-- 1 jo jo 9344 Nov 19  2020 TN/JH-DailyLife/Roles/Cafezoide/Worklogs/180526-0626-AT.md
-rw-r--r-- 1 jo jo 35494 Aug 16  2021 TN/JH-DailyLife/Roles/Cafezoide/Worklogs/180526-0626-AT.pdf
-rw-r--r-- 1 jo jo 150698 Aug 22  2021 TN/JH-DailyLife/Roles/Cafezoide/Worklogs/180627-201231.md
-rw-r--r-- 1 jo jo 294337 Aug 27  2021 TN/JH-DailyLife/Roles/Cafezoide/Worklogs/180627-201231.pdf
-rw-r--r-- 1 jo jo 8536 Jan 30  2022 TN/JH-DailyLife/Roles/IT/momentary/momentary.md
-rw-r--r-- 1 jo jo 54011 Jan 31  2022 TN/JH-DailyLife/Roles/IT/momentary/momentary.pdf
-rw-r--r-- 1 jo jo 7232 Nov 19  2020 TN/JH-DailyLife/Roles/IT/momentary/WordPress.md
-rw-r--r-- 1 jo jo 54857 Dec  7  2020 TN/JH-DailyLife/Roles/IT/momentary/WordPress.pdf
-rw-r--r-- 1 jo jo 25049 Jul 17 10:02 TN/JH-DailyLife/Roles/IT/Work.md
-rw-r--r-- 1 jo jo 71838 Jul 18 09:16 TN/JH-DailyLife/Roles/IT/Work.pdf
-rw-r--r-- 1 jo jo 592312 Aug  6 06:00 TN/JH-DailyLife/Roles/Roles.md
-rw-r--r-- 1 jo jo 1068500 Aug  6 06:21 TN/JH-DailyLife/Roles/Roles.pdf
-rw-r--r-- 1 jo jo 13941 Dec  3  2020 TN/JH-DailyLife/Roles/Teaching/ST/LPD-IdF/Antennes/Antennes.md
-rw-r--r-- 1 jo jo 70600 Dec  7  2020 TN/JH-DailyLife/Roles/Teaching/ST/LPD-IdF/Antennes/Antennes.pdf
-rw-r--r-- 1 jo jo 16027 Nov 19  2020 TN/JH-DailyLife/Roles/Teaching/ST/LPD-IdF/Antennes/GonesseTAPs.md
-rw-r--r-- 1 jo jo 50743 Dec  7  2020 TN/JH-DailyLife/Roles/Teaching/ST/LPD-IdF/Antennes/GonesseTAPs.pdf
-rw-r--r-- 1 jo jo 27909 Jul 29 15:34 TN/JH-DailyLife/Roles/Teaching/ST/LPD-IdF/Antennes/Paris.md
-rw-r--r-- 1 jo jo 79834 Aug  4 22:47 TN/JH-DailyLife/Roles/Teaching/ST/LPD-IdF/Antennes/Paris.pdf
-rw-r--r-- 1 jo jo 10588 Feb  1  2022 TN/JH-DailyLife/Roles/Teaching/ST/LPD-IdF/Antennes/SeineSaintDenis.md
-rw-r--r-- 1 jo jo 52352 Feb  6 23:26 TN/JH-DailyLife/Roles/Teaching/ST/LPD-IdF/Antennes/SeineSaintDenis.pdf
-rw-r--r-- 1 jo jo 32435 Mar 30 12:02 TN/JH-DailyLife/Roles/Teaching/ST/LPD-IdF/IdF.md
-rw-r--r-- 1 jo jo 81782 Mar 31 10:01 TN/JH-DailyLife/Roles/Teaching/ST/LPD-IdF/IdF.pdf
-rw-r--r-- 1 jo jo 27515 Feb  2  2022 TN/JH-DailyLife/Roles/Teaching/ST/ST-Fr.md
-rw-r--r-- 1 jo jo 95187 Feb  6 23:26 TN/JH-DailyLife/Roles/Teaching/ST/ST-Fr.pdf
-rw-r--r-- 1 jo jo 41221 Nov 19  2020 TN/JH-DailyLife/Roles/Teaching/ST/TRACES.md
-rw-r--r-- 1 jo jo 96792 Dec  7  2020 TN/JH-DailyLife/Roles/Teaching/ST/TRACES.pdf
-rw-r--r-- 1 jo jo 13683 Nov 19  2020 TN/JH-DailyLife/Roles/Teaching/Teaching.md
-rw-r--r-- 1 jo jo 61359 Dec  7  2020 TN/JH-DailyLife/Roles/Teaching/Teaching.pdf
-rw-r--r-- 1 jo jo 5046 Apr 24  2021 TN/JH-DailyLife/Suppliers/LebaraMobile.md
-rw-r--r-- 1 jo jo 40875 Apr 26  2021 TN/JH-DailyLife/Suppliers/LebaraMobile.pdf
-rw-r--r-- 1 jo jo 27476 Apr 22 12:32 TN/JH-DailyLife/Suppliers/Suppliers.md
-rw-r--r-- 1 jo jo 87387 Apr 26 19:42 TN/JH-DailyLife/Suppliers/Suppliers.pdf
-rw-r--r-- 1 jo jo 35325 Jun 25 08:43 TN/JH-DailyLife/Technos/BodyCare.md
-rw-r--r-- 1 jo jo 77132 Jun 28 17:16 TN/JH-DailyLife/Technos/BodyCare.pdf
-rw-r--r-- 1 jo jo 12446 Jun  8 09:33 TN/JH-DailyLife/Technos/ClothWork.md
-rw-r--r-- 1 jo jo 55601 Jun  8 10:41 TN/JH-DailyLife/Technos/ClothWork.pdf
-rw-r--r-- 1 jo jo 20755 Jul 16 07:58 TN/JH-DailyLife/Technos/Construction/Civil/Civil.md
-rw-r--r-- 1 jo jo 70746 Jul 18 09:17 TN/JH-DailyLife/Technos/Construction/Civil/Civil.pdf
-rw-r--r-- 1 jo jo 8344 Dec 30  2021 TN/JH-DailyLife/Technos/Construction/Civil/Locks.md
-rw-r--r-- 1 jo jo 44734 Dec 30  2021 TN/JH-DailyLife/Technos/Construction/Civil/Locks.pdf
-rw-r--r-- 1 jo jo 7082 Jun  8 09:37 TN/JH-DailyLife/Technos/Construction/Civil/morters.md
-rw-r--r-- 1 jo jo 38567 Jun  8 10:41 TN/JH-DailyLife/Technos/Construction/Civil/morters.pdf
-rw-r--r-- 1 jo jo 87213 Jun 29 07:53 TN/JH-DailyLife/Technos/Construction/Civil/Plumbing/Plumbing.md
-rw-r--r-- 1 jo jo 178410 Jun 30 13:19 TN/JH-DailyLife/Technos/Construction/Civil/Plumbing/Plumbing.pdf
-rw-r--r-- 1 jo jo 51565 Jul  1 12:26 TN/JH-DailyLife/Technos/Construction/Civil/Shells.md
-rw-r--r-- 1 jo jo 112643 Jul  3 08:48 TN/JH-DailyLife/Technos/Construction/Civil/Shells.pdf
-rw-r--r-- 1 jo jo 33974 Mar 20 09:23 TN/JH-DailyLife/Technos/Construction/electrical/electrical.md
-rw-r--r-- 1 jo jo 72428 Mar 20 09:26 TN/JH-DailyLife/Technos/Construction/electrical/electrical.pdf
-rw-r--r-- 1 jo jo 27059 Jun 28 20:20 TN/JH-DailyLife/Technos/Construction/electrical/tools/oscillating.md
-rw-r--r-- 1 jo jo 72614 Jun 30 13:20 TN/JH-DailyLife/Technos/Construction/electrical/tools/oscillating.pdf
-rw-r--r-- 1 jo jo 50125 Jun 28 17:06 TN/JH-DailyLife/Technos/Construction/electrical/tools/tools.md
-rw-r--r-- 1 jo jo 127443 Jun 28 17:17 TN/JH-DailyLife/Technos/Construction/electrical/tools/tools.pdf
-rw-r--r-- 1 jo jo 99763 Jul 21 10:05 TN/JH-DailyLife/Technos/Construction/Fixing/Fixing.md
-rw-r--r-- 1 jo jo 187717 Jul 21 20:12 TN/JH-DailyLife/Technos/Construction/Fixing/Fixing.pdf
-rw-r--r-- 1 jo jo 2251 Nov 19  2020 TN/JH-DailyLife/Technos/Construction/Fixing/Hinges.md
-rw-r--r-- 1 jo jo 32510 Dec  7  2020 TN/JH-DailyLife/Technos/Construction/Fixing/Hinges.pdf
-rw-r--r-- 1 jo jo 2958 Jun 21 21:44 TN/JH-DailyLife/Technos/Construction/Fixing/Welders.md
-rw-r--r-- 1 jo jo 33952 Jun 22 21:06 TN/JH-DailyLife/Technos/Construction/Fixing/Welders.pdf
-rw-r--r-- 1 jo jo 28476 Jun 29 08:07 TN/JH-DailyLife/Technos/Construction/holes/Holes.md
-rw-r--r-- 1 jo jo 83644 Jun 30 13:20 TN/JH-DailyLife/Technos/Construction/holes/Holes.pdf
-rw-r--r-- 1 jo jo 13159 Mar 29 01:02 TN/JH-DailyLife/Technos/Construction/holes/portableDrillDrivers.md
-rw-r--r-- 1 jo jo 54020 Mar 29 01:03 TN/JH-DailyLife/Technos/Construction/holes/portableDrillDrivers.pdf
-rw-r--r-- 1 jo jo 33502 Jul 19 10:38 TN/JH-DailyLife/Technos/Construction/Wood.md
-rw-r--r-- 1 jo jo 83253 Jul 19 16:12 TN/JH-DailyLife/Technos/Construction/Wood.pdf
-rw-r--r-- 1 jo jo 48240 Jul 23 09:28 TN/JH-DailyLife/Technos/Electrical_devices/Batteries.md
-rw-r--r-- 1 jo jo 110772 Jul 25 17:52 TN/JH-DailyLife/Technos/Electrical_devices/Batteries.pdf
-rw-r--r-- 1 jo jo 6215 Jul 27 15:52 TN/JH-DailyLife/Technos/Electrical_devices/DeLonghi.md
-rw-r--r-- 1 jo jo 42248 Jul 28 08:51 TN/JH-DailyLife/Technos/Electrical_devices/DeLonghi.pdf
-rw-r--r-- 1 jo jo 82845 Jul 23 09:29 TN/JH-DailyLife/Technos/Electrical_devices/Devices.md
-rw-r--r-- 1 jo jo 186217 Jul 25 17:53 TN/JH-DailyLife/Technos/Electrical_devices/Devices.pdf
-rw-r--r-- 1 jo jo 82181 Jul 31 08:59 TN/JH-DailyLife/Technos/Outdoor/bicycle/bicycle.md
-rw-r--r-- 1 jo jo 176054 Aug  4 22:47 TN/JH-DailyLife/Technos/Outdoor/bicycle/bicycle.pdf
-rw-r--r-- 1 jo jo 6804 Jun 15 22:39 TN/JH-DailyLife/Technos/Outdoor/bicycle/transportation.md
-rw-r--r-- 1 jo jo 44320 Jun 16 07:16 TN/JH-DailyLife/Technos/Outdoor/bicycle/transportation.pdf
-rw-r--r-- 1 jo jo 6582 Mar 31 23:14 TN/JH-DailyLife/Technos/Outdoor/heatingStuff-gasStoves.md
-rw-r--r-- 1 jo jo 38140 Mar 31 23:17 TN/JH-DailyLife/Technos/Outdoor/heatingStuff-gasStoves.pdf
-rw-r--r-- 1 jo jo 71827 May  9 09:22 TN/JH-DailyLife/Technos/Outdoor/Outdoor.md
-rw-r--r-- 1 jo jo 159166 May 10 10:23 TN/JH-DailyLife/Technos/Outdoor/Outdoor.pdf
-rw-r--r-- 1 jo jo 243010 Jul 23 12:23 TN/JH-DailyLife/Technos/Technos.md
-rw-r--r-- 1 jo jo 430543 Jul 25 17:53 TN/JH-DailyLife/Technos/Technos.pdf
-rw-r--r-- 1 jo jo 18356 Jan 14  2022 TN/JH-DailyLife/UK/England/EastEngland.md
-rw-r--r-- 1 jo jo 58404 Jan 18  2022 TN/JH-DailyLife/UK/England/EastEngland.pdf
-rw-r--r-- 1 jo jo 12467 Jun 15  2021 TN/JH-DailyLife/UK/England/EastMidlands.md
-rw-r--r-- 1 jo jo 57553 Jun 16  2021 TN/JH-DailyLife/UK/England/EastMidlands.pdf
-rw-r--r-- 1 jo jo 16331 Feb 12 14:37 TN/JH-DailyLife/UK/England/NE/NE_England.md
-rw-r--r-- 1 jo jo 60296 Feb 13 21:11 TN/JH-DailyLife/UK/England/NE/NE_England.pdf
-rw-r--r-- 1 jo jo 55605 Feb 16 12:10 TN/JH-DailyLife/UK/England/NE/TyneWear-Newcastle.md
-rw-r--r-- 1 jo jo 111870 Feb 18 10:42 TN/JH-DailyLife/UK/England/NE/TyneWear-Newcastle.pdf
-rw-r--r-- 1 jo jo 3386 Sep 11  2021 TN/JH-DailyLife/UK/England/NW/Lancashire.md
-rw-r--r-- 1 jo jo 35938 Sep 11  2021 TN/JH-DailyLife/UK/England/NW/Lancashire.pdf
-rw-r--r-- 1 jo jo 6819 Mar 18  2021 TN/JH-DailyLife/UK/England/NW/Manchester.md
-rw-r--r-- 1 jo jo 39008 Mar 19  2021 TN/JH-DailyLife/UK/England/NW/Manchester.pdf
-rw-r--r-- 1 jo jo 16884 Apr 15 10:30 TN/JH-DailyLife/UK/England/NW/NW_England.md
-rw-r--r-- 1 jo jo 59945 Apr 15 14:31 TN/JH-DailyLife/UK/England/NW/NW_England.pdf
-rw-r--r-- 1 jo jo 8019 Jun  8 09:27 TN/JH-DailyLife/UK/England/SE/Buckinghamshire.md
-rw-r--r-- 1 jo jo 41949 Jun  8 10:42 TN/JH-DailyLife/UK/England/SE/Buckinghamshire.pdf
-rw-r--r-- 1 jo jo 94932 Jul 26 08:54 TN/JH-DailyLife/UK/England/SE/GreaterLondon.md
-rw-r--r-- 1 jo jo 179599 Jul 26 09:33 TN/JH-DailyLife/UK/England/SE/GreaterLondon.pdf
-rw-r--r-- 1 jo jo 10781 Apr 15 09:21 TN/JH-DailyLife/UK/England/SE/Kent.md
-rw-r--r-- 1 jo jo 43545 Apr 15 14:32 TN/JH-DailyLife/UK/England/SE/Kent.pdf
-rw-r--r-- 1 jo jo 46426 Jun 15 16:12 TN/JH-DailyLife/UK/England/SE/UniversityOxford.md
-rw-r--r-- 1 jo jo 75637 Jun 16 07:17 TN/JH-DailyLife/UK/England/SE/UniversityOxford.pdf
-rw-r--r-- 1 jo jo 16644 Nov 19  2020 TN/JH-DailyLife/UK/England/Sussex.md
-rw-r--r-- 1 jo jo 56624 Dec  7  2020 TN/JH-DailyLife/UK/England/Sussex.pdf
-rw-r--r-- 1 jo jo 18561 Apr 22 10:26 TN/JH-DailyLife/UK/England/WestMidlands.md
-rw-r--r-- 1 jo jo 56933 Apr 22 10:48 TN/JH-DailyLife/UK/England/WestMidlands.pdf
-rw-r--r-- 1 jo jo 5186 Nov 19  2020 TN/JH-DailyLife/UK/England/YorkshireHumber/NorthYorkshire.md
-rw-r--r-- 1 jo jo 45171 Dec  7  2020 TN/JH-DailyLife/UK/England/YorkshireHumber/NorthYorkshire.pdf
-rw-r--r-- 1 jo jo 19707 Mar 15 12:54 TN/JH-DailyLife/UK/England/YorkshireHumber/YorkshireHumber.md
-rw-r--r-- 1 jo jo 55362 Mar 20 09:21 TN/JH-DailyLife/UK/England/YorkshireHumber/YorkshireHumber.pdf
-rw-r--r-- 1 jo jo 13010 Feb  4  2022 TN/JH-DailyLife/UK/Government/BritishNationality.md
-rw-r--r-- 1 jo jo 58044 Feb  6 23:19 TN/JH-DailyLife/UK/Government/BritishNationality.pdf
-rw-r--r-- 1 jo jo 47471 May 25 17:46 TN/JH-DailyLife/UK/Government/Government.md
-rw-r--r-- 1 jo jo 107807 Jun  8 10:42 TN/JH-DailyLife/UK/Government/Government.pdf
-rw-r--r-- 1 jo jo 21204 Jun 16 13:13 TN/JH-DailyLife/UK/health.md
-rw-r--r-- 1 jo jo 63589 Jun 16 21:53 TN/JH-DailyLife/UK/health.pdf
-rw-r--r-- 1 jo jo 227438 Jul 24 07:51 TN/JH-DailyLife/UK/UK.md
-rw-r--r-- 1 jo jo 394082 Jul 25 17:53 TN/JH-DailyLife/UK/UK.pdf
-rw-r--r-- 1 jo jo 40088 Aug  5 16:51 TN/JH-Essential/Essential.md
-rw-r--r-- 1 jo jo 105716 Aug  6 06:21 TN/JH-Essential/Essential.pdf
-rw-r--r-- 1 jo jo 27687 Apr 25 19:07 TN/JH-Essential/Impots.md
-rw-r--r-- 1 jo jo 72097 Apr 26 19:43 TN/JH-Essential/Impots.pdf
-rw-r--r-- 1 jo jo 14893 Apr 23 11:00 TN/JH-Essential/MoneyServices/BanquePopulaire.md
-rw-r--r-- 1 jo jo 58793 Apr 26 19:43 TN/JH-Essential/MoneyServices/BanquePopulaire.pdf
-rw-r--r-- 1 jo jo 9585 Jun 21 13:12 TN/JH-Essential/MoneyServices/UK/Barclays.md
-rw-r--r-- 1 jo jo 41138 Jun 22 21:07 TN/JH-Essential/MoneyServices/UK/Barclays.pdf
-rw-r--r-- 1 jo jo 4365 Nov 19  2020 TN/JH-Essential/MoneyServices/UK/Halifax.md
-rw-r--r-- 1 jo jo 43924 Dec  7  2020 TN/JH-Essential/MoneyServices/UK/Halifax.pdf
-rw-r--r-- 1 jo jo 5425 Apr 18 18:19 TN/JH-Essential/MoneyServices/UK/TescoBank.md
-rw-r--r-- 1 jo jo 27858 Apr 20 13:01 TN/JH-Essential/MoneyServices/UK/TescoBank.pdf
-rw-r--r-- 1 jo jo 36054 Jun 21 13:15 TN/JH-Essential/MoneyServices/UK/UK.md
-rw-r--r-- 1 jo jo 84301 Jun 22 21:07 TN/JH-Essential/MoneyServices/UK/UK.pdf
-rw-r--r-- 1 jo jo 22301 Jul  7 11:05 TN/JH-Essential/Phonish/France.md
-rw-r--r-- 1 jo jo 74952 Jul  7 12:29 TN/JH-Essential/Phonish/France.pdf
-rw-r--r-- 1 jo jo 4723 Mar 18  2021 TN/JH-Essential/Phonish/UK/PhoneCoopMobile.md
-rw-r--r-- 1 jo jo 37814 Mar 18  2021 TN/JH-Essential/Phonish/UK/PhoneCoopMobile.pdf
-rw-r--r-- 1 jo jo 11325 Jun 22 17:11 TN/JH-Essential/Phonish/UK/UK.md
-rw-r--r-- 1 jo jo 45359 Jun 22 21:07 TN/JH-Essential/Phonish/UK/UK.pdf
-rw-r--r-- 1 jo jo 1713646 Jan  4  2022 TN/JH-Private/Journal_9203-1410.md
-rw-r--r-- 1 jo jo 2079126 Jan  5  2022 TN/JH-Private/Journal_9203-1410.pdf
-rw-r--r-- 1 jo jo 1008538 Aug  6 06:33 TN/JH-Private/Private.md
-rw-r--r-- 1 jo jo 1437453 Aug  6 06:22 TN/JH-Private/Private.pdf
Pandoc'd TN/JH-Private/Private.md
-rw-r--r-- 1 jo jo 2709 May  7  2021 TN/LTX/OT-sectionHeadings.md
-rw-r--r-- 1 jo jo 34361 May  7  2021 TN/LTX/OT-sectionHeadings.pdf
-rw-r--r-- 1 jo jo 3028 Sep 27  2021 TN/LTX/sectionHeadings.md
-rw-r--r-- 1 jo jo 34925 Sep 29  2021 TN/LTX/sectionHeadings.pdf
-rw-r--r-- 1 jo jo 10382 Dec 10  2021 TN-OT-V-N-E-A-B-Nephrozoa/Deuterostome-Chordata-Vertebrates/Acanthopterygii/Acanthopterygii.md
-rw-r--r-- 1 jo jo 35854 Dec 15  2021 TN-OT-V-N-E-A-B-Nephrozoa/Deuterostome-Chordata-Vertebrates/Acanthopterygii/Acanthopterygii.pdf
-rw-r--r-- 1 jo jo 10303 Nov 15  2021 TN-OT-V-N-E-A-B-Nephrozoa/Deuterostome-Chordata-Vertebrates/Acanthopterygii/Teleost.md
-rw-r--r-- 1 jo jo 39029 Feb  8 22:58 TN-OT-V-N-E-A-B-Nephrozoa/Deuterostome-Chordata-Vertebrates/Acanthopterygii/Teleost.pdf
-rw-r--r-- 1 jo jo 3741 Nov 19  2020 TN-OT-V-N-E-A-B-Nephrozoa/Deuterostome-Chordata-Vertebrates/Chondrichthyes.md
-rw-r--r-- 1 jo jo 54660 Jul 15  2021 TN-OT-V-N-E-A-B-Nephrozoa/Deuterostome-Chordata-Vertebrates/Chondrichthyes.pdf
-rw-r--r-- 1 jo jo 21240 Apr 10  2021 TN-OT-V-N-E-A-B-Nephrozoa/Deuterostome-Chordata-Vertebrates/Mammals/Eutheria.md
-rw-r--r-- 1 jo jo 84240 Jul 15  2021 TN-OT-V-N-E-A-B-Nephrozoa/Deuterostome-Chordata-Vertebrates/Mammals/Eutheria.pdf
-rw-r--r-- 1 jo jo 3784 Nov 19  2020 TN-OT-V-N-E-A-B-Nephrozoa/Deuterostome-Chordata-Vertebrates/Mammals/Hystricomorpha.md
-rw-r--r-- 1 jo jo 51666 Jul 15  2021 TN-OT-V-N-E-A-B-Nephrozoa/Deuterostome-Chordata-Vertebrates/Mammals/Hystricomorpha.pdf
-rw-r--r-- 1 jo jo 19001 May 26 14:30 TN-OT-V-N-E-A-B-Nephrozoa/Deuterostome-Chordata-Vertebrates/Mammals/Laurasiatheria/orderArtiodactyla.md
-rw-r--r-- 1 jo jo 42314 Jun  8 10:43 TN-OT-V-N-E-A-B-Nephrozoa/Deuterostome-Chordata-Vertebrates/Mammals/Laurasiatheria/orderArtiodactyla.pdf
-rw-r--r-- 1 jo jo 20977 Sep  9  2021 TN-OT-V-N-E-A-B-Nephrozoa/Deuterostome-Chordata-Vertebrates/Mammals/Laurasiatheria/Scrotifera/Caniformia.md
-rw-r--r-- 1 jo jo 50427 Sep 11  2021 TN-OT-V-N-E-A-B-Nephrozoa/Deuterostome-Chordata-Vertebrates/Mammals/Laurasiatheria/Scrotifera/Caniformia.pdf
-rw-r--r-- 1 jo jo 40810 Jun 15 22:58 TN-OT-V-N-E-A-B-Nephrozoa/Deuterostome-Chordata-Vertebrates/Mammals/Laurasiatheria/Scrotifera/Scrotifera.md
-rw-r--r-- 1 jo jo 81344 Jun 16 07:18 TN-OT-V-N-E-A-B-Nephrozoa/Deuterostome-Chordata-Vertebrates/Mammals/Laurasiatheria/Scrotifera/Scrotifera.pdf
-rw-r--r-- 1 jo jo 26394 Apr 10  2021 TN-OT-V-N-E-A-B-Nephrozoa/Deuterostome-Chordata-Vertebrates/Mammals/Simian/Simian.md
-rw-r--r-- 1 jo jo 90886 Jul 15  2021 TN-OT-V-N-E-A-B-Nephrozoa/Deuterostome-Chordata-Vertebrates/Mammals/Simian/Simian.pdf
-rw-r--r-- 1 jo jo 8334 Nov 19  2020 TN-OT-V-N-E-A-B-Nephrozoa/Deuterostome-Chordata-Vertebrates/Tetrapod/Frog.md
-rw-r--r-- 1 jo jo 59591 Jul 15  2021 TN-OT-V-N-E-A-B-Nephrozoa/Deuterostome-Chordata-Vertebrates/Tetrapod/Frog.pdf
-rw-r--r-- 1 jo jo 7012 Nov 19  2020 TN-OT-V-N-E-A-B-Nephrozoa/Deuterostome-Chordata-Vertebrates/Tetrapod/Sauropsida-Reptile/Diapsid/Crocodylomorpha.md
-rw-r--r-- 1 jo jo 63016 Jul 15  2021 TN-OT-V-N-E-A-B-Nephrozoa/Deuterostome-Chordata-Vertebrates/Tetrapod/Sauropsida-Reptile/Diapsid/Crocodylomorpha.pdf
-rw-r--r-- 1 jo jo 6879 Jan 18  2022 TN-OT-V-N-E-A-B-Nephrozoa/Deuterostome-Chordata-Vertebrates/Tetrapod/Sauropsida-Reptile/Diapsid/Neodiapsida-Sauria-Pantestudines.md
-rw-r--r-- 1 jo jo 26422 Jan 18  2022 TN-OT-V-N-E-A-B-Nephrozoa/Deuterostome-Chordata-Vertebrates/Tetrapod/Sauropsida-Reptile/Diapsid/Neodiapsida-Sauria-Pantestudines.pdf
-rw-r--r-- 1 jo jo 3326 Nov 19  2020 TN-OT-V-N-E-A-B-Nephrozoa/Deuterostome-Chordata-Vertebrates/Tetrapod/Sauropsida-Reptile/Diapsid/Neotheropoda-Averostra/Neotheropoda-Averostra.md
-rw-r--r-- 1 jo jo 49530 Jul 15  2021 TN-OT-V-N-E-A-B-Nephrozoa/Deuterostome-Chordata-Vertebrates/Tetrapod/Sauropsida-Reptile/Diapsid/Neotheropoda-Averostra/Neotheropoda-Averostra.pdf
-rw-r--r-- 1 jo jo 21812 Nov 19  2020 TN-OT-V-N-E-A-B-Nephrozoa/Deuterostome-Chordata-Vertebrates/Tetrapod/Sauropsida-Reptile/Diapsid/Neotheropoda-Averostra/Ornithothoraces-Paraves/Aves/Galliformes.md
-rw-r--r-- 1 jo jo 84782 Jul 15  2021 TN-OT-V-N-E-A-B-Nephrozoa/Deuterostome-Chordata-Vertebrates/Tetrapod/Sauropsida-Reptile/Diapsid/Neotheropoda-Averostra/Ornithothoraces-Paraves/Aves/Galliformes.pdf
-rw-r--r-- 1 jo jo 11363 Nov 19  2020 TN-OT-V-N-E-A-B-Nephrozoa/Deuterostome-Chordata-Vertebrates/Tetrapod/Sauropsida-Reptile/Diapsid/Neotheropoda-Averostra/Ornithothoraces-Paraves/Aves/Neognathae/Neoaves/Aequorlitornithes.md
-rw-r--r-- 1 jo jo 64798 Jul 15  2021 TN-OT-V-N-E-A-B-Nephrozoa/Deuterostome-Chordata-Vertebrates/Tetrapod/Sauropsida-Reptile/Diapsid/Neotheropoda-Averostra/Ornithothoraces-Paraves/Aves/Neognathae/Neoaves/Aequorlitornithes.pdf
-rw-r--r-- 1 jo jo 6403 Nov 19  2020 TN-OT-V-N-E-A-B-Nephrozoa/Deuterostome-Chordata-Vertebrates/Tetrapod/Sauropsida-Reptile/Diapsid/Neotheropoda-Averostra/Ornithothoraces-Paraves/Aves/Neognathae/Neoaves/Telluraves/Picodynastornithes.md
-rw-r--r-- 1 jo jo 58731 Aug 12  2021 TN-OT-V-N-E-A-B-Nephrozoa/Deuterostome-Chordata-Vertebrates/Tetrapod/Sauropsida-Reptile/Diapsid/Neotheropoda-Averostra/Ornithothoraces-Paraves/Aves/Neognathae/Neoaves/Telluraves/Picodynastornithes.pdf
-rw-r--r-- 1 jo jo 5572 Nov 19  2020 TN-OT-V-N-E-A-B-Nephrozoa/Deuterostome-Chordata-Vertebrates/Tetrapod/Sauropsida-Reptile/Diapsid/Neotheropoda-Averostra/Ornithothoraces-Paraves/Aves/Neognathae/Neoaves/Telluraves/Telluraves.md
-rw-r--r-- 1 jo jo 59265 Aug 12  2021 TN-OT-V-N-E-A-B-Nephrozoa/Deuterostome-Chordata-Vertebrates/Tetrapod/Sauropsida-Reptile/Diapsid/Neotheropoda-Averostra/Ornithothoraces-Paraves/Aves/Neognathae/Neoaves/Telluraves/Telluraves.pdf
-rw-r--r-- 1 jo jo 14180 Nov 19  2020 TN-OT-V-N-E-A-B-Nephrozoa/Deuterostome-Chordata-Vertebrates/Tetrapod/Sauropsida-Reptile/Diapsid/Neotheropoda-Averostra/Ornithothoraces-Paraves/Aves/Neognathae/Neognathae.md
-rw-r--r-- 1 jo jo 70722 Jul 15  2021 TN-OT-V-N-E-A-B-Nephrozoa/Deuterostome-Chordata-Vertebrates/Tetrapod/Sauropsida-Reptile/Diapsid/Neotheropoda-Averostra/Ornithothoraces-Paraves/Aves/Neognathae/Neognathae.pdf
-rw-r--r-- 1 jo jo 12595 Jan 17  2022 TN-OT-V-N-E-A-B-Nephrozoa/Deuterostome-Chordata-Vertebrates/Tetrapod/Sauropsida-Reptile/Diapsid/Neotheropoda-Averostra/Ornithothoraces-Paraves/Aves/Psittacopasserae.md
-rw-r--r-- 1 jo jo 38605 Jan 18  2022 TN-OT-V-N-E-A-B-Nephrozoa/Deuterostome-Chordata-Vertebrates/Tetrapod/Sauropsida-Reptile/Diapsid/Neotheropoda-Averostra/Ornithothoraces-Paraves/Aves/Psittacopasserae.pdf
-rw-r--r-- 1 jo jo 18486 Nov 19  2020 TN-OT-V-N-E-A-B-Nephrozoa/Deuterostome-Chordata-Vertebrates/Tetrapod/Sauropsida-Reptile/Diapsid/Neotheropoda-Averostra/Ornithothoraces-Paraves/Ornithothoraces-Paraves.md
-rw-r--r-- 1 jo jo 77951 Jul 15  2021 TN-OT-V-N-E-A-B-Nephrozoa/Deuterostome-Chordata-Vertebrates/Tetrapod/Sauropsida-Reptile/Diapsid/Neotheropoda-Averostra/Ornithothoraces-Paraves/Ornithothoraces-Paraves.pdf
-rw-r--r-- 1 jo jo 8189 Oct  1  2021 TN-OT-V-N-E-A-B-Nephrozoa/Deuterostome-Chordata-Vertebrates/Tetrapod/Sauropsida-Reptile/Diapsid/Sauria/Archosauria/Archosauria.md
-rw-r--r-- 1 jo jo 31592 Oct  2  2021 TN-OT-V-N-E-A-B-Nephrozoa/Deuterostome-Chordata-Vertebrates/Tetrapod/Sauropsida-Reptile/Diapsid/Sauria/Archosauria/Archosauria.pdf
-rw-r--r-- 1 jo jo 7694 Jun 21  2021 TN-OT-V-N-E-A-B-Nephrozoa/Deuterostome-Chordata-Vertebrates/Tetrapod/Sauropsida-Reptile/Diapsid/Sauria/Archosauria/Orionides-Avetheropoda.md
-rw-r--r-- 1 jo jo 57218 Jul 15  2021 TN-OT-V-N-E-A-B-Nephrozoa/Deuterostome-Chordata-Vertebrates/Tetrapod/Sauropsida-Reptile/Diapsid/Sauria/Archosauria/Orionides-Avetheropoda.pdf
-rw-r--r-- 1 jo jo 6122 Dec  7  2020 TN-OT-V-N-E-A-B-Nephrozoa/Deuterostome-Chordata-Vertebrates/Tetrapod/Sauropsida-Reptile/Diapsid/Sauria/Lepidosauria.md
-rw-r--r-- 1 jo jo 58202 Jul 15  2021 TN-OT-V-N-E-A-B-Nephrozoa/Deuterostome-Chordata-Vertebrates/Tetrapod/Sauropsida-Reptile/Diapsid/Sauria/Lepidosauria.pdf
-rw-r--r-- 1 jo jo 3882 Jan 18  2022 TN-OT-V-N-E-A-B-Nephrozoa/Deuterostome-Chordata-Vertebrates/Tetrapod/Sauropsida-Reptile/reptile.md
-rw-r--r-- 1 jo jo 25118 Jan 18  2022 TN-OT-V-N-E-A-B-Nephrozoa/Deuterostome-Chordata-Vertebrates/Tetrapod/Sauropsida-Reptile/reptile.pdf
-rw-r--r-- 1 jo jo 7752 Jun 15 23:04 TN-OT-V-N-E-A-B-Nephrozoa/Deuterostome-Chordata-Vertebrates/Tetrapod/Tetrapod.md
-rw-r--r-- 1 jo jo 27222 Jun 16 07:18 TN-OT-V-N-E-A-B-Nephrozoa/Deuterostome-Chordata-Vertebrates/Tetrapod/Tetrapod.pdf
-rw-r--r-- 1 jo jo 35344 Feb  8 10:20 TN-OT-V-N-E-A-B-Nephrozoa/Deuterostome-Chordata-Vertebrates/Vertebrate.md
-rw-r--r-- 1 jo jo 61320 Feb  8 22:59 TN-OT-V-N-E-A-B-Nephrozoa/Deuterostome-Chordata-Vertebrates/Vertebrate.pdf
-rw-r--r-- 1 jo jo 20379 Jun 15 22:33 TN-OT-V-N-E-A-B-Nephrozoa/Protostome-Spiralia-Lophotrochozoa.md
-rw-r--r-- 1 jo jo 52380 Jun 16 07:19 TN-OT-V-N-E-A-B-Nephrozoa/Protostome-Spiralia-Lophotrochozoa.pdf
-rw-r--r-- 1 jo jo 36536 Apr  7  2021 TN/OutThere/Belief-AbrahamicReligion/Abrahamic.md
-rw-r--r-- 1 jo jo 70347 Apr  7  2021 TN/OutThere/Belief-AbrahamicReligion/Abrahamic.pdf
-rw-r--r-- 1 jo jo 86907 Feb  1  2022 TN/OutThere/Belief-AbrahamicReligion/Christianity.md
-rw-r--r-- 1 jo jo 156858 Feb  6 23:37 TN/OutThere/Belief-AbrahamicReligion/Christianity.pdf
-rw-r--r-- 1 jo jo 100653 Jun 10 12:43 TN/OutThere/Belief-Buddhism/Buddhism.md
-rw-r--r-- 1 jo jo 159084 Jun 13 17:23 TN/OutThere/Belief-Buddhism/Buddhism.pdf
-rw-r--r-- 1 jo jo 26264 Jan 29  2022 TN/OutThere/Belief-Buddhism/Theravada.md
-rw-r--r-- 1 jo jo 73037 Jan 30  2022 TN/OutThere/Belief-Buddhism/Theravada.pdf
-rw-r--r-- 1 jo jo 210962 Jul  3 17:42 TN/OutThere/Belief-Buddhism/Tibetan.md
-rw-r--r-- 1 jo jo 254491 Jul  7 12:30 TN/OutThere/Belief-Buddhism/Tibetan.pdf
-rw-r--r-- 1 jo jo 143154 Jan 18  2022 TN/OutThere/Belief-Buddhism/Zen.md
-rw-r--r-- 1 jo jo 225279 Jan 22  2022 TN/OutThere/Belief-Buddhism/Zen.pdf
-rw-r--r-- 1 jo jo 91647 Feb  1  2022 TN/OutThere/Belief.md
-rw-r--r-- 1 jo jo 160455 Feb  6 23:37 TN/OutThere/Belief.pdf
-rw-r--r-- 1 jo jo 52844 Mar  2  2021 TN/OutThere/Music.md
-rw-r--r-- 1 jo jo 104445 May  7  2021 TN/OutThere/Music.pdf
-rw-r--r-- 1 jo jo 123219 Jun 29 00:09 TN/OutThere/OutThere.md
-rw-r--r-- 1 jo jo 184790 Jun 30 13:21 TN/OutThere/OutThere.pdf
-rw-r--r-- 1 jo jo 7797 Sep 28  2021 TN/OutThere/Payment.md
-rw-r--r-- 1 jo jo 33517 Sep 29  2021 TN/OutThere/Payment.pdf
-rw-r--r-- 1 jo jo 182309 Jun 24 21:54 TN/OutThere/Verifiable/Engineering/EM/EM.md
-rw-r--r-- 1 jo jo 264496 Jun 28 17:18 TN/OutThere/Verifiable/Engineering/EM/EM.pdf
-rw-r--r-- 1 jo jo 4046 Nov 19  2020 TN/OutThere/Verifiable/Engineering/EM/Refractometers.md
-rw-r--r-- 1 jo jo 34485 Dec  7  2020 TN/OutThere/Verifiable/Engineering/EM/Refractometers.pdf
-rw-r--r-- 1 jo jo 162038 Jul 27 19:39 TN/OutThere/Verifiable/Engineering/Engineering.md
-rw-r--r-- 1 jo jo 265203 Jul 28 08:52 TN/OutThere/Verifiable/Engineering/Engineering.pdf
-rw-r--r-- 1 jo jo 18543 Jun  9 20:50 TN/OutThere/Verifiable/Engineering/forAggression.md
-rw-r--r-- 1 jo jo 42830 Jun 10 00:38 TN/OutThere/Verifiable/Engineering/forAggression.pdf
-rw-r--r-- 1 jo jo 28657 Mar  7 17:34 TN/OutThere/Verifiable/Engineering/Transport.md
-rw-r--r-- 1 jo jo 79872 Mar  9 06:19 TN/OutThere/Verifiable/Engineering/Transport.pdf
-rw-r--r-- 1 jo jo 21453 Aug  5 13:40 TN/OutThere/Verifiable/Engineering/wasteTreatment.md
-rw-r--r-- 1 jo jo 45200 Aug  6 06:22 TN/OutThere/Verifiable/Engineering/wasteTreatment.pdf
-rw-r--r-- 1 jo jo 253000 Jul 28 08:57 TN/OutThere/Verifiable/Human/Body.md
-rw-r--r-- 1 jo jo 338937 Jul 28 09:33 TN/OutThere/Verifiable/Human/Body.pdf
-rw-r--r-- 1 jo jo 225647 Jul 21 08:03 TN/OutThere/Verifiable/Human/Human.md
-rw-r--r-- 1 jo jo 317683 Jul 21 20:13 TN/OutThere/Verifiable/Human/Human.pdf
-rw-r--r-- 1 jo jo 424844 Aug  3 21:46 TN/OutThere/Verifiable/Human/Illnesses.md
-rw-r--r-- 1 jo jo 544963 Aug  4 22:48 TN/OutThere/Verifiable/Human/Illnesses.pdf
-rw-r--r-- 1 jo jo 148777 Jul  9 08:15 TN/OutThere/Verifiable/Human/Medicines.md
-rw-r--r-- 1 jo jo 212128 Jul 18 09:19 TN/OutThere/Verifiable/Human/Medicines.pdf
-rw-r--r-- 1 jo jo 194645 Jun 25 09:22 TN/OutThere/Verifiable/Human/Psychology.md
-rw-r--r-- 1 jo jo 265172 Jun 28 17:19 TN/OutThere/Verifiable/Human/Psychology.pdf
-rw-r--r-- 1 jo jo 328262 Apr 20 09:50 TN/OutThere/Verifiable/Human/Psychotherapy.md
-rw-r--r-- 1 jo jo 385122 Apr 20 13:02 TN/OutThere/Verifiable/Human/Psychotherapy.pdf
-rw-r--r-- 1 jo jo 95201 Jul  7 14:55 TN/OutThere/Verifiable/Human/Vision.md
-rw-r--r-- 1 jo jo 171829 Jul  7 21:05 TN/OutThere/Verifiable/Human/Vision.pdf
-rw-r--r-- 1 jo jo 206869 Jun 29 19:36 TN/OutThere/Verifiable/Human/Wellbeing.md
-rw-r--r-- 1 jo jo 310591 Jun 30 13:21 TN/OutThere/Verifiable/Human/Wellbeing.pdf
-rw-r--r-- 1 jo jo 16725 Dec  6  2020 TN/OutThere/Verifiable/Mathematics/Geometry.md
-rw-r--r-- 1 jo jo 59476 Dec  7  2020 TN/OutThere/Verifiable/Mathematics/Geometry.pdf
-rw-r--r-- 1 jo jo 54987 Jul 18 10:03 TN/OutThere/Verifiable/Mathematics/Mathematics.md
-rw-r--r-- 1 jo jo 112414 Jul 19 16:13 TN/OutThere/Verifiable/Mathematics/Mathematics.pdf
-rw-r--r-- 1 jo jo 43772 Jan 19  2022 TN/OutThere/Verifiable/Mathematics/Numbers.md
-rw-r--r-- 1 jo jo 93777 Jan 22  2022 TN/OutThere/Verifiable/Mathematics/Numbers.pdf
-rw-r--r-- 1 jo jo 39059 Jan 31  2022 TN/OutThere/Verifiable/Nature/Eukaryote/Animal/Animal.md
-rw-r--r-- 1 jo jo 86409 Jan 31  2022 TN/OutThere/Verifiable/Nature/Eukaryote/Animal/Animal.pdf
-rw-r--r-- 1 jo jo 10108 Jun  8 20:33 TN/OutThere/Verifiable/Nature/Eukaryote/Animal/Arthropod-Chelicerata/Acariformes.md
-rw-r--r-- 1 jo jo 40897 Jun  9 16:17 TN/OutThere/Verifiable/Nature/Eukaryote/Animal/Arthropod-Chelicerata/Acariformes.pdf
-rw-r--r-- 1 jo jo 20284 Jun  8 09:16 TN/OutThere/Verifiable/Nature/Eukaryote/Animal/Arthropod-Chelicerata/Arachnid.md
-rw-r--r-- 1 jo jo 51696 Jun  8 10:44 TN/OutThere/Verifiable/Nature/Eukaryote/Animal/Arthropod-Chelicerata/Arachnid.pdf
-rw-r--r-- 1 jo jo 24209 Jun 16 07:19 TN/OutThere/Verifiable/Nature/Eukaryote/Animal/Arthropod-Pancrustacea/Hexapoda/Hexapoda.md
-rw-r--r-- 1 jo jo 56326 Jun 16 07:20 TN/OutThere/Verifiable/Nature/Eukaryote/Animal/Arthropod-Pancrustacea/Hexapoda/Hexapoda.pdf
-rw-r--r-- 1 jo jo 6673 Jun 16 07:18 TN/OutThere/Verifiable/Nature/Eukaryote/Animal/Arthropod-Pancrustacea/Hexapoda/Insecta/Dicondylia.md
-rw-r--r-- 1 jo jo 23997 Jun 16 21:53 TN/OutThere/Verifiable/Nature/Eukaryote/Animal/Arthropod-Pancrustacea/Hexapoda/Insecta/Dicondylia.pdf
-rw-r--r-- 1 jo jo 14295 Dec  2  2021 TN/OutThere/Verifiable/Nature/Eukaryote/Animal/Arthropod-Pancrustacea/Hexapoda/Insecta/Hymenoptera-Apocrita.md
-rw-r--r-- 1 jo jo 39224 Dec  3  2021 TN/OutThere/Verifiable/Nature/Eukaryote/Animal/Arthropod-Pancrustacea/Hexapoda/Insecta/Hymenoptera-Apocrita.pdf
-rw-r--r-- 1 jo jo 20515 Nov 23  2021 TN/OutThere/Verifiable/Nature/Eukaryote/Animal/Arthropod-Pancrustacea/Pancrustacea.md
-rw-r--r-- 1 jo jo 56827 Nov 23  2021 TN/OutThere/Verifiable/Nature/Eukaryote/Animal/Arthropod-Pancrustacea/Pancrustacea.pdf
-rw-r--r-- 1 jo jo 10556 Sep 27  2021 TN/OutThere/Verifiable/Nature/Eukaryote/Animal/Arthropod-Pancrustacea/Pterygota/Hymenoptera-Apoidea.md
-rw-r--r-- 1 jo jo 35599 Sep 29  2021 TN/OutThere/Verifiable/Nature/Eukaryote/Animal/Arthropod-Pancrustacea/Pterygota/Hymenoptera-Apoidea.pdf
-rw-r--r-- 1 jo jo 5829 Nov 19  2020 TN/OutThere/Verifiable/Nature/Eukaryote/Animal/Arthropod-Pancrustacea/Pterygota/Pterygota-Metapterygota/Cossina.md
-rw-r--r-- 1 jo jo 56588 Jul 12  2021 TN/OutThere/Verifiable/Nature/Eukaryote/Animal/Arthropod-Pancrustacea/Pterygota/Pterygota-Metapterygota/Cossina.pdf
-rw-r--r-- 1 jo jo 13008 Nov 19  2020 TN/OutThere/Verifiable/Nature/Eukaryote/Animal/Arthropod-Pancrustacea/Pterygota/Pterygota-Metapterygota/Endopterygota-Diptera.md
-rw-r--r-- 1 jo jo 65958 Jul 12  2021 TN/OutThere/Verifiable/Nature/Eukaryote/Animal/Arthropod-Pancrustacea/Pterygota/Pterygota-Metapterygota/Endopterygota-Diptera.pdf
-rw-r--r-- 1 jo jo 20665 Jul 24 07:39 TN/OutThere/Verifiable/Nature/Eukaryote/Animal/Arthropod-Pancrustacea/Pterygota/Pterygota-Metapterygota/Metapterygota.md
-rw-r--r-- 1 jo jo 48693 Jul 25 17:55 TN/OutThere/Verifiable/Nature/Eukaryote/Animal/Arthropod-Pancrustacea/Pterygota/Pterygota-Metapterygota/Metapterygota.pdf
-rw-r--r-- 1 jo jo 5668 Apr 23  2021 TN/OutThere/Verifiable/Nature/Eukaryote/Animal/Arthropod-Pancrustacea/Pterygota/Pterygota-Metapterygota/Psocodea-Louse.md
-rw-r--r-- 1 jo jo 55122 Jul 12  2021 TN/OutThere/Verifiable/Nature/Eukaryote/Animal/Arthropod-Pancrustacea/Pterygota/Pterygota-Metapterygota/Psocodea-Louse.pdf
-rw-r--r-- 1 jo jo 11803 Dec  6  2020 TN/OutThere/Verifiable/Nature/Eukaryote/Animal/Bilateria/Euthyneura.md
-rw-r--r-- 1 jo jo 69840 Jul 12  2021 TN/OutThere/Verifiable/Nature/Eukaryote/Animal/Bilateria/Euthyneura.pdf
-rw-r--r-- 1 jo jo 18961 Dec  6  2021 TN/OutThere/Verifiable/Nature/Eukaryote/Animal/Eumetazoa-ParaHoxozoa-Cnidaria.md
-rw-r--r-- 1 jo jo 46034 Dec  7  2021 TN/OutThere/Verifiable/Nature/Eukaryote/Animal/Eumetazoa-ParaHoxozoa-Cnidaria.pdf
-rw-r--r-- 1 jo jo 36379 Jan 24  2021 TN/OutThere/Verifiable/Nature/Eukaryote/Archaeplastida/Angiospermae-Eudicots/Asterales.md
-rw-r--r-- 1 jo jo 106052 Jul 12  2021 TN/OutThere/Verifiable/Nature/Eukaryote/Archaeplastida/Angiospermae-Eudicots/Asterales.pdf
-rw-r--r-- 1 jo jo 6258 Mar 28  2021 TN/OutThere/Verifiable/Nature/Eukaryote/Archaeplastida/Angiospermae-Eudicots/Eudicots.md
-rw-r--r-- 1 jo jo 61699 Jul 12  2021 TN/OutThere/Verifiable/Nature/Eukaryote/Archaeplastida/Angiospermae-Eudicots/Eudicots.pdf
-rw-r--r-- 1 jo jo 16625 Jan 29  2022 TN/OutThere/Verifiable/Nature/Eukaryote/Archaeplastida/Angiospermae-Eudicots/Superasterids/Asterids.md
-rw-r--r-- 1 jo jo 43130 Jan 29  2022 TN/OutThere/Verifiable/Nature/Eukaryote/Archaeplastida/Angiospermae-Eudicots/Superasterids/Asterids.pdf
-rw-r--r-- 1 jo jo 3715 Feb 17 11:27 TN/OutThere/Verifiable/Nature/Eukaryote/Archaeplastida/Angiospermae-Eudicots/Superasterids/Ericaceae.md
-rw-r--r-- 1 jo jo 23401 Feb 18 10:43 TN/OutThere/Verifiable/Nature/Eukaryote/Archaeplastida/Angiospermae-Eudicots/Superasterids/Ericaceae.pdf
-rw-r--r-- 1 jo jo 12537 Oct 29  2021 TN/OutThere/Verifiable/Nature/Eukaryote/Archaeplastida/Angiospermae-Eudicots/Superrosids/Fabales-Faboideae.md
-rw-r--r-- 1 jo jo 44635 Oct 29  2021 TN/OutThere/Verifiable/Nature/Eukaryote/Archaeplastida/Angiospermae-Eudicots/Superrosids/Fabales-Faboideae.pdf
-rw-r--r-- 1 jo jo 9306 Dec 26  2021 TN/OutThere/Verifiable/Nature/Eukaryote/Archaeplastida/Angiospermae-Eudicots/Superrosids/Malvales.md
-rw-r--r-- 1 jo jo 32586 Dec 27  2021 TN/OutThere/Verifiable/Nature/Eukaryote/Archaeplastida/Angiospermae-Eudicots/Superrosids/Malvales.pdf
-rw-r--r-- 1 jo jo 76073 May 30 11:14 TN/OutThere/Verifiable/Nature/Eukaryote/Archaeplastida/Angiospermae-Eudicots/Superrosids/Rosids.md
-rw-r--r-- 1 jo jo 119242 Jun  8 10:44 TN/OutThere/Verifiable/Nature/Eukaryote/Archaeplastida/Angiospermae-Eudicots/Superrosids/Rosids.pdf
-rw-r--r-- 1 jo jo 5100 Jul 17 08:08 TN/OutThere/Verifiable/Nature/Eukaryote/Archaeplastida/Angiospermae-Monocotyledon/Commelinids-Arecales.md
-rw-r--r-- 1 jo jo 22879 Jul 18 09:19 TN/OutThere/Verifiable/Nature/Eukaryote/Archaeplastida/Angiospermae-Monocotyledon/Commelinids-Arecales.pdf
-rw-r--r-- 1 jo jo 9951 Apr  1  2021 TN/OutThere/Verifiable/Nature/Eukaryote/Archaeplastida/Angiospermae-Monocotyledon/Commelinids-Poales.md
-rw-r--r-- 1 jo jo 64696 Jul 12  2021 TN/OutThere/Verifiable/Nature/Eukaryote/Archaeplastida/Angiospermae-Monocotyledon/Commelinids-Poales.pdf
-rw-r--r-- 1 jo jo 13629 Nov  9  2021 TN/OutThere/Verifiable/Nature/Eukaryote/Archaeplastida/Angiospermae-Monocotyledon/Monocotyledon.md
-rw-r--r-- 1 jo jo 37935 Nov 10  2021 TN/OutThere/Verifiable/Nature/Eukaryote/Archaeplastida/Angiospermae-Monocotyledon/Monocotyledon.pdf
-rw-r--r-- 1 jo jo 11227 Mar 28  2021 TN/OutThere/Verifiable/Nature/Eukaryote/Archaeplastida/Plantae.md
-rw-r--r-- 1 jo jo 69891 Jul 12  2021 TN/OutThere/Verifiable/Nature/Eukaryote/Archaeplastida/Plantae.pdf
-rw-r--r-- 1 jo jo 7488 Jan 24  2021 TN/OutThere/Verifiable/Nature/Eukaryote/Conosa.md
-rw-r--r-- 1 jo jo 60223 Jul 12  2021 TN/OutThere/Verifiable/Nature/Eukaryote/Conosa.pdf
-rw-r--r-- 1 jo jo 3102 Dec  8  2021 TN/OutThere/Verifiable/Nature/Eukaryote/Diaphoretickes-SAR.md
-rw-r--r-- 1 jo jo 25732 Dec  8  2021 TN/OutThere/Verifiable/Nature/Eukaryote/Diaphoretickes-SAR.pdf
-rw-r--r-- 1 jo jo 14318 Dec  8  2021 TN/OutThere/Verifiable/Nature/Eukaryote/Dikarya/Ascomycota.md
-rw-r--r-- 1 jo jo 42142 Dec  8  2021 TN/OutThere/Verifiable/Nature/Eukaryote/Dikarya/Ascomycota.pdf
-rw-r--r-- 1 jo jo 10131 Apr 27  2021 TN/OutThere/Verifiable/Nature/Eukaryote/Dikarya/Basidiomycota-Agaricomycotina-Agaricomycetes.md
-rw-r--r-- 1 jo jo 66506 Jul 12  2021 TN/OutThere/Verifiable/Nature/Eukaryote/Dikarya/Basidiomycota-Agaricomycotina-Agaricomycetes.pdf
-rw-r--r-- 1 jo jo 65263 Jul 22 16:44 TN/OutThere/Verifiable/Nature/Eukaryote/Eukaryote.md
-rw-r--r-- 1 jo jo 102252 Jul 23 07:38 TN/OutThere/Verifiable/Nature/Eukaryote/Eukaryote.pdf
-rw-r--r-- 1 jo jo 68609 Jul 19 16:22 TN/OutThere/Verifiable/Nature/Phanerozoic.md
-rw-r--r-- 1 jo jo 115703 Jul 19 16:23 TN/OutThere/Verifiable/Nature/Phanerozoic.pdf
-rw-r--r-- 1 jo jo 21672 Jul 19 16:21 TN/OutThere/Verifiable/Nature/Prokaryote-Archaea/Archaea.md
-rw-r--r-- 1 jo jo 44330 Jul 19 16:23 TN/OutThere/Verifiable/Nature/Prokaryote-Archaea/Archaea.pdf
-rw-r--r-- 1 jo jo 15959 Jul 19 16:16 TN/OutThere/Verifiable/Nature/Prokaryote-Archaea/Bacteria-Terrabacteria-Firmicutes-Bacilli.md
-rw-r--r-- 1 jo jo 34378 Jul 19 16:23 TN/OutThere/Verifiable/Nature/Prokaryote-Archaea/Bacteria-Terrabacteria-Firmicutes-Bacilli.pdf
-rw-r--r-- 1 jo jo 4652 Jan 30  2022 TN/OutThere/Verifiable/Nature/Prokaryote-Archaea/Proteoarchaeota.md
-rw-r--r-- 1 jo jo 21497 Jul 19 16:23 TN/OutThere/Verifiable/Nature/Prokaryote-Archaea/Proteoarchaeota.pdf
-rw-r--r-- 1 jo jo 57375 Feb  3  2022 TN/OutThere/Verifiable/Science/Astronomy/Astronomy.md
-rw-r--r-- 1 jo jo 118896 Feb  6 23:34 TN/OutThere/Verifiable/Science/Astronomy/Astronomy.pdf
-rw-r--r-- 1 jo jo 70814 Jun 10 13:23 TN/OutThere/Verifiable/Science/Astronomy/ourGalaxy.md
-rw-r--r-- 1 jo jo 120766 Jun 13 17:24 TN/OutThere/Verifiable/Science/Astronomy/ourGalaxy.pdf
-rw-r--r-- 1 jo jo 132515 May  4 10:09 TN/OutThere/Verifiable/Science/Biology/Biology.md
-rw-r--r-- 1 jo jo 182086 May  6 21:28 TN/OutThere/Verifiable/Science/Biology/Biology.pdf
-rw-r--r-- 1 jo jo 78464 Jul 23 22:50 TN/OutThere/Verifiable/Science/Biology/Microbiology.md
-rw-r--r-- 1 jo jo 126443 Jul 25 17:55 TN/OutThere/Verifiable/Science/Biology/Microbiology.pdf
-rw-r--r-- 1 jo jo 103949 Jul  5 18:52 TN/OutThere/Verifiable/Science/Chemistry.md
-rw-r--r-- 1 jo jo 177823 Jul  7 12:30 TN/OutThere/Verifiable/Science/Chemistry.pdf
-rw-r--r-- 1 jo jo 133320 Jun 14 22:15 TN/OutThere/Verifiable/Science/Physics.md
-rw-r--r-- 1 jo jo 218868 Jun 14 22:19 TN/OutThere/Verifiable/Science/Physics.pdf
-rw-r--r-- 1 jo jo 299182 Aug  5 00:14 TN/OutThere/Verifiable/Science/Science.md
-rw-r--r-- 1 jo jo 424842 Aug  6 06:22 TN/OutThere/Verifiable/Science/Science.pdf
-rw-r--r-- 1 jo jo 203991 Jul 27 19:47 TN/OutThere/Verifiable/Verifiable.md
-rw-r--r-- 1 jo jo 297490 Jul 28 08:53 TN/OutThere/Verifiable/Verifiable.pdf
-rw-r--r-- 1 jo jo 129706 Jul 28 09:31 TN/OutThere/world/Africa/Africa.md
-rw-r--r-- 1 jo jo 204442 Jul 28 09:33 TN/OutThere/world/Africa/Africa.pdf
-rw-r--r-- 1 jo jo 4556 Mar 23  2021 TN/OutThere/world/Africa/EastAfricanRift.md
-rw-r--r-- 1 jo jo 26738 Mar 24  2021 TN/OutThere/world/Africa/EastAfricanRift.pdf
-rw-r--r-- 1 jo jo 24909 Jul 28 09:30 TN/OutThere/world/Africa/NorthAfrica.md
-rw-r--r-- 1 jo jo 61290 Jul 28 09:34 TN/OutThere/world/Africa/NorthAfrica.pdf
-rw-r--r-- 1 jo jo 105116 Aug  5 21:31 TN/OutThere/world/America-Canada/Canada.md
-rw-r--r-- 1 jo jo 197866 Aug  6 06:23 TN/OutThere/world/America-Canada/Canada.pdf
-rw-r--r-- 1 jo jo 33095 Jul 21 13:52 TN/OutThere/world/America-Canada/Ontario-GreaterToronto.md
-rw-r--r-- 1 jo jo 71958 Jul 21 20:13 TN/OutThere/world/America-Canada/Ontario-GreaterToronto.pdf
-rw-r--r-- 1 jo jo 15329 Jul  1 08:32 TN/OutThere/world/America-Canada/Western/BritishColumbia.md
-rw-r--r-- 1 jo jo 43512 Jul  3 08:49 TN/OutThere/world/America-Canada/Western/BritishColumbia.pdf
-rw-r--r-- 1 jo jo 15123 Apr 17  2021 TN/OutThere/world/America-Canada/Western/CanadianPrairies.md
-rw-r--r-- 1 jo jo 42280 Apr 17  2021 TN/OutThere/world/America-Canada/Western/CanadianPrairies.pdf
-rw-r--r-- 1 jo jo 44858 Jun 18 20:00 TN/OutThere/world/America-Latin/LatinAmerica.md
-rw-r--r-- 1 jo jo 90099 Jun 21 08:48 TN/OutThere/world/America-Latin/LatinAmerica.pdf
-rw-r--r-- 1 jo jo 61236 Jun 30 17:50 TN/OutThere/world/America-Latin/SouthAmerica.md
-rw-r--r-- 1 jo jo 118658 Jun 30 22:47 TN/OutThere/world/America-Latin/SouthAmerica.pdf
-rw-r--r-- 1 jo jo 87859 Jul 22 16:57 TN/OutThere/world/America-US/Analysis.md
-rw-r--r-- 1 jo jo 145075 Jul 23 07:38 TN/OutThere/world/America-US/Analysis.pdf
-rw-r--r-- 1 jo jo 347451 Aug  2 11:11 TN/OutThere/world/America-US/arts/Filmic.md
-rw-r--r-- 1 jo jo 571125 Aug  4 22:49 TN/OutThere/world/America-US/arts/Filmic.pdf
-rw-r--r-- 1 jo jo 151981 Jun 17 08:37 TN/OutThere/world/America-US/arts/Literary.md
-rw-r--r-- 1 jo jo 221304 Jun 21 08:49 TN/OutThere/world/America-US/arts/Literary.pdf
-rw-r--r-- 1 jo jo 251839 Aug  3 20:17 TN/OutThere/world/America-US/arts/Music.md
-rw-r--r-- 1 jo jo 434022 Aug  4 22:49 TN/OutThere/world/America-US/arts/Music.pdf
-rw-r--r-- 1 jo jo 112643 Jun 10 08:54 TN/OutThere/world/America-US/Government.md
-rw-r--r-- 1 jo jo 191095 Jun 10 09:52 TN/OutThere/world/America-US/Government.pdf
-rw-r--r-- 1 jo jo 105332 Jan 31  2022 TN/OutThere/world/America-US/MichaelGreger.md
-rw-r--r-- 1 jo jo 145498 Feb  6 23:44 TN/OutThere/world/America-US/MichaelGreger.pdf
-rw-r--r-- 1 jo jo 47503 Jul  7 20:58 TN/OutThere/world/America-US/MidwesternStates/Illinois.md
-rw-r--r-- 1 jo jo 96117 Jul  7 21:05 TN/OutThere/world/America-US/MidwesternStates/Illinois.pdf
-rw-r--r-- 1 jo jo 9721 Apr 15 23:13 TN/OutThere/world/America-US/MidwesternStates/Indiana.md
-rw-r--r-- 1 jo jo 35035 Apr 18 13:28 TN/OutThere/world/America-US/MidwesternStates/Indiana.pdf
-rw-r--r-- 1 jo jo 2861 Nov 19  2020 TN/OutThere/world/America-US/MidwesternStates/Michigan/BerrienCounty.md
-rw-r--r-- 1 jo jo 32828 Dec  7  2020 TN/OutThere/world/America-US/MidwesternStates/Michigan/BerrienCounty.pdf
-rw-r--r-- 1 jo jo 13723 Mar  3  2021 TN/OutThere/world/America-US/MidwesternStates/Michigan/MetroDetroit.md
-rw-r--r-- 1 jo jo 40664 Mar  4  2021 TN/OutThere/world/America-US/MidwesternStates/Michigan/MetroDetroit.pdf
-rw-r--r-- 1 jo jo 22533 Jul 18 20:18 TN/OutThere/world/America-US/MidwesternStates/MidwesternStates.md
-rw-r--r-- 1 jo jo 66241 Jul 19 16:14 TN/OutThere/world/America-US/MidwesternStates/MidwesternStates.pdf
-rw-r--r-- 1 jo jo 24191 Apr 13 22:13 TN/OutThere/world/America-US/MidwesternStates/Ohio.md
-rw-r--r-- 1 jo jo 84598 Apr 14 11:38 TN/OutThere/world/America-US/MidwesternStates/Ohio.pdf
-rw-r--r-- 1 jo jo 22464 Jul 24 08:26 TN/OutThere/world/America-US/MidwesternStates/Wisconsin.md
-rw-r--r-- 1 jo jo 62910 Jul 25 17:55 TN/OutThere/world/America-US/MidwesternStates/Wisconsin.pdf
-rw-r--r-- 1 jo jo 64829 May 25 17:54 TN/OutThere/world/America-US/NortheasternStates/CambridgeMassachusetts.md
-rw-r--r-- 1 jo jo 110127 Jun  8 10:45 TN/OutThere/world/America-US/NortheasternStates/CambridgeMassachusetts.pdf
-rw-r--r-- 1 jo jo 67345 Jul  7 12:32 TN/OutThere/world/America-US/NortheasternStates/Massachusetts-Cambridge.md
-rw-r--r-- 1 jo jo 113528 Jul  7 21:06 TN/OutThere/world/America-US/NortheasternStates/Massachusetts-Cambridge.pdf
-rw-r--r-- 1 jo jo 21511 May 17 13:00 TN/OutThere/world/America-US/NortheasternStates/NewEngland.md
-rw-r--r-- 1 jo jo 55007 May 17 15:59 TN/OutThere/world/America-US/NortheasternStates/NewEngland.pdf
-rw-r--r-- 1 jo jo 18788 May 31 14:24 TN/OutThere/world/America-US/NortheasternStates/NewJersey.md
-rw-r--r-- 1 jo jo 44446 Jun  8 10:45 TN/OutThere/world/America-US/NortheasternStates/NewJersey.pdf
-rw-r--r-- 1 jo jo 75798 Jul  8 10:21 TN/OutThere/world/America-US/NortheasternStates/NewYork/NewYorkState.md
-rw-r--r-- 1 jo jo 132501 Jul 18 09:20 TN/OutThere/world/America-US/NortheasternStates/NewYork/NewYorkState.pdf
-rw-r--r-- 1 jo jo 121073 Aug  5 09:49 TN/OutThere/world/America-US/NortheasternStates/NewYork/NYMA/NYC.md
-rw-r--r-- 1 jo jo 194890 Aug  6 06:23 TN/OutThere/world/America-US/NortheasternStates/NewYork/NYMA/NYC.pdf
-rw-r--r-- 1 jo jo 102071 Feb 11 08:46 TN/OutThere/world/America-US/NortheasternStates/NewYork/NYMA/NYMA.md
-rw-r--r-- 1 jo jo 110223 Feb 13 21:16 TN/OutThere/world/America-US/NortheasternStates/NewYork/NYMA/NYMA.pdf
-rw-r--r-- 1 jo jo 5609 Nov 19  2020 TN/OutThere/world/America-US/NortheasternStates/NewYork/SuffolkCounty.md
-rw-r--r-- 1 jo jo 34484 Dec  7  2020 TN/OutThere/world/America-US/NortheasternStates/NewYork/SuffolkCounty.pdf
-rw-r--r-- 1 jo jo 164652 Jul 28 22:50 TN/OutThere/world/America-US/NortheasternStates/NortheasternStates.md
-rw-r--r-- 1 jo jo 242899 Aug  4 22:49 TN/OutThere/world/America-US/NortheasternStates/NortheasternStates.pdf
-rw-r--r-- 1 jo jo 2835 Nov 19  2020 TN/OutThere/world/America-US/NortheasternStates/Pennsylvania/DelawareCounty.md
-rw-r--r-- 1 jo jo 31774 Dec  7  2020 TN/OutThere/world/America-US/NortheasternStates/Pennsylvania/DelawareCounty.pdf
-rw-r--r-- 1 jo jo 22912 Mar 27 09:33 TN/OutThere/world/America-US/NortheasternStates/Pennsylvania/Pennsylvania.md
-rw-r--r-- 1 jo jo 58090 Mar 28 23:26 TN/OutThere/world/America-US/NortheasternStates/Pennsylvania/Pennsylvania.pdf
-rw-r--r-- 1 jo jo 13146 Nov 10  2021 TN/OutThere/world/America-US/NortheasternStates/RhodeIsland/ProvidenceCounty-Pawtucket.md
-rw-r--r-- 1 jo jo 50328 Nov 10  2021 TN/OutThere/world/America-US/NortheasternStates/RhodeIsland/ProvidenceCounty-Pawtucket.pdf
-rw-r--r-- 1 jo jo 1510 Nov 10  2021 TN/OutThere/world/America-US/NortheasternStates/RhodeIsland/RhodeIsland.md
-rw-r--r-- 1 jo jo 23074 Nov 10  2021 TN/OutThere/world/America-US/NortheasternStates/RhodeIsland/RhodeIsland.pdf
-rw-r--r-- 1 jo jo 6130 Jul 22 12:29 TN/OutThere/world/America-US/PacificStates/California-Northern/NorthernCalifornia.md
-rw-r--r-- 1 jo jo 35101 Jul 23 07:38 TN/OutThere/world/America-US/PacificStates/California-Northern/NorthernCalifornia.pdf
-rw-r--r-- 1 jo jo 28706 Jan 17  2022 TN/OutThere/world/America-US/PacificStates/California-Northern/SanFranciscoBayArea/AlamedaCounty.md
-rw-r--r-- 1 jo jo 63331 Jan 18  2022 TN/OutThere/world/America-US/PacificStates/California-Northern/SanFranciscoBayArea/AlamedaCounty.pdf
-rw-r--r-- 1 jo jo 100136 Jul 28 09:38 TN/OutThere/world/America-US/PacificStates/California-Northern/SanFranciscoBayArea/SanFranciscoBayArea.md
-rw-r--r-- 1 jo jo 174662 Aug  4 22:50 TN/OutThere/world/America-US/PacificStates/California-Northern/SanFranciscoBayArea/SanFranciscoBayArea.pdf
-rw-r--r-- 1 jo jo 50004 Jul 19 10:51 TN/OutThere/world/America-US/PacificStates/California-Northern/SanFranciscoBayArea/SantaClaraCounty.md
-rw-r--r-- 1 jo jo 94912 Jul 19 16:14 TN/OutThere/world/America-US/PacificStates/California-Northern/SanFranciscoBayArea/SantaClaraCounty.pdf
-rw-r--r-- 1 jo jo 68178 Aug  4 08:14 TN/OutThere/world/America-US/PacificStates/California-Southern/GLA/GLA.md
-rw-r--r-- 1 jo jo 126656 Aug  4 22:50 TN/OutThere/world/America-US/PacificStates/California-Southern/GLA/GLA.pdf
-rw-r--r-- 1 jo jo 96338 Jul  9 21:01 TN/OutThere/world/America-US/PacificStates/California-Southern/GLA/LAC-LosAngeles.md
-rw-r--r-- 1 jo jo 159836 Jul 18 09:20 TN/OutThere/world/America-US/PacificStates/California-Southern/GLA/LAC-LosAngeles.pdf
-rw-r--r-- 1 jo jo 13855 Mar 16  2021 TN/OutThere/world/America-US/PacificStates/California-Southern/GLA/OrangeCounty.md
-rw-r--r-- 1 jo jo 43533 Mar 16  2021 TN/OutThere/world/America-US/PacificStates/California-Southern/GLA/OrangeCounty.pdf
-rw-r--r-- 1 jo jo 32310 Jun 15 08:06 TN/OutThere/world/America-US/PacificStates/California-Southern/SanDiegoCounty.md
-rw-r--r-- 1 jo jo 59601 Jun 16 07:21 TN/OutThere/world/America-US/PacificStates/California-Southern/SanDiegoCounty.pdf
-rw-r--r-- 1 jo jo 9266 May  4  2021 TN/OutThere/world/America-US/PacificStates/California-Southern/SouthernCalifornia.md
-rw-r--r-- 1 jo jo 39634 May  5  2021 TN/OutThere/world/America-US/PacificStates/California-Southern/SouthernCalifornia.pdf
-rw-r--r-- 1 jo jo 22894 Feb 11 08:48 TN/OutThere/world/America-US/PacificStates/Oregon.md
-rw-r--r-- 1 jo jo 71856 Feb 13 21:16 TN/OutThere/world/America-US/PacificStates/Oregon.pdf
-rw-r--r-- 1 jo jo 46456 Jun 24 17:37 TN/OutThere/world/America-US/PacificStates/PacificStates.md
-rw-r--r-- 1 jo jo 95817 Jun 28 17:19 TN/OutThere/world/America-US/PacificStates/PacificStates.pdf
-rw-r--r-- 1 jo jo 27978 Jul  6 21:06 TN/OutThere/world/America-US/PacificStates/WA-SeattleMetro-KingCounty.md
-rw-r--r-- 1 jo jo 67308 Jul  7 12:31 TN/OutThere/world/America-US/PacificStates/WA-SeattleMetro-KingCounty.pdf
-rw-r--r-- 1 jo jo 32728 Apr 13 11:10 TN/OutThere/world/America-US/SouthAtlanticStates/Florida/Florida.md
-rw-r--r-- 1 jo jo 71201 Apr 13 16:25 TN/OutThere/world/America-US/SouthAtlanticStates/Florida/Florida.pdf
-rw-r--r-- 1 jo jo 4131 Mar 15 12:33 TN/OutThere/world/America-US/SouthAtlanticStates/Florida/OrangeCounty.md
-rw-r--r-- 1 jo jo 25322 Mar 20 09:23 TN/OutThere/world/America-US/SouthAtlanticStates/Florida/OrangeCounty.pdf
-rw-r--r-- 1 jo jo 2403 Apr 15 14:28 TN/OutThere/world/America-US/SouthAtlanticStates/Georgia/Georgia-ForsythCounty.md
-rw-r--r-- 1 jo jo 21848 Apr 15 14:34 TN/OutThere/world/America-US/SouthAtlanticStates/Georgia/Georgia-ForsythCounty.pdf
-rw-r--r-- 1 jo jo 8858 May  3 19:04 TN/OutThere/world/America-US/SouthAtlanticStates/Georgia/Georgia.md
-rw-r--r-- 1 jo jo 31466 May  6 21:30 TN/OutThere/world/America-US/SouthAtlanticStates/Georgia/Georgia.pdf
-rw-r--r-- 1 jo jo 19610 Jul 22 08:27 TN/OutThere/world/America-US/SouthAtlanticStates/Maryland.md
-rw-r--r-- 1 jo jo 54915 Jul 23 07:39 TN/OutThere/world/America-US/SouthAtlanticStates/Maryland.pdf
-rw-r--r-- 1 jo jo 8758 Dec 15  2021 TN/OutThere/world/America-US/SouthAtlanticStates/Maryland-MontgomeryCounty.md
-rw-r--r-- 1 jo jo 38317 Dec 15  2021 TN/OutThere/world/America-US/SouthAtlanticStates/Maryland-MontgomeryCounty.pdf
-rw-r--r-- 1 jo jo 26700 Apr 29 13:37 TN/OutThere/world/America-US/SouthAtlanticStates/NorthCarolina.md
-rw-r--r-- 1 jo jo 74232 Apr 29 16:35 TN/OutThere/world/America-US/SouthAtlanticStates/NorthCarolina.pdf
-rw-r--r-- 1 jo jo 14145 Jul 22 08:10 TN/OutThere/world/America-US/SouthAtlanticStates/SouthAtlanticStates.md
-rw-r--r-- 1 jo jo 46961 Jul 23 07:39 TN/OutThere/world/America-US/SouthAtlanticStates/SouthAtlanticStates.pdf
-rw-r--r-- 1 jo jo 3387 Dec 30  2021 TN/OutThere/world/America-US/SouthAtlanticStates/SouthCarolina.md
-rw-r--r-- 1 jo jo 38405 Jan  4  2022 TN/OutThere/world/America-US/SouthAtlanticStates/SouthCarolina.pdf
-rw-r--r-- 1 jo jo 12859 May 19  2021 TN/OutThere/world/America-US/SouthAtlanticStates/Virginia.md
-rw-r--r-- 1 jo jo 52388 May 21  2021 TN/OutThere/world/America-US/SouthAtlanticStates/Virginia.pdf
-rw-r--r-- 1 jo jo 6200 Jul  8 20:19 TN/OutThere/world/America-US/SouthernStates/Alabama.md
-rw-r--r-- 1 jo jo 25795 Jul 18 09:21 TN/OutThere/world/America-US/SouthernStates/Alabama.pdf
-rw-r--r-- 1 jo jo 56357 Jun 14 20:53 TN/OutThere/world/America-US/SouthernStates/SouthernStates.md
-rw-r--r-- 1 jo jo 109106 Jun 14 22:20 TN/OutThere/world/America-US/SouthernStates/SouthernStates.pdf
-rw-r--r-- 1 jo jo 4329 Nov 22  2021 TN/OutThere/world/America-US/SouthernStates/Tennessee/RutherfordCounty.md
-rw-r--r-- 1 jo jo 39066 Nov 23  2021 TN/OutThere/world/America-US/SouthernStates/Tennessee/RutherfordCounty.pdf
-rw-r--r-- 1 jo jo 18174 Apr 20 20:16 TN/OutThere/world/America-US/SouthernStates/Tennessee/Tennessee.md
-rw-r--r-- 1 jo jo 57073 Apr 21 03:32 TN/OutThere/world/America-US/SouthernStates/Tennessee/Tennessee.pdf
-rw-r--r-- 1 jo jo 745173 Aug  5 09:35 TN/OutThere/world/America-US/USA.md
-rw-r--r-- 1 jo jo 1023347 Aug  6 06:23 TN/OutThere/world/America-US/USA.pdf
-rw-r--r-- 1 jo jo 10372 Feb 16 21:01 TN/OutThere/world/America-US/WesternUS-MountainStates/Arizona-MaricopaCounty.md
-rw-r--r-- 1 jo jo 39233 Feb 18 10:45 TN/OutThere/world/America-US/WesternUS-MountainStates/Arizona-MaricopaCounty.pdf
-rw-r--r-- 1 jo jo 22003 Jun  8 17:53 TN/OutThere/world/America-US/WesternUS-MountainStates/Colorado.md
-rw-r--r-- 1 jo jo 57571 Jun  9 16:17 TN/OutThere/world/America-US/WesternUS-MountainStates/Colorado.pdf
-rw-r--r-- 1 jo jo 37373 Jun 21 11:25 TN/OutThere/world/America-US/WesternUS-MountainStates/MountainStates.md
-rw-r--r-- 1 jo jo 83937 Jun 22 21:09 TN/OutThere/world/America-US/WesternUS-MountainStates/MountainStates.pdf
-rw-r--r-- 1 jo jo 11402 Jun 15 07:38 TN/OutThere/world/America-US/WesternUS-MountainStates/Nevada.md
-rw-r--r-- 1 jo jo 38122 Jun 16 07:21 TN/OutThere/world/America-US/WesternUS-MountainStates/Nevada.pdf
-rw-r--r-- 1 jo jo 39244 Apr 28 20:44 TN/OutThere/world/arts/arts.md
-rw-r--r-- 1 jo jo 90419 Apr 29 12:43 TN/OutThere/world/arts/arts.pdf
-rw-r--r-- 1 jo jo 16719 Aug  6 06:20 TN/OutThere/world/arts/filmic.md
-rw-r--r-- 1 jo jo 49697 Aug  6 06:23 TN/OutThere/world/arts/filmic.pdf
-rw-r--r-- 1 jo jo 9394 Jul 22  2021 TN/OutThere/world/arts/music.md
-rw-r--r-- 1 jo jo 38413 Jul 24  2021 TN/OutThere/world/arts/music.pdf
-rw-r--r-- 1 jo jo 62325 Jul 19 10:27 TN/OutThere/world/AsiaPacific/Australia/Australia.md
-rw-r--r-- 1 jo jo 125669 Jul 19 16:14 TN/OutThere/world/AsiaPacific/Australia/Australia.pdf
-rw-r--r-- 1 jo jo 29666 Aug  5 19:03 TN/OutThere/world/AsiaPacific/Australia/Culture.md
-rw-r--r-- 1 jo jo 71233 Aug  6 06:24 TN/OutThere/world/AsiaPacific/Australia/Culture.pdf
-rw-r--r-- 1 jo jo 25429 Mar 23  2021 TN/OutThere/world/AsiaPacific/Australia/NewSouthWales.md
-rw-r--r-- 1 jo jo 58086 Mar 24  2021 TN/OutThere/world/AsiaPacific/Australia/NewSouthWales.pdf
-rw-r--r-- 1 jo jo 10754 Jan 14  2022 TN/OutThere/world/AsiaPacific/East/ChinaRegions/East.md
-rw-r--r-- 1 jo jo 46667 Jan 18  2022 TN/OutThere/world/AsiaPacific/East/ChinaRegions/East.pdf
-rw-r--r-- 1 jo jo 18660 Jun 13 11:56 TN/OutThere/world/AsiaPacific/East/ChinaRegions/SouthCentral.md
-rw-r--r-- 1 jo jo 58977 Jun 13 17:25 TN/OutThere/world/AsiaPacific/East/ChinaRegions/SouthCentral.pdf
-rw-r--r-- 1 jo jo 277878 Jul 22 17:36 TN/OutThere/world/AsiaPacific/East/East.md
-rw-r--r-- 1 jo jo 399509 Jul 23 07:40 TN/OutThere/world/AsiaPacific/East/East.pdf
-rw-r--r-- 1 jo jo 60562 Jul  8 09:51 TN/OutThere/world/AsiaPacific/East/Japan/Arts.md
-rw-r--r-- 1 jo jo 146317 Jul  8 09:56 TN/OutThere/world/AsiaPacific/East/Japan/Arts.pdf
-rw-r--r-- 1 jo jo 6512 Mar  4 22:09 TN/OutThere/world/AsiaPacific/East/Japan/Honshu-ShizuokaPrefecture-Hamamatsu.md
-rw-r--r-- 1 jo jo 31215 Mar  4 22:10 TN/OutThere/world/AsiaPacific/East/Japan/Honshu-ShizuokaPrefecture-Hamamatsu.pdf
-rw-r--r-- 1 jo jo 7743 Mar 12  2021 TN/OutThere/world/AsiaPacific/East/Japan/KantoRegion.md
-rw-r--r-- 1 jo jo 47102 Mar 14  2021 TN/OutThere/world/AsiaPacific/East/Japan/KantoRegion.pdf
-rw-r--r-- 1 jo jo 1601 Mar 12  2021 TN/OutThere/world/AsiaPacific/East/Japan/Osaka-Kadoma.md
-rw-r--r-- 1 jo jo 29202 Mar 14  2021 TN/OutThere/world/AsiaPacific/East/Japan/Osaka-Kadoma.pdf
-rw-r--r-- 1 jo jo 67927 Jun 11 08:50 TN/OutThere/world/AsiaPacific/IndianSubcontinant.md
-rw-r--r-- 1 jo jo 118636 Jun 13 17:25 TN/OutThere/world/AsiaPacific/IndianSubcontinant.pdf
-rw-r--r-- 1 jo jo 13399 Jan 24  2022 TN/OutThere/world/AsiaPacific/SouthEast/Indonesia.md
-rw-r--r-- 1 jo jo 49729 Jan 29  2022 TN/OutThere/world/AsiaPacific/SouthEast/Indonesia.pdf
-rw-r--r-- 1 jo jo 56371 Jun  8 09:43 TN/OutThere/world/AsiaPacific/SouthEast/Southeast.md
-rw-r--r-- 1 jo jo 99671 Jun  8 10:47 TN/OutThere/world/AsiaPacific/SouthEast/Southeast.pdf
-rw-r--r-- 1 jo jo 8676 Aug  3  2021 TN/OutThere/world/AsiaPacific/Zealandia.md
-rw-r--r-- 1 jo jo 74696 Aug 11  2021 TN/OutThere/world/AsiaPacific/Zealandia.pdf
-rw-r--r-- 1 jo jo 78538 Jun 29 07:25 TN/OutThere/world/Eurasia/Asia/Asia.md
-rw-r--r-- 1 jo jo 139072 Jun 30 13:22 TN/OutThere/world/Eurasia/Asia/Asia.pdf
-rw-r--r-- 1 jo jo 30721 Jul 29 12:54 TN/OutThere/world/Eurasia/Asia/Levant.md
-rw-r--r-- 1 jo jo 72611 Aug  4 22:51 TN/OutThere/world/Eurasia/Asia/Levant.pdf
-rw-r--r-- 1 jo jo 50420 May 18 01:12 TN/OutThere/world/Eurasia/Eurasia.md
-rw-r--r-- 1 jo jo 92115 May 18 13:22 TN/OutThere/world/Eurasia/Eurasia.pdf
-rw-r--r-- 1 jo jo 38636 Aug  6 06:32 TN/OutThere/world/Eurasia/Europe/Central/Central.md
-rw-r--r-- 1 jo jo 77363 Jul  3 08:50 TN/OutThere/world/Eurasia/Europe/Central/Central.pdf
Pandoc'd TN/OutThere/world/Eurasia/Europe/Central/Central.md
-rw-r--r-- 1 jo jo 114347 Aug  2 12:51 TN/OutThere/world/Eurasia/Europe/Central/Germanic/Germanic.md
-rw-r--r-- 1 jo jo 189715 Aug  4 22:51 TN/OutThere/world/Eurasia/Europe/Central/Germanic/Germanic.pdf
-rw-r--r-- 1 jo jo 260220 Aug  6 06:26 TN/OutThere/world/Eurasia/Europe/Central/Germanic/Germany.md
-rw-r--r-- 1 jo jo 342337 Aug  6 06:24 TN/OutThere/world/Eurasia/Europe/Central/Germanic/Germany.pdf
Pandoc'd TN/OutThere/world/Eurasia/Europe/Central/Germanic/Germany.md
-rw-r--r-- 1 jo jo 37621 Jun 29 07:14 TN/OutThere/world/Eurasia/Europe/Central/Poland.md
-rw-r--r-- 1 jo jo 78158 Jun 30 13:23 TN/OutThere/world/Eurasia/Europe/Central/Poland.pdf
-rw-r--r-- 1 jo jo 33060 Jul 31 20:48 TN/OutThere/world/Eurasia/Europe/Central/Switzerland.md
-rw-r--r-- 1 jo jo 78726 Aug  4 22:51 TN/OutThere/world/Eurasia/Europe/Central/Switzerland.pdf
-rw-r--r-- 1 jo jo 63680 Aug  4 08:25 TN/OutThere/world/Eurasia/Europe/Culture.md
-rw-r--r-- 1 jo jo 129150 Aug  4 22:51 TN/OutThere/world/Eurasia/Europe/Culture.pdf
-rw-r--r-- 1 jo jo 7650 Nov 19  2020 TN/OutThere/world/Eurasia/Europe/DigitalSingleMarket.md
-rw-r--r-- 1 jo jo 41624 Dec  7  2020 TN/OutThere/world/Eurasia/Europe/DigitalSingleMarket.pdf
-rw-r--r-- 1 jo jo 356105 Aug  6 06:39 TN/OutThere/world/Eurasia/Europe/Europe.md
-rw-r--r-- 1 jo jo 504822 Jul 18 09:21 TN/OutThere/world/Eurasia/Europe/Europe.pdf
Pandoc'd TN/OutThere/world/Eurasia/Europe/Europe.md
-rw-r--r-- 1 jo jo 57336 Aug  6 06:00 TN/OutThere/world/Eurasia/Europe/France/Culture/Filmed.md
-rw-r--r-- 1 jo jo 133621 Aug  6 06:24 TN/OutThere/world/Eurasia/Europe/France/Culture/Filmed.pdf
-rw-r--r-- 1 jo jo 73050 Feb  1  2022 TN/OutThere/world/Eurasia/Europe/France/Culture/Literary.md
-rw-r--r-- 1 jo jo 140704 Feb  6 23:40 TN/OutThere/world/Eurasia/Europe/France/Culture/Literary.pdf
-rw-r--r-- 1 jo jo 219697 Jul 26 13:11 TN/OutThere/world/Eurasia/Europe/France/France.md
-rw-r--r-- 1 jo jo 329002 Jul 28 08:54 TN/OutThere/world/Eurasia/Europe/France/France.pdf
-rw-r--r-- 1 jo jo 52508 Jul 26 10:34 TN/OutThere/world/Eurasia/Europe/IberianPeninsula.md
-rw-r--r-- 1 jo jo 102459 Jul 28 08:54 TN/OutThere/world/Eurasia/Europe/IberianPeninsula.pdf
-rw-r--r-- 1 jo jo 13568 Dec  8  2021 TN/OutThere/world/Eurasia/Europe/Nordic_countries/Finland.md
-rw-r--r-- 1 jo jo 44343 Dec  8  2021 TN/OutThere/world/Eurasia/Europe/Nordic_countries/Finland.pdf
-rw-r--r-- 1 jo jo 21035 Jul  7 20:01 TN/OutThere/world/Eurasia/Europe/Nordic_countries/Scandinavia/Denmark.md
-rw-r--r-- 1 jo jo 56401 Jul  7 21:06 TN/OutThere/world/Eurasia/Europe/Nordic_countries/Scandinavia/Denmark.pdf
-rw-r--r-- 1 jo jo 27443 Nov 19  2020 TN/OutThere/world/Eurasia/Europe/Nordic_countries/Scandinavia/Norway.md
-rw-r--r-- 1 jo jo 66922 Dec  7  2020 TN/OutThere/world/Eurasia/Europe/Nordic_countries/Scandinavia/Norway.pdf
-rw-r--r-- 1 jo jo 35532 Jul  9 08:54 TN/OutThere/world/Eurasia/Europe/Nordic_countries/Scandinavia/Norway/Norway.md
-rw-r--r-- 1 jo jo 65655 Jul 18 09:21 TN/OutThere/world/Eurasia/Europe/Nordic_countries/Scandinavia/Norway/Norway.pdf
-rw-r--r-- 1 jo jo 12841 Jul  9 09:07 TN/OutThere/world/Eurasia/Europe/Nordic_countries/Scandinavia/Norway/Western-Bergen.md
-rw-r--r-- 1 jo jo 41596 Jul 18 09:21 TN/OutThere/world/Eurasia/Europe/Nordic_countries/Scandinavia/Norway/Western-Bergen.pdf
-rw-r--r-- 1 jo jo 34942 Jul  8 13:22 TN/OutThere/world/Eurasia/Europe/Nordic_countries/Scandinavia/Sweden.md
-rw-r--r-- 1 jo jo 87976 Jul 18 09:22 TN/OutThere/world/Eurasia/Europe/Nordic_countries/Scandinavia/Sweden.pdf
-rw-r--r-- 1 jo jo 31341 May 18 01:12 TN/OutThere/world/Eurasia/Europe/RoI/Arts.md
-rw-r--r-- 1 jo jo 63759 May 18 13:23 TN/OutThere/world/Eurasia/Europe/RoI/Arts.pdf
-rw-r--r-- 1 jo jo 23398 Jul  1 08:02 TN/OutThere/world/Eurasia/Europe/RoI/RoI.md
-rw-r--r-- 1 jo jo 64373 Jul  3 08:50 TN/OutThere/world/Eurasia/Europe/RoI/RoI.pdf
-rw-r--r-- 1 jo jo 93918 Jul  4 12:35 TN/OutThere/world/Eurasia/Russia.md
-rw-r--r-- 1 jo jo 162389 Jul  7 12:32 TN/OutThere/world/Eurasia/Russia.pdf
-rw-r--r-- 1 jo jo 204866 Apr 29 12:57 TN/OutThere/world/Eurasia/UK/Arts/Arts.md
-rw-r--r-- 1 jo jo 339584 Apr 29 16:36 TN/OutThere/world/Eurasia/UK/Arts/Arts.pdf
-rw-r--r-- 1 jo jo 222734 Aug  3 09:51 TN/OutThere/world/Eurasia/UK/Arts/Music.md
-rw-r--r-- 1 jo jo 388112 Aug  4 22:52 TN/OutThere/world/Eurasia/UK/Arts/Music.pdf
-rw-r--r-- 1 jo jo 259300 Dec 22  2021 TN/OutThere/world/Eurasia/UK/Arts/Writers.md
-rw-r--r-- 1 jo jo 392073 Dec 23  2021 TN/OutThere/world/Eurasia/UK/Arts/Writers.pdf
-rw-r--r-- 1 jo jo 13524 Sep 22  2021 TN/OutThere/world/Eurasia/UK/BrexitOutcomes.md
-rw-r--r-- 1 jo jo 51605 Sep 25  2021 TN/OutThere/world/Eurasia/UK/BrexitOutcomes.pdf
-rw-r--r-- 1 jo jo 200541 Jul 18 09:54 TN/OutThere/world/Eurasia/UK/History-1661-.md
-rw-r--r-- 1 jo jo 284029 Jul 19 16:15 TN/OutThere/world/Eurasia/UK/History-1661-.pdf
-rw-r--r-- 1 jo jo 108815 Dec 13  2021 TN/OutThere/world/Eurasia/UK/History.md
-rw-r--r-- 1 jo jo 171752 Dec 15  2021 TN/OutThere/world/Eurasia/UK/History.pdf
-rw-r--r-- 1 jo jo 243059 Aug  5 10:57 TN/OutThere/world/Eurasia/UK/UK.md
-rw-r--r-- 1 jo jo 378426 Aug  6 06:24 TN/OutThere/world/Eurasia/UK/UK.pdf
-rw-r--r-- 1 jo jo 109704 Feb 13  2021 TN/OutThere/world/history.md
-rw-r--r-- 1 jo jo 156027 Feb 17  2021 TN/OutThere/world/history.pdf
-rw-r--r-- 1 jo jo 6257 Nov 15  2021 TN/OutThere/world/oceans.md
-rw-r--r-- 1 jo jo 38800 Nov 16  2021 TN/OutThere/world/oceans.pdf
-rw-r--r-- 1 jo jo 153328 Aug  4 08:04 TN/OutThere/world/stability.md
-rw-r--r-- 1 jo jo 218358 Aug  4 22:52 TN/OutThere/world/stability.pdf
-rw-r--r-- 1 jo jo 51478 Jul  4 11:51 TN/OutThere/world/west/Arts/Arts.md
-rw-r--r-- 1 jo jo 115512 Jul  7 12:33 TN/OutThere/world/west/Arts/Arts.pdf
-rw-r--r-- 1 jo jo 106389 Jun 19 11:48 TN/OutThere/world/west/Arts/Filmic.md
-rw-r--r-- 1 jo jo 193738 Jun 21 08:51 TN/OutThere/world/west/Arts/Filmic.pdf
-rw-r--r-- 1 jo jo 93485 Jun 13 17:47 TN/OutThere/world/west/People.md
-rw-r--r-- 1 jo jo 141357 Jun 13 17:49 TN/OutThere/world/west/People.pdf
-rw-r--r-- 1 jo jo 104228 Jul 15 10:29 TN/OutThere/world/west/West.md
-rw-r--r-- 1 jo jo 159444 Jul 18 09:22 TN/OutThere/world/west/West.pdf
-rw-r--r-- 1 jo jo 233710 Jul  7 13:08 TN/OutThere/world/world.md
-rw-r--r-- 1 jo jo 342835 Jul  7 21:07 TN/OutThere/world/world.pdf
-rw-r--r-- 1 jo jo 36 Aug  5 20:48 TN/Scratch/scratch0.md
-rw-r--r-- 1 jo jo 9755 Aug  6 06:24 TN/Scratch/scratch0.pdf
-rw-r--r-- 1 jo jo 36 Feb 22 21:59 TN/Scratch/scratch1.md
-rw-r--r-- 1 jo jo 15865 Feb 25 09:22 TN/Scratch/scratch1.pdf
